SF:/Users/ocdbytes/Desktop/Projects🧰/btcxvm-study/bee-vm/src/errors.rs
FN:3,_RNvXs_NtCslGz6mdI36Dx_6bee_vm6errorsNtB4_12OpCodeErrorsNtNtCsliVzVx4luf9_4core3fmt7Display3fmt
FN:29,_RNvXs4_NtCslGz6mdI36Dx_6bee_vm6errorsNtB5_17InputParsingErrorNtNtCsliVzVx4luf9_4core3fmt7Display3fmt
FNDA:7,_RNvXs_NtCslGz6mdI36Dx_6bee_vm6errorsNtB4_12OpCodeErrorsNtNtCsliVzVx4luf9_4core3fmt7Display3fmt
FNDA:0,_RNvXs4_NtCslGz6mdI36Dx_6bee_vm6errorsNtB5_17InputParsingErrorNtNtCsliVzVx4luf9_4core3fmt7Display3fmt
FNF:2
FNH:1
DA:3,7
DA:29,0
BRF:0
BRH:0
LF:2
LH:1
end_of_record
SF:/Users/ocdbytes/Desktop/Projects🧰/btcxvm-study/bee-vm/src/main.rs
FN:43,_RNvCslGz6mdI36Dx_6bee_vm4main
FNDA:0,_RNvCslGz6mdI36Dx_6bee_vm4main
FNF:1
FNH:0
DA:43,0
DA:44,0
DA:45,0
DA:46,0
DA:48,0
DA:50,0
DA:51,0
DA:52,0
DA:53,0
DA:54,0
DA:55,0
DA:56,0
BRF:0
BRH:0
LF:12
LH:0
end_of_record
SF:/Users/ocdbytes/Desktop/Projects🧰/btcxvm-study/bee-vm/src/opcodes/arithmetic_ops/abs.rs
FN:28,_RNvNtNtNtNtNtCslGz6mdI36Dx_6bee_vm7opcodes14arithmetic_ops3abs15test_opcode_abs8test_abss_6case_1
FN:28,_RNvNtNtNtNtNtCslGz6mdI36Dx_6bee_vm7opcodes14arithmetic_ops3abs15test_opcode_abs8test_abss_6case_2
FN:11,_RNvNtNtNtCslGz6mdI36Dx_6bee_vm7opcodes14arithmetic_ops3abs3abs
FN:28,_RNvNtNtNtNtCslGz6mdI36Dx_6bee_vm7opcodes14arithmetic_ops3abs15test_opcode_abs8test_abs
FNDA:1,_RNvNtNtNtNtNtCslGz6mdI36Dx_6bee_vm7opcodes14arithmetic_ops3abs15test_opcode_abs8test_abss_6case_1
FNDA:1,_RNvNtNtNtNtNtCslGz6mdI36Dx_6bee_vm7opcodes14arithmetic_ops3abs15test_opcode_abs8test_abss_6case_2
FNDA:2,_RNvNtNtNtCslGz6mdI36Dx_6bee_vm7opcodes14arithmetic_ops3abs3abs
FNDA:2,_RNvNtNtNtNtCslGz6mdI36Dx_6bee_vm7opcodes14arithmetic_ops3abs15test_opcode_abs8test_abs
FNF:2
FNH:2
DA:11,2
DA:12,2
DA:13,2
DA:14,0
DA:15,0
DA:17,2
DA:18,2
DA:19,2
DA:20,2
DA:28,2
BRF:0
BRH:0
LF:10
LH:8
end_of_record
SF:/Users/ocdbytes/Desktop/Projects🧰/btcxvm-study/bee-vm/src/opcodes/arithmetic_ops/add.rs
FN:36,_RNvNtNtNtNtNtCslGz6mdI36Dx_6bee_vm7opcodes14arithmetic_ops3add15test_opcode_add8test_adds_6case_1
FN:36,_RNvNtNtNtNtNtCslGz6mdI36Dx_6bee_vm7opcodes14arithmetic_ops3add15test_opcode_add8test_adds_6case_2
FN:36,_RNvNtNtNtNtCslGz6mdI36Dx_6bee_vm7opcodes14arithmetic_ops3add15test_opcode_add8test_add
FN:14,_RNvNtNtNtCslGz6mdI36Dx_6bee_vm7opcodes14arithmetic_ops3add3add
FNDA:1,_RNvNtNtNtNtNtCslGz6mdI36Dx_6bee_vm7opcodes14arithmetic_ops3add15test_opcode_add8test_adds_6case_1
FNDA:1,_RNvNtNtNtNtNtCslGz6mdI36Dx_6bee_vm7opcodes14arithmetic_ops3add15test_opcode_add8test_adds_6case_2
FNDA:2,_RNvNtNtNtNtCslGz6mdI36Dx_6bee_vm7opcodes14arithmetic_ops3add15test_opcode_add8test_add
FNDA:9,_RNvNtNtNtCslGz6mdI36Dx_6bee_vm7opcodes14arithmetic_ops3add3add
FNF:2
FNH:2
DA:14,9
DA:15,9
DA:16,9
DA:17,0
DA:18,0
DA:20,9
DA:21,9
DA:22,0
DA:23,0
DA:25,9
DA:26,9
DA:27,9
DA:28,9
DA:36,2
BRF:0
BRH:0
LF:14
LH:10
end_of_record
SF:/Users/ocdbytes/Desktop/Projects🧰/btcxvm-study/bee-vm/src/opcodes/arithmetic_ops/add1.rs
FN:11,_RNvNtNtNtCslGz6mdI36Dx_6bee_vm7opcodes14arithmetic_ops4add15add_1
FN:27,_RNvNtNtNtNtNtCslGz6mdI36Dx_6bee_vm7opcodes14arithmetic_ops4add117test_opcode_add_110test_add_1s_6case_1
FN:27,_RNvNtNtNtNtNtCslGz6mdI36Dx_6bee_vm7opcodes14arithmetic_ops4add117test_opcode_add_110test_add_1s_6case_2
FN:27,_RNvNtNtNtNtCslGz6mdI36Dx_6bee_vm7opcodes14arithmetic_ops4add117test_opcode_add_110test_add_1
FNDA:2,_RNvNtNtNtCslGz6mdI36Dx_6bee_vm7opcodes14arithmetic_ops4add15add_1
FNDA:1,_RNvNtNtNtNtNtCslGz6mdI36Dx_6bee_vm7opcodes14arithmetic_ops4add117test_opcode_add_110test_add_1s_6case_1
FNDA:1,_RNvNtNtNtNtNtCslGz6mdI36Dx_6bee_vm7opcodes14arithmetic_ops4add117test_opcode_add_110test_add_1s_6case_2
FNDA:2,_RNvNtNtNtNtCslGz6mdI36Dx_6bee_vm7opcodes14arithmetic_ops4add117test_opcode_add_110test_add_1
FNF:2
FNH:2
DA:11,2
DA:12,2
DA:13,2
DA:14,0
DA:15,0
DA:16,2
DA:17,2
DA:18,2
DA:19,2
DA:27,2
BRF:0
BRH:0
LF:10
LH:8
end_of_record
SF:/Users/ocdbytes/Desktop/Projects🧰/btcxvm-study/bee-vm/src/opcodes/arithmetic_ops/bool_and.rs
FN:14,_RNvNtNtNtCslGz6mdI36Dx_6bee_vm7opcodes14arithmetic_ops8bool_and8bool_and
FN:39,_RNvNtNtNtNtNtCslGz6mdI36Dx_6bee_vm7opcodes14arithmetic_ops8bool_and20test_opcode_bool_and13test_bool_ands_6case_1
FN:39,_RNvNtNtNtNtNtCslGz6mdI36Dx_6bee_vm7opcodes14arithmetic_ops8bool_and20test_opcode_bool_and13test_bool_ands_6case_2
FN:39,_RNvNtNtNtNtCslGz6mdI36Dx_6bee_vm7opcodes14arithmetic_ops8bool_and20test_opcode_bool_and13test_bool_and
FNDA:2,_RNvNtNtNtCslGz6mdI36Dx_6bee_vm7opcodes14arithmetic_ops8bool_and8bool_and
FNDA:1,_RNvNtNtNtNtNtCslGz6mdI36Dx_6bee_vm7opcodes14arithmetic_ops8bool_and20test_opcode_bool_and13test_bool_ands_6case_1
FNDA:1,_RNvNtNtNtNtNtCslGz6mdI36Dx_6bee_vm7opcodes14arithmetic_ops8bool_and20test_opcode_bool_and13test_bool_ands_6case_2
FNDA:2,_RNvNtNtNtNtCslGz6mdI36Dx_6bee_vm7opcodes14arithmetic_ops8bool_and20test_opcode_bool_and13test_bool_and
FNF:2
FNH:2
DA:14,2
DA:15,2
DA:16,2
DA:17,0
DA:18,0
DA:19,2
DA:20,2
DA:21,0
DA:22,0
DA:24,2
DA:25,1
DA:26,1
DA:27,1
DA:28,1
DA:30,2
DA:31,2
DA:39,2
BRF:0
BRH:0
LF:17
LH:13
end_of_record
SF:/Users/ocdbytes/Desktop/Projects🧰/btcxvm-study/bee-vm/src/opcodes/arithmetic_ops/bool_or.rs
FN:39,_RNvNtNtNtNtCslGz6mdI36Dx_6bee_vm7opcodes14arithmetic_ops7bool_or19test_opcode_bool_or12test_bool_or
FN:14,_RNvNtNtNtCslGz6mdI36Dx_6bee_vm7opcodes14arithmetic_ops7bool_or7bool_or
FN:39,_RNvNtNtNtNtNtCslGz6mdI36Dx_6bee_vm7opcodes14arithmetic_ops7bool_or19test_opcode_bool_or12test_bool_ors_6case_1
FN:39,_RNvNtNtNtNtNtCslGz6mdI36Dx_6bee_vm7opcodes14arithmetic_ops7bool_or19test_opcode_bool_or12test_bool_ors_6case_2
FN:39,_RNvNtNtNtNtNtCslGz6mdI36Dx_6bee_vm7opcodes14arithmetic_ops7bool_or19test_opcode_bool_or12test_bool_ors_6case_3
FNDA:3,_RNvNtNtNtNtCslGz6mdI36Dx_6bee_vm7opcodes14arithmetic_ops7bool_or19test_opcode_bool_or12test_bool_or
FNDA:3,_RNvNtNtNtCslGz6mdI36Dx_6bee_vm7opcodes14arithmetic_ops7bool_or7bool_or
FNDA:1,_RNvNtNtNtNtNtCslGz6mdI36Dx_6bee_vm7opcodes14arithmetic_ops7bool_or19test_opcode_bool_or12test_bool_ors_6case_1
FNDA:1,_RNvNtNtNtNtNtCslGz6mdI36Dx_6bee_vm7opcodes14arithmetic_ops7bool_or19test_opcode_bool_or12test_bool_ors_6case_2
FNDA:1,_RNvNtNtNtNtNtCslGz6mdI36Dx_6bee_vm7opcodes14arithmetic_ops7bool_or19test_opcode_bool_or12test_bool_ors_6case_3
FNF:2
FNH:2
DA:14,3
DA:15,3
DA:16,3
DA:17,0
DA:18,0
DA:19,3
DA:20,3
DA:21,0
DA:22,0
DA:24,3
DA:25,2
DA:26,2
DA:27,1
DA:28,1
DA:30,3
DA:31,3
DA:39,3
BRF:0
BRH:0
LF:17
LH:13
end_of_record
SF:/Users/ocdbytes/Desktop/Projects🧰/btcxvm-study/bee-vm/src/opcodes/arithmetic_ops/greater_than.rs
FN:47,_RNvNtNtNtNtCslGz6mdI36Dx_6bee_vm7opcodes14arithmetic_ops12greater_than24test_opcode_greater_than17test_greater_than
FN:14,_RNvNtNtNtCslGz6mdI36Dx_6bee_vm7opcodes14arithmetic_ops12greater_than12greater_than
FN:47,_RNvNtNtNtNtNtCslGz6mdI36Dx_6bee_vm7opcodes14arithmetic_ops12greater_than24test_opcode_greater_than17test_greater_thans_6case_1
FN:47,_RNvNtNtNtNtNtCslGz6mdI36Dx_6bee_vm7opcodes14arithmetic_ops12greater_than24test_opcode_greater_than17test_greater_thans_6case_2
FNDA:2,_RNvNtNtNtNtCslGz6mdI36Dx_6bee_vm7opcodes14arithmetic_ops12greater_than24test_opcode_greater_than17test_greater_than
FNDA:2,_RNvNtNtNtCslGz6mdI36Dx_6bee_vm7opcodes14arithmetic_ops12greater_than12greater_than
FNDA:1,_RNvNtNtNtNtNtCslGz6mdI36Dx_6bee_vm7opcodes14arithmetic_ops12greater_than24test_opcode_greater_than17test_greater_thans_6case_1
FNDA:1,_RNvNtNtNtNtNtCslGz6mdI36Dx_6bee_vm7opcodes14arithmetic_ops12greater_than24test_opcode_greater_than17test_greater_thans_6case_2
FNF:2
FNH:2
DA:14,2
DA:15,2
DA:16,2
DA:18,0
DA:19,0
DA:20,0
DA:22,0
DA:23,2
DA:24,2
DA:26,0
DA:27,0
DA:28,0
DA:30,0
DA:32,2
DA:33,1
DA:34,1
DA:35,1
DA:36,1
DA:38,2
DA:39,2
DA:47,2
BRF:0
BRH:0
LF:21
LH:13
end_of_record
SF:/Users/ocdbytes/Desktop/Projects🧰/btcxvm-study/bee-vm/src/opcodes/arithmetic_ops/greater_than_or_equal.rs
FN:14,_RNvNtNtNtCslGz6mdI36Dx_6bee_vm7opcodes14arithmetic_ops21greater_than_or_equal21greater_than_or_equal
FN:47,_RNvNtNtNtNtNtCslGz6mdI36Dx_6bee_vm7opcodes14arithmetic_ops21greater_than_or_equal33test_opcode_greater_than_or_equal26test_greater_than_or_equals_6case_1
FN:47,_RNvNtNtNtNtNtCslGz6mdI36Dx_6bee_vm7opcodes14arithmetic_ops21greater_than_or_equal33test_opcode_greater_than_or_equal26test_greater_than_or_equals_6case_2
FN:47,_RNvNtNtNtNtNtCslGz6mdI36Dx_6bee_vm7opcodes14arithmetic_ops21greater_than_or_equal33test_opcode_greater_than_or_equal26test_greater_than_or_equals_6case_3
FN:47,_RNvNtNtNtNtCslGz6mdI36Dx_6bee_vm7opcodes14arithmetic_ops21greater_than_or_equal33test_opcode_greater_than_or_equal26test_greater_than_or_equal
FNDA:3,_RNvNtNtNtCslGz6mdI36Dx_6bee_vm7opcodes14arithmetic_ops21greater_than_or_equal21greater_than_or_equal
FNDA:1,_RNvNtNtNtNtNtCslGz6mdI36Dx_6bee_vm7opcodes14arithmetic_ops21greater_than_or_equal33test_opcode_greater_than_or_equal26test_greater_than_or_equals_6case_1
FNDA:1,_RNvNtNtNtNtNtCslGz6mdI36Dx_6bee_vm7opcodes14arithmetic_ops21greater_than_or_equal33test_opcode_greater_than_or_equal26test_greater_than_or_equals_6case_2
FNDA:1,_RNvNtNtNtNtNtCslGz6mdI36Dx_6bee_vm7opcodes14arithmetic_ops21greater_than_or_equal33test_opcode_greater_than_or_equal26test_greater_than_or_equals_6case_3
FNDA:3,_RNvNtNtNtNtCslGz6mdI36Dx_6bee_vm7opcodes14arithmetic_ops21greater_than_or_equal33test_opcode_greater_than_or_equal26test_greater_than_or_equal
FNF:2
FNH:2
DA:14,3
DA:15,3
DA:16,3
DA:18,0
DA:19,0
DA:20,0
DA:22,0
DA:23,3
DA:24,3
DA:26,0
DA:27,0
DA:28,0
DA:30,0
DA:32,3
DA:33,2
DA:34,2
DA:35,1
DA:36,1
DA:38,3
DA:39,3
DA:47,3
BRF:0
BRH:0
LF:21
LH:13
end_of_record
SF:/Users/ocdbytes/Desktop/Projects🧰/btcxvm-study/bee-vm/src/opcodes/arithmetic_ops/less_than.rs
FN:47,_RNvNtNtNtNtCslGz6mdI36Dx_6bee_vm7opcodes14arithmetic_ops9less_than21test_opcode_less_than14test_less_than
FN:14,_RNvNtNtNtCslGz6mdI36Dx_6bee_vm7opcodes14arithmetic_ops9less_than9less_than
FN:47,_RNvNtNtNtNtNtCslGz6mdI36Dx_6bee_vm7opcodes14arithmetic_ops9less_than21test_opcode_less_than14test_less_thans_6case_1
FN:47,_RNvNtNtNtNtNtCslGz6mdI36Dx_6bee_vm7opcodes14arithmetic_ops9less_than21test_opcode_less_than14test_less_thans_6case_2
FNDA:2,_RNvNtNtNtNtCslGz6mdI36Dx_6bee_vm7opcodes14arithmetic_ops9less_than21test_opcode_less_than14test_less_than
FNDA:2,_RNvNtNtNtCslGz6mdI36Dx_6bee_vm7opcodes14arithmetic_ops9less_than9less_than
FNDA:1,_RNvNtNtNtNtNtCslGz6mdI36Dx_6bee_vm7opcodes14arithmetic_ops9less_than21test_opcode_less_than14test_less_thans_6case_1
FNDA:1,_RNvNtNtNtNtNtCslGz6mdI36Dx_6bee_vm7opcodes14arithmetic_ops9less_than21test_opcode_less_than14test_less_thans_6case_2
FNF:2
FNH:2
DA:14,2
DA:15,2
DA:16,2
DA:18,0
DA:19,0
DA:20,0
DA:22,0
DA:23,2
DA:24,2
DA:26,0
DA:27,0
DA:28,0
DA:30,0
DA:32,2
DA:33,1
DA:34,1
DA:35,1
DA:36,1
DA:38,2
DA:39,2
DA:47,2
BRF:0
BRH:0
LF:21
LH:13
end_of_record
SF:/Users/ocdbytes/Desktop/Projects🧰/btcxvm-study/bee-vm/src/opcodes/arithmetic_ops/less_than_or_equal.rs
FN:14,_RNvNtNtNtCslGz6mdI36Dx_6bee_vm7opcodes14arithmetic_ops18less_than_or_equal18less_than_or_equal
FN:47,_RNvNtNtNtNtNtCslGz6mdI36Dx_6bee_vm7opcodes14arithmetic_ops18less_than_or_equal30test_opcode_less_than_or_equal23test_less_than_or_equals_6case_1
FN:47,_RNvNtNtNtNtNtCslGz6mdI36Dx_6bee_vm7opcodes14arithmetic_ops18less_than_or_equal30test_opcode_less_than_or_equal23test_less_than_or_equals_6case_2
FN:47,_RNvNtNtNtNtNtCslGz6mdI36Dx_6bee_vm7opcodes14arithmetic_ops18less_than_or_equal30test_opcode_less_than_or_equal23test_less_than_or_equals_6case_3
FN:47,_RNvNtNtNtNtCslGz6mdI36Dx_6bee_vm7opcodes14arithmetic_ops18less_than_or_equal30test_opcode_less_than_or_equal23test_less_than_or_equal
FNDA:3,_RNvNtNtNtCslGz6mdI36Dx_6bee_vm7opcodes14arithmetic_ops18less_than_or_equal18less_than_or_equal
FNDA:1,_RNvNtNtNtNtNtCslGz6mdI36Dx_6bee_vm7opcodes14arithmetic_ops18less_than_or_equal30test_opcode_less_than_or_equal23test_less_than_or_equals_6case_1
FNDA:1,_RNvNtNtNtNtNtCslGz6mdI36Dx_6bee_vm7opcodes14arithmetic_ops18less_than_or_equal30test_opcode_less_than_or_equal23test_less_than_or_equals_6case_2
FNDA:1,_RNvNtNtNtNtNtCslGz6mdI36Dx_6bee_vm7opcodes14arithmetic_ops18less_than_or_equal30test_opcode_less_than_or_equal23test_less_than_or_equals_6case_3
FNDA:3,_RNvNtNtNtNtCslGz6mdI36Dx_6bee_vm7opcodes14arithmetic_ops18less_than_or_equal30test_opcode_less_than_or_equal23test_less_than_or_equal
FNF:2
FNH:2
DA:14,3
DA:15,3
DA:16,3
DA:18,0
DA:19,0
DA:20,0
DA:22,0
DA:23,3
DA:24,3
DA:26,0
DA:27,0
DA:28,0
DA:30,0
DA:32,3
DA:33,2
DA:34,2
DA:35,1
DA:36,1
DA:38,3
DA:39,3
DA:47,3
BRF:0
BRH:0
LF:21
LH:13
end_of_record
SF:/Users/ocdbytes/Desktop/Projects🧰/btcxvm-study/bee-vm/src/opcodes/arithmetic_ops/max.rs
FN:15,_RNvNtNtNtCslGz6mdI36Dx_6bee_vm7opcodes14arithmetic_ops3max3max
FN:36,_RNvNtNtNtNtCslGz6mdI36Dx_6bee_vm7opcodes14arithmetic_ops3max15test_opcode_max8test_max
FN:36,_RNvNtNtNtNtNtCslGz6mdI36Dx_6bee_vm7opcodes14arithmetic_ops3max15test_opcode_max8test_maxs_6case_1
FN:36,_RNvNtNtNtNtNtCslGz6mdI36Dx_6bee_vm7opcodes14arithmetic_ops3max15test_opcode_max8test_maxs_6case_2
FN:36,_RNvNtNtNtNtNtCslGz6mdI36Dx_6bee_vm7opcodes14arithmetic_ops3max15test_opcode_max8test_maxs_6case_3
FNDA:3,_RNvNtNtNtCslGz6mdI36Dx_6bee_vm7opcodes14arithmetic_ops3max3max
FNDA:3,_RNvNtNtNtNtCslGz6mdI36Dx_6bee_vm7opcodes14arithmetic_ops3max15test_opcode_max8test_max
FNDA:1,_RNvNtNtNtNtNtCslGz6mdI36Dx_6bee_vm7opcodes14arithmetic_ops3max15test_opcode_max8test_maxs_6case_1
FNDA:1,_RNvNtNtNtNtNtCslGz6mdI36Dx_6bee_vm7opcodes14arithmetic_ops3max15test_opcode_max8test_maxs_6case_2
FNDA:1,_RNvNtNtNtNtNtCslGz6mdI36Dx_6bee_vm7opcodes14arithmetic_ops3max15test_opcode_max8test_maxs_6case_3
FNF:2
FNH:2
DA:15,3
DA:16,3
DA:17,3
DA:18,0
DA:19,0
DA:20,3
DA:21,3
DA:22,0
DA:23,0
DA:25,3
DA:26,3
DA:27,3
DA:28,3
DA:36,3
BRF:0
BRH:0
LF:14
LH:10
end_of_record
SF:/Users/ocdbytes/Desktop/Projects🧰/btcxvm-study/bee-vm/src/opcodes/arithmetic_ops/min.rs
FN:36,_RNvNtNtNtNtCslGz6mdI36Dx_6bee_vm7opcodes14arithmetic_ops3min15test_opcode_min8test_min
FN:36,_RNvNtNtNtNtNtCslGz6mdI36Dx_6bee_vm7opcodes14arithmetic_ops3min15test_opcode_min8test_mins_6case_1
FN:36,_RNvNtNtNtNtNtCslGz6mdI36Dx_6bee_vm7opcodes14arithmetic_ops3min15test_opcode_min8test_mins_6case_2
FN:36,_RNvNtNtNtNtNtCslGz6mdI36Dx_6bee_vm7opcodes14arithmetic_ops3min15test_opcode_min8test_mins_6case_3
FN:15,_RNvNtNtNtCslGz6mdI36Dx_6bee_vm7opcodes14arithmetic_ops3min3min
FNDA:3,_RNvNtNtNtNtCslGz6mdI36Dx_6bee_vm7opcodes14arithmetic_ops3min15test_opcode_min8test_min
FNDA:1,_RNvNtNtNtNtNtCslGz6mdI36Dx_6bee_vm7opcodes14arithmetic_ops3min15test_opcode_min8test_mins_6case_1
FNDA:1,_RNvNtNtNtNtNtCslGz6mdI36Dx_6bee_vm7opcodes14arithmetic_ops3min15test_opcode_min8test_mins_6case_2
FNDA:1,_RNvNtNtNtNtNtCslGz6mdI36Dx_6bee_vm7opcodes14arithmetic_ops3min15test_opcode_min8test_mins_6case_3
FNDA:3,_RNvNtNtNtCslGz6mdI36Dx_6bee_vm7opcodes14arithmetic_ops3min3min
FNF:2
FNH:2
DA:15,3
DA:16,3
DA:17,3
DA:18,0
DA:19,0
DA:20,3
DA:21,3
DA:22,0
DA:23,0
DA:25,3
DA:26,3
DA:27,3
DA:28,3
DA:36,3
BRF:0
BRH:0
LF:14
LH:10
end_of_record
SF:/Users/ocdbytes/Desktop/Projects🧰/btcxvm-study/bee-vm/src/opcodes/arithmetic_ops/negate.rs
FN:29,_RNvNtNtNtNtCslGz6mdI36Dx_6bee_vm7opcodes14arithmetic_ops6negate18test_opcode_negate11test_negate
FN:11,_RNvNtNtNtCslGz6mdI36Dx_6bee_vm7opcodes14arithmetic_ops6negate6negate
FN:29,_RNvNtNtNtNtNtCslGz6mdI36Dx_6bee_vm7opcodes14arithmetic_ops6negate18test_opcode_negate11test_negates_6case_1
FN:29,_RNvNtNtNtNtNtCslGz6mdI36Dx_6bee_vm7opcodes14arithmetic_ops6negate18test_opcode_negate11test_negates_6case_2
FNDA:2,_RNvNtNtNtNtCslGz6mdI36Dx_6bee_vm7opcodes14arithmetic_ops6negate18test_opcode_negate11test_negate
FNDA:2,_RNvNtNtNtCslGz6mdI36Dx_6bee_vm7opcodes14arithmetic_ops6negate6negate
FNDA:1,_RNvNtNtNtNtNtCslGz6mdI36Dx_6bee_vm7opcodes14arithmetic_ops6negate18test_opcode_negate11test_negates_6case_1
FNDA:1,_RNvNtNtNtNtNtCslGz6mdI36Dx_6bee_vm7opcodes14arithmetic_ops6negate18test_opcode_negate11test_negates_6case_2
FNF:2
FNH:2
DA:11,2
DA:12,2
DA:13,2
DA:14,2
DA:15,0
DA:18,2
DA:19,2
DA:20,2
DA:21,2
DA:29,2
BRF:0
BRH:0
LF:10
LH:9
end_of_record
SF:/Users/ocdbytes/Desktop/Projects🧰/btcxvm-study/bee-vm/src/opcodes/arithmetic_ops/not.rs
FN:10,_RNvNtNtNtCslGz6mdI36Dx_6bee_vm7opcodes14arithmetic_ops3not3not
FN:35,_RNvNtNtNtNtCslGz6mdI36Dx_6bee_vm7opcodes14arithmetic_ops3not15test_opcode_not8test_not
FN:35,_RNvNtNtNtNtNtCslGz6mdI36Dx_6bee_vm7opcodes14arithmetic_ops3not15test_opcode_not8test_nots_6case_1
FN:35,_RNvNtNtNtNtNtCslGz6mdI36Dx_6bee_vm7opcodes14arithmetic_ops3not15test_opcode_not8test_nots_6case_2
FN:35,_RNvNtNtNtNtNtCslGz6mdI36Dx_6bee_vm7opcodes14arithmetic_ops3not15test_opcode_not8test_nots_6case_3
FNDA:3,_RNvNtNtNtCslGz6mdI36Dx_6bee_vm7opcodes14arithmetic_ops3not3not
FNDA:3,_RNvNtNtNtNtCslGz6mdI36Dx_6bee_vm7opcodes14arithmetic_ops3not15test_opcode_not8test_not
FNDA:1,_RNvNtNtNtNtNtCslGz6mdI36Dx_6bee_vm7opcodes14arithmetic_ops3not15test_opcode_not8test_nots_6case_1
FNDA:1,_RNvNtNtNtNtNtCslGz6mdI36Dx_6bee_vm7opcodes14arithmetic_ops3not15test_opcode_not8test_nots_6case_2
FNDA:1,_RNvNtNtNtNtNtCslGz6mdI36Dx_6bee_vm7opcodes14arithmetic_ops3not15test_opcode_not8test_nots_6case_3
FNF:2
FNH:2
DA:10,3
DA:11,3
DA:12,3
DA:13,3
DA:14,3
DA:15,3
DA:16,1
DA:17,2
DA:18,1
DA:19,1
DA:20,1
DA:21,1
DA:23,0
DA:26,3
DA:27,3
DA:35,3
BRF:0
BRH:0
LF:16
LH:15
end_of_record
SF:/Users/ocdbytes/Desktop/Projects🧰/btcxvm-study/bee-vm/src/opcodes/arithmetic_ops/num_equal.rs
FN:47,_RNvNtNtNtNtNtCslGz6mdI36Dx_6bee_vm7opcodes14arithmetic_ops9num_equal21test_opcode_num_equal14test_num_equals_6case_1
FN:47,_RNvNtNtNtNtNtCslGz6mdI36Dx_6bee_vm7opcodes14arithmetic_ops9num_equal21test_opcode_num_equal14test_num_equals_6case_2
FN:47,_RNvNtNtNtNtNtCslGz6mdI36Dx_6bee_vm7opcodes14arithmetic_ops9num_equal21test_opcode_num_equal14test_num_equals_6case_3
FN:14,_RNvNtNtNtCslGz6mdI36Dx_6bee_vm7opcodes14arithmetic_ops9num_equal9num_equal
FN:47,_RNvNtNtNtNtCslGz6mdI36Dx_6bee_vm7opcodes14arithmetic_ops9num_equal21test_opcode_num_equal14test_num_equal
FNDA:1,_RNvNtNtNtNtNtCslGz6mdI36Dx_6bee_vm7opcodes14arithmetic_ops9num_equal21test_opcode_num_equal14test_num_equals_6case_1
FNDA:1,_RNvNtNtNtNtNtCslGz6mdI36Dx_6bee_vm7opcodes14arithmetic_ops9num_equal21test_opcode_num_equal14test_num_equals_6case_2
FNDA:1,_RNvNtNtNtNtNtCslGz6mdI36Dx_6bee_vm7opcodes14arithmetic_ops9num_equal21test_opcode_num_equal14test_num_equals_6case_3
FNDA:3,_RNvNtNtNtCslGz6mdI36Dx_6bee_vm7opcodes14arithmetic_ops9num_equal9num_equal
FNDA:3,_RNvNtNtNtNtCslGz6mdI36Dx_6bee_vm7opcodes14arithmetic_ops9num_equal21test_opcode_num_equal14test_num_equal
FNF:2
FNH:2
DA:14,3
DA:15,3
DA:16,3
DA:18,0
DA:19,0
DA:20,0
DA:22,0
DA:23,3
DA:24,3
DA:26,0
DA:27,0
DA:28,0
DA:30,0
DA:32,3
DA:33,1
DA:34,2
DA:35,2
DA:36,2
DA:38,3
DA:39,3
DA:47,3
BRF:0
BRH:0
LF:21
LH:13
end_of_record
SF:/Users/ocdbytes/Desktop/Projects🧰/btcxvm-study/bee-vm/src/opcodes/arithmetic_ops/num_not_equal.rs
FN:14,_RNvNtNtNtCslGz6mdI36Dx_6bee_vm7opcodes14arithmetic_ops13num_not_equal13num_not_equal
FN:47,_RNvNtNtNtNtCslGz6mdI36Dx_6bee_vm7opcodes14arithmetic_ops13num_not_equal25test_opcode_num_not_equal18test_num_not_equal
FN:47,_RNvNtNtNtNtNtCslGz6mdI36Dx_6bee_vm7opcodes14arithmetic_ops13num_not_equal25test_opcode_num_not_equal18test_num_not_equals_6case_1
FN:47,_RNvNtNtNtNtNtCslGz6mdI36Dx_6bee_vm7opcodes14arithmetic_ops13num_not_equal25test_opcode_num_not_equal18test_num_not_equals_6case_2
FN:47,_RNvNtNtNtNtNtCslGz6mdI36Dx_6bee_vm7opcodes14arithmetic_ops13num_not_equal25test_opcode_num_not_equal18test_num_not_equals_6case_3
FNDA:3,_RNvNtNtNtCslGz6mdI36Dx_6bee_vm7opcodes14arithmetic_ops13num_not_equal13num_not_equal
FNDA:3,_RNvNtNtNtNtCslGz6mdI36Dx_6bee_vm7opcodes14arithmetic_ops13num_not_equal25test_opcode_num_not_equal18test_num_not_equal
FNDA:1,_RNvNtNtNtNtNtCslGz6mdI36Dx_6bee_vm7opcodes14arithmetic_ops13num_not_equal25test_opcode_num_not_equal18test_num_not_equals_6case_1
FNDA:1,_RNvNtNtNtNtNtCslGz6mdI36Dx_6bee_vm7opcodes14arithmetic_ops13num_not_equal25test_opcode_num_not_equal18test_num_not_equals_6case_2
FNDA:1,_RNvNtNtNtNtNtCslGz6mdI36Dx_6bee_vm7opcodes14arithmetic_ops13num_not_equal25test_opcode_num_not_equal18test_num_not_equals_6case_3
FNF:2
FNH:2
DA:14,3
DA:15,3
DA:16,3
DA:18,0
DA:19,0
DA:20,0
DA:22,0
DA:23,3
DA:24,3
DA:26,0
DA:27,0
DA:28,0
DA:30,0
DA:32,3
DA:33,2
DA:34,2
DA:35,1
DA:36,1
DA:38,3
DA:39,3
DA:47,3
BRF:0
BRH:0
LF:21
LH:13
end_of_record
SF:/Users/ocdbytes/Desktop/Projects🧰/btcxvm-study/bee-vm/src/opcodes/arithmetic_ops/op_false.rs
FN:16,_RNvNtNtNtNtCslGz6mdI36Dx_6bee_vm7opcodes14arithmetic_ops8op_false20test_opcode_op_false13test_op_false
FN:6,_RNvNtNtNtCslGz6mdI36Dx_6bee_vm7opcodes14arithmetic_ops8op_false8op_false
FN:16,_RNvNtNtNtNtNtCslGz6mdI36Dx_6bee_vm7opcodes14arithmetic_ops8op_false20test_opcode_op_false13test_op_falses_6case_1
FNDA:1,_RNvNtNtNtNtCslGz6mdI36Dx_6bee_vm7opcodes14arithmetic_ops8op_false20test_opcode_op_false13test_op_false
FNDA:1,_RNvNtNtNtCslGz6mdI36Dx_6bee_vm7opcodes14arithmetic_ops8op_false8op_false
FNDA:1,_RNvNtNtNtNtNtCslGz6mdI36Dx_6bee_vm7opcodes14arithmetic_ops8op_false20test_opcode_op_false13test_op_falses_6case_1
FNF:2
FNH:2
DA:6,1
DA:7,1
DA:8,1
DA:16,1
BRF:0
BRH:0
LF:4
LH:4
end_of_record
SF:/Users/ocdbytes/Desktop/Projects🧰/btcxvm-study/bee-vm/src/opcodes/arithmetic_ops/op_true.rs
FN:16,_RNvNtNtNtNtNtCslGz6mdI36Dx_6bee_vm7opcodes14arithmetic_ops7op_true19test_opcode_op_true12test_op_trues_6case_1
FN:16,_RNvNtNtNtNtCslGz6mdI36Dx_6bee_vm7opcodes14arithmetic_ops7op_true19test_opcode_op_true12test_op_true
FN:6,_RNvNtNtNtCslGz6mdI36Dx_6bee_vm7opcodes14arithmetic_ops7op_true7op_true
FNDA:1,_RNvNtNtNtNtNtCslGz6mdI36Dx_6bee_vm7opcodes14arithmetic_ops7op_true19test_opcode_op_true12test_op_trues_6case_1
FNDA:1,_RNvNtNtNtNtCslGz6mdI36Dx_6bee_vm7opcodes14arithmetic_ops7op_true19test_opcode_op_true12test_op_true
FNDA:1,_RNvNtNtNtCslGz6mdI36Dx_6bee_vm7opcodes14arithmetic_ops7op_true7op_true
FNF:2
FNH:2
DA:6,1
DA:7,1
DA:8,1
DA:16,1
BRF:0
BRH:0
LF:4
LH:4
end_of_record
SF:/Users/ocdbytes/Desktop/Projects🧰/btcxvm-study/bee-vm/src/opcodes/arithmetic_ops/sub.rs
FN:14,_RNvNtNtNtCslGz6mdI36Dx_6bee_vm7opcodes14arithmetic_ops3sub3sub
FN:35,_RNvNtNtNtNtCslGz6mdI36Dx_6bee_vm7opcodes14arithmetic_ops3sub15test_opcode_sub8test_sub
FN:35,_RNvNtNtNtNtNtCslGz6mdI36Dx_6bee_vm7opcodes14arithmetic_ops3sub15test_opcode_sub8test_subs_6case_1
FN:35,_RNvNtNtNtNtNtCslGz6mdI36Dx_6bee_vm7opcodes14arithmetic_ops3sub15test_opcode_sub8test_subs_6case_2
FNDA:2,_RNvNtNtNtCslGz6mdI36Dx_6bee_vm7opcodes14arithmetic_ops3sub3sub
FNDA:2,_RNvNtNtNtNtCslGz6mdI36Dx_6bee_vm7opcodes14arithmetic_ops3sub15test_opcode_sub8test_sub
FNDA:1,_RNvNtNtNtNtNtCslGz6mdI36Dx_6bee_vm7opcodes14arithmetic_ops3sub15test_opcode_sub8test_subs_6case_1
FNDA:1,_RNvNtNtNtNtNtCslGz6mdI36Dx_6bee_vm7opcodes14arithmetic_ops3sub15test_opcode_sub8test_subs_6case_2
FNF:2
FNH:2
DA:14,2
DA:15,2
DA:16,2
DA:17,0
DA:18,0
DA:19,2
DA:20,2
DA:21,0
DA:22,0
DA:24,2
DA:25,2
DA:26,2
DA:27,2
DA:35,2
BRF:0
BRH:0
LF:14
LH:10
end_of_record
SF:/Users/ocdbytes/Desktop/Projects🧰/btcxvm-study/bee-vm/src/opcodes/arithmetic_ops/sub1.rs
FN:11,_RNvNtNtNtCslGz6mdI36Dx_6bee_vm7opcodes14arithmetic_ops4sub15sub_1
FN:33,_RNvNtNtNtNtCslGz6mdI36Dx_6bee_vm7opcodes14arithmetic_ops4sub117test_opcode_sub_110test_sub_1
FN:33,_RNvNtNtNtNtNtCslGz6mdI36Dx_6bee_vm7opcodes14arithmetic_ops4sub117test_opcode_sub_110test_sub_1s_6case_1
FN:33,_RNvNtNtNtNtNtCslGz6mdI36Dx_6bee_vm7opcodes14arithmetic_ops4sub117test_opcode_sub_110test_sub_1s_6case_2
FNDA:2,_RNvNtNtNtCslGz6mdI36Dx_6bee_vm7opcodes14arithmetic_ops4sub15sub_1
FNDA:2,_RNvNtNtNtNtCslGz6mdI36Dx_6bee_vm7opcodes14arithmetic_ops4sub117test_opcode_sub_110test_sub_1
FNDA:1,_RNvNtNtNtNtNtCslGz6mdI36Dx_6bee_vm7opcodes14arithmetic_ops4sub117test_opcode_sub_110test_sub_1s_6case_1
FNDA:1,_RNvNtNtNtNtNtCslGz6mdI36Dx_6bee_vm7opcodes14arithmetic_ops4sub117test_opcode_sub_110test_sub_1s_6case_2
FNF:2
FNH:2
DA:11,2
DA:12,2
DA:13,2
DA:14,0
DA:15,0
DA:16,2
DA:17,2
DA:18,0
DA:19,0
DA:21,2
DA:22,2
DA:23,2
DA:24,2
DA:25,2
DA:33,2
BRF:0
BRH:0
LF:15
LH:11
end_of_record
SF:/Users/ocdbytes/Desktop/Projects🧰/btcxvm-study/bee-vm/src/opcodes/arithmetic_ops/verify.rs
FN:6,_RNvNtNtNtCslGz6mdI36Dx_6bee_vm7opcodes14arithmetic_ops6verify6verify
FN:26,_RNvNtNtNtNtCslGz6mdI36Dx_6bee_vm7opcodes14arithmetic_ops6verify18test_opcode_verify11test_verify
FN:26,_RNvNtNtNtNtNtCslGz6mdI36Dx_6bee_vm7opcodes14arithmetic_ops6verify18test_opcode_verify11test_verifys_6case_1
FN:26,_RNvNtNtNtNtNtCslGz6mdI36Dx_6bee_vm7opcodes14arithmetic_ops6verify18test_opcode_verify11test_verifys_6case_2
FNDA:2,_RNvNtNtNtCslGz6mdI36Dx_6bee_vm7opcodes14arithmetic_ops6verify6verify
FNDA:2,_RNvNtNtNtNtCslGz6mdI36Dx_6bee_vm7opcodes14arithmetic_ops6verify18test_opcode_verify11test_verify
FNDA:1,_RNvNtNtNtNtNtCslGz6mdI36Dx_6bee_vm7opcodes14arithmetic_ops6verify18test_opcode_verify11test_verifys_6case_1
FNDA:1,_RNvNtNtNtNtNtCslGz6mdI36Dx_6bee_vm7opcodes14arithmetic_ops6verify18test_opcode_verify11test_verifys_6case_2
FNF:2
FNH:2
DA:6,2
DA:7,2
DA:8,2
DA:9,0
DA:10,0
DA:12,2
DA:13,1
DA:14,1
DA:15,1
DA:16,1
DA:17,2
DA:26,2
BRF:0
BRH:0
LF:12
LH:10
end_of_record
SF:/Users/ocdbytes/Desktop/Projects🧰/btcxvm-study/bee-vm/src/opcodes/arithmetic_ops/within.rs
FN:48,_RNvNtNtNtNtCslGz6mdI36Dx_6bee_vm7opcodes14arithmetic_ops6within18test_opcode_within11test_within
FN:48,_RNvNtNtNtNtNtCslGz6mdI36Dx_6bee_vm7opcodes14arithmetic_ops6within18test_opcode_within11test_withins_6case_1
FN:48,_RNvNtNtNtNtNtCslGz6mdI36Dx_6bee_vm7opcodes14arithmetic_ops6within18test_opcode_within11test_withins_6case_2
FN:19,_RNvNtNtNtCslGz6mdI36Dx_6bee_vm7opcodes14arithmetic_ops6within6within
FNDA:2,_RNvNtNtNtNtCslGz6mdI36Dx_6bee_vm7opcodes14arithmetic_ops6within18test_opcode_within11test_within
FNDA:1,_RNvNtNtNtNtNtCslGz6mdI36Dx_6bee_vm7opcodes14arithmetic_ops6within18test_opcode_within11test_withins_6case_1
FNDA:1,_RNvNtNtNtNtNtCslGz6mdI36Dx_6bee_vm7opcodes14arithmetic_ops6within18test_opcode_within11test_withins_6case_2
FNDA:2,_RNvNtNtNtCslGz6mdI36Dx_6bee_vm7opcodes14arithmetic_ops6within6within
FNF:2
FNH:2
DA:19,2
DA:20,2
DA:21,2
DA:22,0
DA:23,0
DA:24,2
DA:25,2
DA:26,0
DA:27,0
DA:28,2
DA:29,2
DA:30,0
DA:31,0
DA:33,2
DA:34,1
DA:35,1
DA:36,1
DA:37,1
DA:39,2
DA:40,2
DA:48,2
BRF:0
BRH:0
LF:21
LH:15
end_of_record
SF:/Users/ocdbytes/Desktop/Projects🧰/btcxvm-study/bee-vm/src/opcodes/control_flow.rs
FN:9,_RNvMNtNtCslGz6mdI36Dx_6bee_vm7opcodes12control_flowNtB2_11ControlFlow3new
FN:15,_RNvMNtNtCslGz6mdI36Dx_6bee_vm7opcodes12control_flowNtB2_11ControlFlow5op_if
FN:29,_RNvMNtNtCslGz6mdI36Dx_6bee_vm7opcodes12control_flowNtB2_11ControlFlow7op_else
FN:40,_RNvMNtNtCslGz6mdI36Dx_6bee_vm7opcodes12control_flowNtB2_11ControlFlow8op_endif
FN:50,_RNvMNtNtCslGz6mdI36Dx_6bee_vm7opcodes12control_flowNtB2_11ControlFlow14should_execute
FN:56,_RNvXs_NtNtCslGz6mdI36Dx_6bee_vm7opcodes12control_flowNtB4_11ControlFlowNtNtCsliVzVx4luf9_4core7default7Default7default
FNDA:19,_RNvMNtNtCslGz6mdI36Dx_6bee_vm7opcodes12control_flowNtB2_11ControlFlow3new
FNDA:11,_RNvMNtNtCslGz6mdI36Dx_6bee_vm7opcodes12control_flowNtB2_11ControlFlow5op_if
FNDA:6,_RNvMNtNtCslGz6mdI36Dx_6bee_vm7opcodes12control_flowNtB2_11ControlFlow7op_else
FNDA:11,_RNvMNtNtCslGz6mdI36Dx_6bee_vm7opcodes12control_flowNtB2_11ControlFlow8op_endif
FNDA:120,_RNvMNtNtCslGz6mdI36Dx_6bee_vm7opcodes12control_flowNtB2_11ControlFlow14should_execute
FNDA:0,_RNvXs_NtNtCslGz6mdI36Dx_6bee_vm7opcodes12control_flowNtB4_11ControlFlowNtNtCsliVzVx4luf9_4core7default7Default7default
FNF:6
FNH:5
DA:9,19
DA:10,19
DA:11,19
DA:12,19
DA:13,19
DA:15,11
DA:16,11
DA:17,10
DA:18,8
DA:19,2
DA:21,8
DA:22,8
DA:23,1
DA:24,1
DA:25,1
DA:26,9
DA:27,11
DA:29,6
DA:30,6
DA:31,4
DA:32,4
DA:34,2
DA:35,2
DA:36,2
DA:38,6
DA:40,11
DA:41,11
DA:42,9
DA:44,2
DA:45,2
DA:46,2
DA:48,11
DA:50,120
DA:51,120
DA:52,120
DA:56,0
DA:57,0
DA:58,0
BRF:0
BRH:0
LF:38
LH:35
end_of_record
SF:/Users/ocdbytes/Desktop/Projects🧰/btcxvm-study/bee-vm/src/opcodes/crypto_ops/check_sig.rs
FN:70,_RNvNtNtNtNtCslGz6mdI36Dx_6bee_vm7opcodes10crypto_ops9check_sig5tests18create_test_script
FN:193,_RNvNtNtNtNtCslGz6mdI36Dx_6bee_vm7opcodes10crypto_ops9check_sig5tests14create_message
FN:99,_RNvNtNtNtNtCslGz6mdI36Dx_6bee_vm7opcodes10crypto_ops9check_sig5testss_51test_op_checksig_with_codeseparator_valid_signature
FN:99,_RNvNvNtNtNtNtCslGz6mdI36Dx_6bee_vm7opcodes10crypto_ops9check_sig5testss_51test_op_checksig_with_codeseparator_valid_signature51test_op_checksig_with_codeseparator_valid_signature
FN:131,_RNvNtNtNtNtCslGz6mdI36Dx_6bee_vm7opcodes10crypto_ops9check_sig5testss_53test_op_checksig_with_codeseparator_invalid_signature
FN:131,_RNvNvNtNtNtNtCslGz6mdI36Dx_6bee_vm7opcodes10crypto_ops9check_sig5testss_53test_op_checksig_with_codeseparator_invalid_signature53test_op_checksig_with_codeseparator_invalid_signature
FN:153,_RNvNtNtNtNtCslGz6mdI36Dx_6bee_vm7opcodes10crypto_ops9check_sig5testss_38test_op_checksig_without_codeseparator
FN:153,_RNvNvNtNtNtNtCslGz6mdI36Dx_6bee_vm7opcodes10crypto_ops9check_sig5testss_38test_op_checksig_without_codeseparator38test_op_checksig_without_codeseparator
FN:8,_RNvNtNtNtCslGz6mdI36Dx_6bee_vm7opcodes10crypto_ops9check_sig11op_checksig
FN:54,_RNvNtNtNtCslGz6mdI36Dx_6bee_vm7opcodes10crypto_ops9check_sig32get_first_occurrence_of_checksig
FNDA:2,_RNvNtNtNtNtCslGz6mdI36Dx_6bee_vm7opcodes10crypto_ops9check_sig5tests18create_test_script
FNDA:3,_RNvNtNtNtNtCslGz6mdI36Dx_6bee_vm7opcodes10crypto_ops9check_sig5tests14create_message
FNDA:1,_RNvNtNtNtNtCslGz6mdI36Dx_6bee_vm7opcodes10crypto_ops9check_sig5testss_51test_op_checksig_with_codeseparator_valid_signature
FNDA:1,_RNvNvNtNtNtNtCslGz6mdI36Dx_6bee_vm7opcodes10crypto_ops9check_sig5testss_51test_op_checksig_with_codeseparator_valid_signature51test_op_checksig_with_codeseparator_valid_signature
FNDA:1,_RNvNtNtNtNtCslGz6mdI36Dx_6bee_vm7opcodes10crypto_ops9check_sig5testss_53test_op_checksig_with_codeseparator_invalid_signature
FNDA:1,_RNvNvNtNtNtNtCslGz6mdI36Dx_6bee_vm7opcodes10crypto_ops9check_sig5testss_53test_op_checksig_with_codeseparator_invalid_signature53test_op_checksig_with_codeseparator_invalid_signature
FNDA:1,_RNvNtNtNtNtCslGz6mdI36Dx_6bee_vm7opcodes10crypto_ops9check_sig5testss_38test_op_checksig_without_codeseparator
FNDA:1,_RNvNvNtNtNtNtCslGz6mdI36Dx_6bee_vm7opcodes10crypto_ops9check_sig5testss_38test_op_checksig_without_codeseparator38test_op_checksig_without_codeseparator
FNDA:4,_RNvNtNtNtCslGz6mdI36Dx_6bee_vm7opcodes10crypto_ops9check_sig11op_checksig
FNDA:4,_RNvNtNtNtCslGz6mdI36Dx_6bee_vm7opcodes10crypto_ops9check_sig32get_first_occurrence_of_checksig
FNF:10
FNH:10
DA:8,4
DA:9,4
DA:10,4
DA:11,4
DA:12,4
DA:13,4
DA:14,0
DA:15,0
DA:16,0
DA:17,4
DA:18,4
DA:19,4
DA:20,4
DA:21,4
DA:22,4
DA:23,4
DA:24,4
DA:25,4
DA:26,4
DA:27,4
DA:28,4
DA:29,4
DA:30,4
DA:32,15
DA:33,11
DA:34,11
DA:35,4
DA:36,4
DA:37,4
DA:38,4
DA:39,4
DA:40,4
DA:41,4
DA:42,2
DA:44,2
DA:47,4
DA:48,4
DA:54,4
DA:55,23
DA:56,23
DA:57,4
DA:58,19
DA:60,0
DA:61,4
DA:70,2
DA:71,2
DA:72,2
DA:73,2
DA:74,2
DA:75,2
DA:76,2
DA:77,2
DA:78,2
DA:79,2
DA:80,2
DA:81,2
DA:82,2
DA:83,2
DA:84,2
DA:85,2
DA:86,2
DA:87,2
DA:88,2
DA:89,2
DA:90,2
DA:91,2
DA:92,2
DA:93,2
DA:94,2
DA:95,2
DA:96,2
DA:97,2
DA:99,2
DA:131,2
DA:153,2
DA:193,3
DA:194,3
DA:195,12
DA:196,9
DA:197,9
DA:198,3
DA:199,3
DA:200,3
BRF:0
BRH:0
LF:86
LH:82
end_of_record
SF:/Users/ocdbytes/Desktop/Projects🧰/btcxvm-study/bee-vm/src/opcodes/new_num.rs
FN:6,_RNvNtNtCslGz6mdI36Dx_6bee_vm7opcodes7new_num7new_num
FNDA:48,_RNvNtNtCslGz6mdI36Dx_6bee_vm7opcodes7new_num7new_num
FNF:1
FNH:1
DA:6,48
DA:7,48
DA:8,48
DA:9,48
DA:10,0
DA:11,0
DA:12,0
DA:14,8
DA:15,8
DA:16,8
DA:18,40
DA:19,40
DA:20,40
DA:21,40
DA:22,0
DA:23,0
DA:24,0
DA:25,0
DA:26,0
DA:27,48
BRF:0
BRH:0
LF:20
LH:12
end_of_record
SF:/Users/ocdbytes/Desktop/Projects🧰/btcxvm-study/bee-vm/src/opcodes/op_equal.rs
FN:4,_RNvNtNtCslGz6mdI36Dx_6bee_vm7opcodes8op_equal8op_equal
FNDA:5,_RNvNtNtCslGz6mdI36Dx_6bee_vm7opcodes8op_equal8op_equal
FNF:1
FNH:1
DA:4,5
DA:5,5
DA:6,0
DA:7,0
DA:8,0
DA:9,5
DA:10,5
DA:11,5
DA:12,5
DA:13,5
DA:14,5
DA:15,5
DA:16,5
DA:17,5
DA:18,0
DA:19,0
DA:21,5
DA:22,5
BRF:0
BRH:0
LF:18
LH:13
end_of_record
SF:/Users/ocdbytes/Desktop/Projects🧰/btcxvm-study/bee-vm/src/opcodes/op_reserved.rs
FN:3,_RNvNtNtCslGz6mdI36Dx_6bee_vm7opcodes11op_reserved11op_reserved
FNDA:0,_RNvNtNtCslGz6mdI36Dx_6bee_vm7opcodes11op_reserved11op_reserved
FNF:1
FNH:0
DA:3,0
DA:4,0
DA:5,0
BRF:0
BRH:0
LF:3
LH:0
end_of_record
SF:/Users/ocdbytes/Desktop/Projects🧰/btcxvm-study/bee-vm/src/opcodes/op_return.rs
FN:3,_RNvNtNtCslGz6mdI36Dx_6bee_vm7opcodes9op_return9op_return
FNDA:0,_RNvNtNtCslGz6mdI36Dx_6bee_vm7opcodes9op_return9op_return
FNF:1
FNH:0
DA:3,0
DA:4,0
DA:5,0
BRF:0
BRH:0
LF:3
LH:0
end_of_record
SF:/Users/ocdbytes/Desktop/Projects🧰/btcxvm-study/bee-vm/src/opcodes/stack_ops/depth.rs
FN:10,_RNvNtNtNtCslGz6mdI36Dx_6bee_vm7opcodes9stack_ops5depth5depth
FN:22,_RNvNtNtNtNtCslGz6mdI36Dx_6bee_vm7opcodes9stack_ops5depth17test_opcode_depth10test_depth
FN:22,_RNvNtNtNtNtNtCslGz6mdI36Dx_6bee_vm7opcodes9stack_ops5depth17test_opcode_depth10test_depths_6case_1
FN:22,_RNvNtNtNtNtNtCslGz6mdI36Dx_6bee_vm7opcodes9stack_ops5depth17test_opcode_depth10test_depths_6case_2
FNDA:2,_RNvNtNtNtCslGz6mdI36Dx_6bee_vm7opcodes9stack_ops5depth5depth
FNDA:2,_RNvNtNtNtNtCslGz6mdI36Dx_6bee_vm7opcodes9stack_ops5depth17test_opcode_depth10test_depth
FNDA:1,_RNvNtNtNtNtNtCslGz6mdI36Dx_6bee_vm7opcodes9stack_ops5depth17test_opcode_depth10test_depths_6case_1
FNDA:1,_RNvNtNtNtNtNtCslGz6mdI36Dx_6bee_vm7opcodes9stack_ops5depth17test_opcode_depth10test_depths_6case_2
FNF:2
FNH:2
DA:10,2
DA:11,2
DA:12,2
DA:13,2
DA:14,2
DA:22,2
BRF:0
BRH:0
LF:6
LH:6
end_of_record
SF:/Users/ocdbytes/Desktop/Projects🧰/btcxvm-study/bee-vm/src/opcodes/stack_ops/drop.rs
FN:41,_RNvNtNtNtNtNtCslGz6mdI36Dx_6bee_vm7opcodes9stack_ops4drop19test_opcode_op_drop14test_op_2_drops_6case_1
FN:41,_RNvNtNtNtNtNtCslGz6mdI36Dx_6bee_vm7opcodes9stack_ops4drop19test_opcode_op_drop14test_op_2_drops_6case_2
FN:26,_RNvNtNtNtNtCslGz6mdI36Dx_6bee_vm7opcodes9stack_ops4drop19test_opcode_op_drop12test_op_drop
FN:41,_RNvNtNtNtNtCslGz6mdI36Dx_6bee_vm7opcodes9stack_ops4drop19test_opcode_op_drop14test_op_2_drop
FN:26,_RNvNtNtNtNtNtCslGz6mdI36Dx_6bee_vm7opcodes9stack_ops4drop19test_opcode_op_drop12test_op_drops_6case_1
FN:26,_RNvNtNtNtNtNtCslGz6mdI36Dx_6bee_vm7opcodes9stack_ops4drop19test_opcode_op_drop12test_op_drops_6case_2
FN:12,_RNvNtNtNtCslGz6mdI36Dx_6bee_vm7opcodes9stack_ops4drop7op_drop
FNDA:1,_RNvNtNtNtNtNtCslGz6mdI36Dx_6bee_vm7opcodes9stack_ops4drop19test_opcode_op_drop14test_op_2_drops_6case_1
FNDA:1,_RNvNtNtNtNtNtCslGz6mdI36Dx_6bee_vm7opcodes9stack_ops4drop19test_opcode_op_drop14test_op_2_drops_6case_2
FNDA:2,_RNvNtNtNtNtCslGz6mdI36Dx_6bee_vm7opcodes9stack_ops4drop19test_opcode_op_drop12test_op_drop
FNDA:2,_RNvNtNtNtNtCslGz6mdI36Dx_6bee_vm7opcodes9stack_ops4drop19test_opcode_op_drop14test_op_2_drop
FNDA:1,_RNvNtNtNtNtNtCslGz6mdI36Dx_6bee_vm7opcodes9stack_ops4drop19test_opcode_op_drop12test_op_drops_6case_1
FNDA:1,_RNvNtNtNtNtNtCslGz6mdI36Dx_6bee_vm7opcodes9stack_ops4drop19test_opcode_op_drop12test_op_drops_6case_2
FNDA:4,_RNvNtNtNtCslGz6mdI36Dx_6bee_vm7opcodes9stack_ops4drop7op_drop
FNF:3
FNH:3
DA:12,4
DA:13,6
DA:14,6
DA:15,6
DA:16,4
DA:17,4
DA:26,2
DA:41,2
BRF:0
BRH:0
LF:8
LH:8
end_of_record
SF:/Users/ocdbytes/Desktop/Projects🧰/btcxvm-study/bee-vm/src/opcodes/stack_ops/dup.rs
FN:68,_RNvNtNtNtNtNtCslGz6mdI36Dx_6bee_vm7opcodes9stack_ops3dup15test_opcode_dup10test_3_dups_6case_1
FN:40,_RNvNtNtNtNtCslGz6mdI36Dx_6bee_vm7opcodes9stack_ops3dup15test_opcode_dup8test_dup
FN:54,_RNvNtNtNtNtCslGz6mdI36Dx_6bee_vm7opcodes9stack_ops3dup15test_opcode_dup10test_2_dup
FN:68,_RNvNtNtNtNtCslGz6mdI36Dx_6bee_vm7opcodes9stack_ops3dup15test_opcode_dup10test_3_dup
FN:14,_RNvNtNtNtCslGz6mdI36Dx_6bee_vm7opcodes9stack_ops3dup3dup
FN:40,_RNvNtNtNtNtNtCslGz6mdI36Dx_6bee_vm7opcodes9stack_ops3dup15test_opcode_dup8test_dups_6case_1
FN:40,_RNvNtNtNtNtNtCslGz6mdI36Dx_6bee_vm7opcodes9stack_ops3dup15test_opcode_dup8test_dups_6case_2
FN:54,_RNvNtNtNtNtNtCslGz6mdI36Dx_6bee_vm7opcodes9stack_ops3dup15test_opcode_dup10test_2_dups_6case_1
FN:54,_RNvNtNtNtNtNtCslGz6mdI36Dx_6bee_vm7opcodes9stack_ops3dup15test_opcode_dup10test_2_dups_6case_2
FNDA:1,_RNvNtNtNtNtNtCslGz6mdI36Dx_6bee_vm7opcodes9stack_ops3dup15test_opcode_dup10test_3_dups_6case_1
FNDA:2,_RNvNtNtNtNtCslGz6mdI36Dx_6bee_vm7opcodes9stack_ops3dup15test_opcode_dup8test_dup
FNDA:2,_RNvNtNtNtNtCslGz6mdI36Dx_6bee_vm7opcodes9stack_ops3dup15test_opcode_dup10test_2_dup
FNDA:1,_RNvNtNtNtNtCslGz6mdI36Dx_6bee_vm7opcodes9stack_ops3dup15test_opcode_dup10test_3_dup
FNDA:6,_RNvNtNtNtCslGz6mdI36Dx_6bee_vm7opcodes9stack_ops3dup3dup
FNDA:1,_RNvNtNtNtNtNtCslGz6mdI36Dx_6bee_vm7opcodes9stack_ops3dup15test_opcode_dup8test_dups_6case_1
FNDA:1,_RNvNtNtNtNtNtCslGz6mdI36Dx_6bee_vm7opcodes9stack_ops3dup15test_opcode_dup8test_dups_6case_2
FNDA:1,_RNvNtNtNtNtNtCslGz6mdI36Dx_6bee_vm7opcodes9stack_ops3dup15test_opcode_dup10test_2_dups_6case_1
FNDA:1,_RNvNtNtNtNtNtCslGz6mdI36Dx_6bee_vm7opcodes9stack_ops3dup15test_opcode_dup10test_2_dups_6case_2
FNF:4
FNH:4
DA:14,6
DA:15,6
DA:17,10
DA:18,10
DA:19,10
DA:20,0
DA:24,10
DA:25,10
DA:26,10
DA:27,10
DA:28,10
DA:29,10
DA:31,6
DA:32,6
DA:40,2
DA:54,2
DA:68,1
BRF:0
BRH:0
LF:17
LH:16
end_of_record
SF:/Users/ocdbytes/Desktop/Projects🧰/btcxvm-study/bee-vm/src/opcodes/stack_ops/from_alt_stack.rs
FN:18,_RNvNtNtNtCslGz6mdI36Dx_6bee_vm7opcodes9stack_ops14from_alt_stack14from_alt_stack
FN:39,_RNvNtNtNtNtCslGz6mdI36Dx_6bee_vm7opcodes9stack_ops14from_alt_stack26test_opcode_from_alt_stack19test_from_alt_stack
FN:39,_RNvNtNtNtNtNtCslGz6mdI36Dx_6bee_vm7opcodes9stack_ops14from_alt_stack26test_opcode_from_alt_stack19test_from_alt_stacks_6case_1
FNDA:2,_RNvNtNtNtCslGz6mdI36Dx_6bee_vm7opcodes9stack_ops14from_alt_stack14from_alt_stack
FNDA:1,_RNvNtNtNtNtCslGz6mdI36Dx_6bee_vm7opcodes9stack_ops14from_alt_stack26test_opcode_from_alt_stack19test_from_alt_stack
FNDA:1,_RNvNtNtNtNtNtCslGz6mdI36Dx_6bee_vm7opcodes9stack_ops14from_alt_stack26test_opcode_from_alt_stack19test_from_alt_stacks_6case_1
FNF:2
FNH:2
DA:18,2
DA:19,2
DA:20,2
DA:22,0
DA:23,0
DA:24,0
DA:26,0
DA:28,2
DA:29,2
DA:30,2
DA:31,2
DA:39,1
BRF:0
BRH:0
LF:12
LH:8
end_of_record
SF:/Users/ocdbytes/Desktop/Projects🧰/btcxvm-study/bee-vm/src/opcodes/stack_ops/if_dup.rs
FN:32,_RNvNtNtNtNtCslGz6mdI36Dx_6bee_vm7opcodes9stack_ops6if_dup18test_opcode_if_dup11test_if_dup
FN:11,_RNvNtNtNtCslGz6mdI36Dx_6bee_vm7opcodes9stack_ops6if_dup6if_dup
FN:32,_RNvNtNtNtNtNtCslGz6mdI36Dx_6bee_vm7opcodes9stack_ops6if_dup18test_opcode_if_dup11test_if_dups_6case_1
FN:32,_RNvNtNtNtNtNtCslGz6mdI36Dx_6bee_vm7opcodes9stack_ops6if_dup18test_opcode_if_dup11test_if_dups_6case_2
FNDA:2,_RNvNtNtNtNtCslGz6mdI36Dx_6bee_vm7opcodes9stack_ops6if_dup18test_opcode_if_dup11test_if_dup
FNDA:2,_RNvNtNtNtCslGz6mdI36Dx_6bee_vm7opcodes9stack_ops6if_dup6if_dup
FNDA:1,_RNvNtNtNtNtNtCslGz6mdI36Dx_6bee_vm7opcodes9stack_ops6if_dup18test_opcode_if_dup11test_if_dups_6case_1
FNDA:1,_RNvNtNtNtNtNtCslGz6mdI36Dx_6bee_vm7opcodes9stack_ops6if_dup18test_opcode_if_dup11test_if_dups_6case_2
FNF:2
FNH:2
DA:11,2
DA:12,2
DA:13,2
DA:14,0
DA:15,0
DA:17,2
DA:18,1
DA:19,1
DA:21,2
DA:22,2
DA:23,2
DA:24,2
DA:32,2
BRF:0
BRH:0
LF:13
LH:11
end_of_record
SF:/Users/ocdbytes/Desktop/Projects🧰/btcxvm-study/bee-vm/src/opcodes/stack_ops/nip.rs
FN:11,_RNvNtNtNtCslGz6mdI36Dx_6bee_vm7opcodes9stack_ops3nip3nip
FN:29,_RNvNtNtNtNtNtCslGz6mdI36Dx_6bee_vm7opcodes9stack_ops3nip15test_opcode_nip8test_nips_6case_1
FN:29,_RNvNtNtNtNtNtCslGz6mdI36Dx_6bee_vm7opcodes9stack_ops3nip15test_opcode_nip8test_nips_6case_2
FN:29,_RNvNtNtNtNtCslGz6mdI36Dx_6bee_vm7opcodes9stack_ops3nip15test_opcode_nip8test_nip
FNDA:2,_RNvNtNtNtCslGz6mdI36Dx_6bee_vm7opcodes9stack_ops3nip3nip
FNDA:1,_RNvNtNtNtNtNtCslGz6mdI36Dx_6bee_vm7opcodes9stack_ops3nip15test_opcode_nip8test_nips_6case_1
FNDA:1,_RNvNtNtNtNtNtCslGz6mdI36Dx_6bee_vm7opcodes9stack_ops3nip15test_opcode_nip8test_nips_6case_2
FNDA:2,_RNvNtNtNtNtCslGz6mdI36Dx_6bee_vm7opcodes9stack_ops3nip15test_opcode_nip8test_nip
FNF:2
FNH:2
DA:11,2
DA:12,2
DA:13,2
DA:14,0
DA:15,0
DA:17,2
DA:18,2
DA:19,2
DA:20,2
DA:21,2
DA:29,2
BRF:0
BRH:0
LF:11
LH:9
end_of_record
SF:/Users/ocdbytes/Desktop/Projects🧰/btcxvm-study/bee-vm/src/opcodes/stack_ops/over.rs
FN:45,_RNvNtNtNtNtCslGz6mdI36Dx_6bee_vm7opcodes9stack_ops4over16test_opcode_over9test_over
FN:59,_RNvNtNtNtNtCslGz6mdI36Dx_6bee_vm7opcodes9stack_ops4over16test_opcode_over11test_2_over
FN:45,_RNvNtNtNtNtNtCslGz6mdI36Dx_6bee_vm7opcodes9stack_ops4over16test_opcode_over9test_overs_6case_1
FN:45,_RNvNtNtNtNtNtCslGz6mdI36Dx_6bee_vm7opcodes9stack_ops4over16test_opcode_over9test_overs_6case_2
FN:59,_RNvNtNtNtNtNtCslGz6mdI36Dx_6bee_vm7opcodes9stack_ops4over16test_opcode_over11test_2_overs_6case_1
FN:10,_RNvNtNtNtCslGz6mdI36Dx_6bee_vm7opcodes9stack_ops4over4over
FN:21,_RNvNtNtNtCslGz6mdI36Dx_6bee_vm7opcodes9stack_ops4over6over_2
FNDA:2,_RNvNtNtNtNtCslGz6mdI36Dx_6bee_vm7opcodes9stack_ops4over16test_opcode_over9test_over
FNDA:1,_RNvNtNtNtNtCslGz6mdI36Dx_6bee_vm7opcodes9stack_ops4over16test_opcode_over11test_2_over
FNDA:1,_RNvNtNtNtNtNtCslGz6mdI36Dx_6bee_vm7opcodes9stack_ops4over16test_opcode_over9test_overs_6case_1
FNDA:1,_RNvNtNtNtNtNtCslGz6mdI36Dx_6bee_vm7opcodes9stack_ops4over16test_opcode_over9test_overs_6case_2
FNDA:1,_RNvNtNtNtNtNtCslGz6mdI36Dx_6bee_vm7opcodes9stack_ops4over16test_opcode_over11test_2_overs_6case_1
FNDA:2,_RNvNtNtNtCslGz6mdI36Dx_6bee_vm7opcodes9stack_ops4over4over
FNDA:1,_RNvNtNtNtCslGz6mdI36Dx_6bee_vm7opcodes9stack_ops4over6over_2
FNF:4
FNH:4
DA:10,2
DA:11,2
DA:12,2
DA:13,0
DA:15,2
DA:16,2
DA:21,1
DA:22,1
DA:23,1
DA:24,1
DA:25,1
DA:26,0
DA:28,1
DA:29,1
DA:30,0
DA:33,1
DA:34,1
DA:35,1
DA:36,1
DA:37,1
DA:45,2
DA:59,1
BRF:0
BRH:0
LF:22
LH:19
end_of_record
SF:/Users/ocdbytes/Desktop/Projects🧰/btcxvm-study/bee-vm/src/opcodes/stack_ops/pick.rs
FN:36,_RNvNtNtNtNtCslGz6mdI36Dx_6bee_vm7opcodes9stack_ops4pick16test_opcode_pick9test_pick
FN:36,_RNvNtNtNtNtNtCslGz6mdI36Dx_6bee_vm7opcodes9stack_ops4pick16test_opcode_pick9test_picks_6case_1
FN:11,_RNvNtNtNtCslGz6mdI36Dx_6bee_vm7opcodes9stack_ops4pick4pick
FNDA:1,_RNvNtNtNtNtCslGz6mdI36Dx_6bee_vm7opcodes9stack_ops4pick16test_opcode_pick9test_pick
FNDA:1,_RNvNtNtNtNtNtCslGz6mdI36Dx_6bee_vm7opcodes9stack_ops4pick16test_opcode_pick9test_picks_6case_1
FNDA:1,_RNvNtNtNtCslGz6mdI36Dx_6bee_vm7opcodes9stack_ops4pick4pick
FNF:2
FNH:2
DA:11,1
DA:12,1
DA:13,1
DA:14,0
DA:15,0
DA:17,1
DA:18,1
DA:20,0
DA:21,0
DA:22,0
DA:23,0
DA:27,1
DA:28,1
DA:36,1
BRF:0
BRH:0
LF:14
LH:8
end_of_record
SF:/Users/ocdbytes/Desktop/Projects🧰/btcxvm-study/bee-vm/src/opcodes/stack_ops/roll.rs
FN:11,_RNvNtNtNtCslGz6mdI36Dx_6bee_vm7opcodes9stack_ops4roll4roll
FN:45,_RNvNtNtNtNtCslGz6mdI36Dx_6bee_vm7opcodes9stack_ops4roll16test_opcode_roll9test_roll
FN:45,_RNvNtNtNtNtNtCslGz6mdI36Dx_6bee_vm7opcodes9stack_ops4roll16test_opcode_roll9test_rolls_6case_1
FNDA:1,_RNvNtNtNtCslGz6mdI36Dx_6bee_vm7opcodes9stack_ops4roll4roll
FNDA:1,_RNvNtNtNtNtCslGz6mdI36Dx_6bee_vm7opcodes9stack_ops4roll16test_opcode_roll9test_roll
FNDA:1,_RNvNtNtNtNtNtCslGz6mdI36Dx_6bee_vm7opcodes9stack_ops4roll16test_opcode_roll9test_rolls_6case_1
FNF:2
FNH:2
DA:11,1
DA:12,1
DA:13,0
DA:14,0
DA:15,0
DA:16,1
DA:17,1
DA:18,1
DA:19,1
DA:20,1
DA:21,1
DA:23,1
DA:24,0
DA:25,0
DA:26,0
DA:27,1
DA:28,1
DA:29,1
DA:30,1
DA:31,1
DA:32,1
DA:33,1
DA:34,1
DA:36,1
DA:37,1
DA:45,1
BRF:0
BRH:0
LF:26
LH:20
end_of_record
SF:/Users/ocdbytes/Desktop/Projects🧰/btcxvm-study/bee-vm/src/opcodes/stack_ops/rot.rs
FN:83,_RNvNtNtNtNtCslGz6mdI36Dx_6bee_vm7opcodes9stack_ops3rot15test_opcode_rot8test_rot
FN:103,_RNvNtNtNtNtCslGz6mdI36Dx_6bee_vm7opcodes9stack_ops3rot15test_opcode_rot10test_rot_2
FN:83,_RNvNtNtNtNtNtCslGz6mdI36Dx_6bee_vm7opcodes9stack_ops3rot15test_opcode_rot8test_rots_6case_1
FN:83,_RNvNtNtNtNtNtCslGz6mdI36Dx_6bee_vm7opcodes9stack_ops3rot15test_opcode_rot8test_rots_6case_2
FN:10,_RNvNtNtNtCslGz6mdI36Dx_6bee_vm7opcodes9stack_ops3rot3rot
FN:39,_RNvNtNtNtCslGz6mdI36Dx_6bee_vm7opcodes9stack_ops3rot5rot_2
FN:103,_RNvNtNtNtNtNtCslGz6mdI36Dx_6bee_vm7opcodes9stack_ops3rot15test_opcode_rot10test_rot_2s_6case_1
FN:103,_RNvNtNtNtNtNtCslGz6mdI36Dx_6bee_vm7opcodes9stack_ops3rot15test_opcode_rot10test_rot_2s_6case_2
FN:103,_RNvNtNtNtNtNtCslGz6mdI36Dx_6bee_vm7opcodes9stack_ops3rot15test_opcode_rot10test_rot_2s_6case_3
FNDA:2,_RNvNtNtNtNtCslGz6mdI36Dx_6bee_vm7opcodes9stack_ops3rot15test_opcode_rot8test_rot
FNDA:3,_RNvNtNtNtNtCslGz6mdI36Dx_6bee_vm7opcodes9stack_ops3rot15test_opcode_rot10test_rot_2
FNDA:1,_RNvNtNtNtNtNtCslGz6mdI36Dx_6bee_vm7opcodes9stack_ops3rot15test_opcode_rot8test_rots_6case_1
FNDA:1,_RNvNtNtNtNtNtCslGz6mdI36Dx_6bee_vm7opcodes9stack_ops3rot15test_opcode_rot8test_rots_6case_2
FNDA:3,_RNvNtNtNtCslGz6mdI36Dx_6bee_vm7opcodes9stack_ops3rot3rot
FNDA:3,_RNvNtNtNtCslGz6mdI36Dx_6bee_vm7opcodes9stack_ops3rot5rot_2
FNDA:1,_RNvNtNtNtNtNtCslGz6mdI36Dx_6bee_vm7opcodes9stack_ops3rot15test_opcode_rot10test_rot_2s_6case_1
FNDA:1,_RNvNtNtNtNtNtCslGz6mdI36Dx_6bee_vm7opcodes9stack_ops3rot15test_opcode_rot10test_rot_2s_6case_2
FNDA:1,_RNvNtNtNtNtNtCslGz6mdI36Dx_6bee_vm7opcodes9stack_ops3rot15test_opcode_rot10test_rot_2s_6case_3
FNF:4
FNH:4
DA:10,3
DA:11,3
DA:12,0
DA:13,0
DA:14,0
DA:15,3
DA:16,3
DA:17,3
DA:18,3
DA:19,3
DA:20,3
DA:21,3
DA:22,3
DA:23,3
DA:24,3
DA:25,3
DA:26,3
DA:27,3
DA:28,3
DA:29,3
DA:30,3
DA:31,3
DA:32,3
DA:33,3
DA:34,3
DA:39,3
DA:40,3
DA:41,3
DA:42,0
DA:43,0
DA:44,0
DA:45,3
DA:46,3
DA:47,3
DA:48,3
DA:49,3
DA:50,3
DA:51,3
DA:52,3
DA:53,3
DA:54,3
DA:55,3
DA:56,3
DA:57,3
DA:58,3
DA:59,3
DA:60,3
DA:61,3
DA:62,3
DA:63,3
DA:64,3
DA:65,3
DA:66,3
DA:67,3
DA:68,3
DA:69,3
DA:70,3
DA:71,3
DA:72,3
DA:73,3
DA:74,3
DA:75,3
DA:83,2
DA:103,3
BRF:0
BRH:0
LF:64
LH:58
end_of_record
SF:/Users/ocdbytes/Desktop/Projects🧰/btcxvm-study/bee-vm/src/opcodes/stack_ops/size.rs
FN:50,_RNvNtNtNtNtCslGz6mdI36Dx_6bee_vm7opcodes9stack_ops4size16test_opcode_size9test_size
FN:50,_RNvNtNtNtNtNtCslGz6mdI36Dx_6bee_vm7opcodes9stack_ops4size16test_opcode_size9test_sizes_6case_1
FN:50,_RNvNtNtNtNtNtCslGz6mdI36Dx_6bee_vm7opcodes9stack_ops4size16test_opcode_size9test_sizes_6case_2
FN:50,_RNvNtNtNtNtNtCslGz6mdI36Dx_6bee_vm7opcodes9stack_ops4size16test_opcode_size9test_sizes_6case_3
FN:50,_RNvNtNtNtNtNtCslGz6mdI36Dx_6bee_vm7opcodes9stack_ops4size16test_opcode_size9test_sizes_6case_4
FN:11,_RNvNtNtNtCslGz6mdI36Dx_6bee_vm7opcodes9stack_ops4size4size
FNDA:4,_RNvNtNtNtNtCslGz6mdI36Dx_6bee_vm7opcodes9stack_ops4size16test_opcode_size9test_size
FNDA:1,_RNvNtNtNtNtNtCslGz6mdI36Dx_6bee_vm7opcodes9stack_ops4size16test_opcode_size9test_sizes_6case_1
FNDA:1,_RNvNtNtNtNtNtCslGz6mdI36Dx_6bee_vm7opcodes9stack_ops4size16test_opcode_size9test_sizes_6case_2
FNDA:1,_RNvNtNtNtNtNtCslGz6mdI36Dx_6bee_vm7opcodes9stack_ops4size16test_opcode_size9test_sizes_6case_3
FNDA:1,_RNvNtNtNtNtNtCslGz6mdI36Dx_6bee_vm7opcodes9stack_ops4size16test_opcode_size9test_sizes_6case_4
FNDA:4,_RNvNtNtNtCslGz6mdI36Dx_6bee_vm7opcodes9stack_ops4size4size
FNF:2
FNH:2
DA:11,4
DA:12,4
DA:13,0
DA:14,4
DA:15,4
DA:16,4
DA:17,4
DA:19,4
DA:20,1
DA:21,2
DA:22,2
DA:23,2
DA:24,2
DA:26,1
DA:27,1
DA:28,1
DA:29,1
DA:31,0
DA:32,0
DA:33,0
DA:39,4
DA:40,4
DA:41,4
DA:42,4
DA:50,4
BRF:0
BRH:0
LF:25
LH:21
end_of_record
SF:/Users/ocdbytes/Desktop/Projects🧰/btcxvm-study/bee-vm/src/opcodes/stack_ops/swap.rs
FN:60,_RNvNtNtNtNtNtCslGz6mdI36Dx_6bee_vm7opcodes9stack_ops4swap16test_opcode_swap9test_swaps_6case_1
FN:60,_RNvNtNtNtNtNtCslGz6mdI36Dx_6bee_vm7opcodes9stack_ops4swap16test_opcode_swap9test_swaps_6case_2
FN:60,_RNvNtNtNtNtCslGz6mdI36Dx_6bee_vm7opcodes9stack_ops4swap16test_opcode_swap9test_swap
FN:80,_RNvNtNtNtNtCslGz6mdI36Dx_6bee_vm7opcodes9stack_ops4swap16test_opcode_swap11test_swap_2
FN:10,_RNvNtNtNtCslGz6mdI36Dx_6bee_vm7opcodes9stack_ops4swap4swap
FN:30,_RNvNtNtNtCslGz6mdI36Dx_6bee_vm7opcodes9stack_ops4swap6swap_2
FN:80,_RNvNtNtNtNtNtCslGz6mdI36Dx_6bee_vm7opcodes9stack_ops4swap16test_opcode_swap11test_swap_2s_6case_1
FN:80,_RNvNtNtNtNtNtCslGz6mdI36Dx_6bee_vm7opcodes9stack_ops4swap16test_opcode_swap11test_swap_2s_6case_2
FNDA:1,_RNvNtNtNtNtNtCslGz6mdI36Dx_6bee_vm7opcodes9stack_ops4swap16test_opcode_swap9test_swaps_6case_1
FNDA:1,_RNvNtNtNtNtNtCslGz6mdI36Dx_6bee_vm7opcodes9stack_ops4swap16test_opcode_swap9test_swaps_6case_2
FNDA:2,_RNvNtNtNtNtCslGz6mdI36Dx_6bee_vm7opcodes9stack_ops4swap16test_opcode_swap9test_swap
FNDA:2,_RNvNtNtNtNtCslGz6mdI36Dx_6bee_vm7opcodes9stack_ops4swap16test_opcode_swap11test_swap_2
FNDA:3,_RNvNtNtNtCslGz6mdI36Dx_6bee_vm7opcodes9stack_ops4swap4swap
FNDA:2,_RNvNtNtNtCslGz6mdI36Dx_6bee_vm7opcodes9stack_ops4swap6swap_2
FNDA:1,_RNvNtNtNtNtNtCslGz6mdI36Dx_6bee_vm7opcodes9stack_ops4swap16test_opcode_swap11test_swap_2s_6case_1
FNDA:1,_RNvNtNtNtNtNtCslGz6mdI36Dx_6bee_vm7opcodes9stack_ops4swap16test_opcode_swap11test_swap_2s_6case_2
FNF:4
FNH:4
DA:10,3
DA:11,3
DA:12,0
DA:13,0
DA:14,0
DA:15,3
DA:16,3
DA:17,3
DA:18,3
DA:19,3
DA:20,3
DA:21,3
DA:22,3
DA:23,3
DA:24,3
DA:25,3
DA:30,2
DA:31,2
DA:32,0
DA:33,0
DA:34,0
DA:35,2
DA:36,2
DA:37,2
DA:38,10
DA:39,8
DA:40,8
DA:41,8
DA:42,8
DA:43,8
DA:44,8
DA:46,2
DA:47,2
DA:48,2
DA:49,2
DA:50,2
DA:51,2
DA:52,2
DA:60,2
DA:80,2
BRF:0
BRH:0
LF:40
LH:34
end_of_record
SF:/Users/ocdbytes/Desktop/Projects🧰/btcxvm-study/bee-vm/src/opcodes/stack_ops/to_alt_stack.rs
FN:39,_RNvNtNtNtNtCslGz6mdI36Dx_6bee_vm7opcodes9stack_ops12to_alt_stack24test_opcode_to_alt_stack17test_to_alt_stack
FN:39,_RNvNtNtNtNtNtCslGz6mdI36Dx_6bee_vm7opcodes9stack_ops12to_alt_stack24test_opcode_to_alt_stack17test_to_alt_stacks_6case_1
FN:39,_RNvNtNtNtNtNtCslGz6mdI36Dx_6bee_vm7opcodes9stack_ops12to_alt_stack24test_opcode_to_alt_stack17test_to_alt_stacks_6case_2
FN:18,_RNvNtNtNtCslGz6mdI36Dx_6bee_vm7opcodes9stack_ops12to_alt_stack12to_alt_stack
FNDA:2,_RNvNtNtNtNtCslGz6mdI36Dx_6bee_vm7opcodes9stack_ops12to_alt_stack24test_opcode_to_alt_stack17test_to_alt_stack
FNDA:1,_RNvNtNtNtNtNtCslGz6mdI36Dx_6bee_vm7opcodes9stack_ops12to_alt_stack24test_opcode_to_alt_stack17test_to_alt_stacks_6case_1
FNDA:1,_RNvNtNtNtNtNtCslGz6mdI36Dx_6bee_vm7opcodes9stack_ops12to_alt_stack24test_opcode_to_alt_stack17test_to_alt_stacks_6case_2
FNDA:3,_RNvNtNtNtCslGz6mdI36Dx_6bee_vm7opcodes9stack_ops12to_alt_stack12to_alt_stack
FNF:2
FNH:2
DA:18,3
DA:19,3
DA:20,3
DA:22,0
DA:23,0
DA:24,0
DA:26,0
DA:28,3
DA:29,3
DA:30,3
DA:31,3
DA:39,2
BRF:0
BRH:0
LF:12
LH:8
end_of_record
SF:/Users/ocdbytes/Desktop/Projects🧰/btcxvm-study/bee-vm/src/opcodes/stack_ops/tuck.rs
FN:37,_RNvNtNtNtNtCslGz6mdI36Dx_6bee_vm7opcodes9stack_ops4tuck16test_opcode_tuck9test_tuck
FN:10,_RNvNtNtNtCslGz6mdI36Dx_6bee_vm7opcodes9stack_ops4tuck4tuck
FN:37,_RNvNtNtNtNtNtCslGz6mdI36Dx_6bee_vm7opcodes9stack_ops4tuck16test_opcode_tuck9test_tucks_6case_1
FNDA:1,_RNvNtNtNtNtCslGz6mdI36Dx_6bee_vm7opcodes9stack_ops4tuck16test_opcode_tuck9test_tuck
FNDA:1,_RNvNtNtNtCslGz6mdI36Dx_6bee_vm7opcodes9stack_ops4tuck4tuck
FNDA:1,_RNvNtNtNtNtNtCslGz6mdI36Dx_6bee_vm7opcodes9stack_ops4tuck16test_opcode_tuck9test_tucks_6case_1
FNF:2
FNH:2
DA:10,1
DA:11,1
DA:12,0
DA:13,0
DA:14,0
DA:15,1
DA:16,1
DA:17,1
DA:18,1
DA:19,1
DA:20,1
DA:21,1
DA:22,1
DA:23,1
DA:24,1
DA:25,1
DA:26,1
DA:27,1
DA:28,1
DA:29,1
DA:37,1
BRF:0
BRH:0
LF:21
LH:18
end_of_record
SF:/Users/ocdbytes/Desktop/Projects🧰/btcxvm-study/bee-vm/src/opcodes/utils.rs
FN:4,_RNvNtNtCslGz6mdI36Dx_6bee_vm7opcodes5utils13string_to_i32
FN:12,_RNvNtNtCslGz6mdI36Dx_6bee_vm7opcodes5utils17check_if_in_range
FN:28,_RNvNtNtCslGz6mdI36Dx_6bee_vm7opcodes5utils17check_string_type
FN:29,_RNCNvNtNtCslGz6mdI36Dx_6bee_vm7opcodes5utils17check_string_type0B7_
FN:31,_RNCNvNtNtCslGz6mdI36Dx_6bee_vm7opcodes5utils17check_string_types_0B7_
FN:33,_RNCNvNtNtCslGz6mdI36Dx_6bee_vm7opcodes5utils17check_string_types0_0B7_
FNDA:147,_RNvNtNtCslGz6mdI36Dx_6bee_vm7opcodes5utils13string_to_i32
FNDA:40,_RNvNtNtCslGz6mdI36Dx_6bee_vm7opcodes5utils17check_if_in_range
FNDA:52,_RNvNtNtCslGz6mdI36Dx_6bee_vm7opcodes5utils17check_string_type
FNDA:107,_RNCNvNtNtCslGz6mdI36Dx_6bee_vm7opcodes5utils17check_string_type0B7_
FNDA:6,_RNCNvNtNtCslGz6mdI36Dx_6bee_vm7opcodes5utils17check_string_types_0B7_
FNDA:830,_RNCNvNtNtCslGz6mdI36Dx_6bee_vm7opcodes5utils17check_string_types0_0B7_
FNF:6
FNH:6
DA:4,147
DA:5,147
DA:6,147
DA:7,0
DA:9,147
DA:12,40
DA:13,40
DA:14,40
DA:15,0
DA:17,40
DA:28,52
DA:29,107
DA:30,42
DA:31,10
DA:32,1
DA:33,830
DA:34,8
DA:36,1
DA:38,52
BRF:0
BRH:0
LF:22
LH:20
end_of_record
SF:/Users/ocdbytes/Desktop/Projects🧰/btcxvm-study/bee-vm/src/opcodes/zero_not_equal.rs
FN:6,_RNvNtNtCslGz6mdI36Dx_6bee_vm7opcodes14zero_not_equal14zero_not_equal
FNDA:0,_RNvNtNtCslGz6mdI36Dx_6bee_vm7opcodes14zero_not_equal14zero_not_equal
FNF:1
FNH:0
DA:6,0
DA:7,0
DA:8,0
DA:10,0
DA:11,0
DA:12,0
DA:14,0
DA:16,0
DA:17,0
DA:18,0
DA:19,0
DA:20,0
DA:22,0
DA:23,0
BRF:0
BRH:0
LF:14
LH:0
end_of_record
SF:/Users/ocdbytes/Desktop/Projects🧰/btcxvm-study/bee-vm/src/processor/input.rs
FN:3,_RNvNtNtCslGz6mdI36Dx_6bee_vm9processor5input11parse_input
FNDA:0,_RNvNtNtCslGz6mdI36Dx_6bee_vm9processor5input11parse_input
FNF:1
FNH:0
DA:3,0
DA:4,0
DA:5,0
DA:6,0
DA:7,0
DA:8,0
DA:9,0
DA:10,0
DA:12,0
DA:13,0
DA:14,0
DA:16,0
DA:17,0
BRF:0
BRH:0
LF:13
LH:0
end_of_record
SF:/Users/ocdbytes/Desktop/Projects🧰/btcxvm-study/bee-vm/src/stack/executor.rs
FN:48,_RNvNtNtCslGz6mdI36Dx_6bee_vm5stack8executor12execute_code
FNDA:19,_RNvNtNtCslGz6mdI36Dx_6bee_vm5stack8executor12execute_code
FNF:1
FNH:1
DA:48,19
DA:49,19
DA:50,19
DA:51,19
DA:52,19
DA:53,19
DA:55,109
DA:56,109
DA:58,109
DA:59,98
DA:60,98
DA:61,98
DA:62,98
DA:63,98
DA:64,91
DA:65,91
DA:66,91
DA:67,91
DA:68,91
DA:69,91
DA:70,91
DA:71,91
DA:72,91
DA:73,91
DA:74,91
DA:75,0
DA:76,0
DA:78,91
DA:79,91
DA:80,91
DA:81,91
DA:82,91
DA:83,91
DA:84,91
DA:85,91
DA:90,91
DA:91,91
DA:92,91
DA:93,91
DA:94,90
DA:95,90
DA:96,90
DA:97,90
DA:98,90
DA:99,90
DA:100,90
DA:101,90
DA:102,89
DA:103,89
DA:104,88
DA:105,88
DA:106,88
DA:107,88
DA:109,88
DA:110,87
DA:115,86
DA:116,76
DA:117,71
DA:122,64
DA:123,4
DA:124,3
DA:125,3
DA:126,3
DA:127,3
DA:128,3
DA:130,1
DA:133,60
DA:134,0
DA:135,0
DA:136,0
DA:137,0
DA:138,0
DA:139,0
DA:141,0
DA:143,0
DA:149,60
DA:150,60
DA:151,60
DA:152,60
DA:153,60
DA:154,55
DA:155,0
DA:156,0
DA:158,55
DA:159,55
DA:160,6
DA:161,6
DA:164,49
DA:165,1
DA:166,48
DA:167,48
DA:168,48
DA:171,11
DA:173,6
DA:174,6
DA:175,5
DA:176,4
DA:177,0
DA:179,5
DA:181,102
DA:182,102
DA:183,102
DA:184,102
DA:187,12
DA:188,12
DA:189,12
DA:190,12
DA:191,12
DA:192,12
DA:193,12
DA:194,19
BRF:0
BRH:0
LF:111
LH:98
end_of_record
SF:/Users/ocdbytes/Desktop/Projects🧰/btcxvm-study/bee-vm/src/stack/flow_tests.rs
FN:84,_RNvNtNtNtNtCslGz6mdI36Dx_6bee_vm5stack10flow_tests5tests25test_execute_code_failures_6case_1
FN:84,_RNvNtNtNtNtCslGz6mdI36Dx_6bee_vm5stack10flow_tests5tests25test_execute_code_failures_6case_2
FN:84,_RNvNtNtNtNtCslGz6mdI36Dx_6bee_vm5stack10flow_tests5tests25test_execute_code_failures_6case_3
FN:84,_RNvNtNtNtNtCslGz6mdI36Dx_6bee_vm5stack10flow_tests5tests25test_execute_code_failures_6case_4
FN:84,_RNvNtNtNtNtCslGz6mdI36Dx_6bee_vm5stack10flow_tests5tests25test_execute_code_failures_6case_5
FN:84,_RNvNtNtNtNtCslGz6mdI36Dx_6bee_vm5stack10flow_tests5tests25test_execute_code_failures_6case_6
FN:84,_RNvNtNtNtNtCslGz6mdI36Dx_6bee_vm5stack10flow_tests5tests25test_execute_code_failures_6case_7
FN:136,_RNCNvNtNtNtCslGz6mdI36Dx_6bee_vm5stack10flow_tests5tests21vec_str_to_vec_string0B9_
FN:8,_RNvNtNtNtNtCslGz6mdI36Dx_6bee_vm5stack10flow_tests5tests25test_execute_code_successs_6case_1
FN:8,_RNvNtNtNtNtCslGz6mdI36Dx_6bee_vm5stack10flow_tests5tests25test_execute_code_successs_6case_2
FN:8,_RNvNtNtNtNtCslGz6mdI36Dx_6bee_vm5stack10flow_tests5tests25test_execute_code_successs_6case_3
FN:8,_RNvNtNtNtNtCslGz6mdI36Dx_6bee_vm5stack10flow_tests5tests25test_execute_code_successs_6case_4
FN:8,_RNvNtNtNtNtCslGz6mdI36Dx_6bee_vm5stack10flow_tests5tests25test_execute_code_successs_6case_5
FN:8,_RNvNtNtNtNtCslGz6mdI36Dx_6bee_vm5stack10flow_tests5tests25test_execute_code_successs_6case_6
FN:8,_RNvNtNtNtNtCslGz6mdI36Dx_6bee_vm5stack10flow_tests5tests25test_execute_code_successs_6case_7
FN:8,_RNvNtNtNtNtCslGz6mdI36Dx_6bee_vm5stack10flow_tests5tests25test_execute_code_successs_6case_8
FN:135,_RNvNtNtNtCslGz6mdI36Dx_6bee_vm5stack10flow_tests5tests21vec_str_to_vec_string
FN:8,_RNvNtNtNtCslGz6mdI36Dx_6bee_vm5stack10flow_tests5tests25test_execute_code_success
FN:84,_RNvNtNtNtCslGz6mdI36Dx_6bee_vm5stack10flow_tests5tests25test_execute_code_failure
FN:101,_RNvNtNtNtCslGz6mdI36Dx_6bee_vm5stack10flow_tests5tests25test_complex_control_flow
FN:101,_RNvNtNtNtNtCslGz6mdI36Dx_6bee_vm5stack10flow_tests5tests25test_complex_control_flows_6case_1
FNDA:1,_RNvNtNtNtNtCslGz6mdI36Dx_6bee_vm5stack10flow_tests5tests25test_execute_code_failures_6case_1
FNDA:1,_RNvNtNtNtNtCslGz6mdI36Dx_6bee_vm5stack10flow_tests5tests25test_execute_code_failures_6case_2
FNDA:1,_RNvNtNtNtNtCslGz6mdI36Dx_6bee_vm5stack10flow_tests5tests25test_execute_code_failures_6case_3
FNDA:1,_RNvNtNtNtNtCslGz6mdI36Dx_6bee_vm5stack10flow_tests5tests25test_execute_code_failures_6case_4
FNDA:1,_RNvNtNtNtNtCslGz6mdI36Dx_6bee_vm5stack10flow_tests5tests25test_execute_code_failures_6case_5
FNDA:1,_RNvNtNtNtNtCslGz6mdI36Dx_6bee_vm5stack10flow_tests5tests25test_execute_code_failures_6case_6
FNDA:1,_RNvNtNtNtNtCslGz6mdI36Dx_6bee_vm5stack10flow_tests5tests25test_execute_code_failures_6case_7
FNDA:14,_RNCNvNtNtNtCslGz6mdI36Dx_6bee_vm5stack10flow_tests5tests21vec_str_to_vec_string0B9_
FNDA:1,_RNvNtNtNtNtCslGz6mdI36Dx_6bee_vm5stack10flow_tests5tests25test_execute_code_successs_6case_1
FNDA:1,_RNvNtNtNtNtCslGz6mdI36Dx_6bee_vm5stack10flow_tests5tests25test_execute_code_successs_6case_2
FNDA:1,_RNvNtNtNtNtCslGz6mdI36Dx_6bee_vm5stack10flow_tests5tests25test_execute_code_successs_6case_3
FNDA:1,_RNvNtNtNtNtCslGz6mdI36Dx_6bee_vm5stack10flow_tests5tests25test_execute_code_successs_6case_4
FNDA:1,_RNvNtNtNtNtCslGz6mdI36Dx_6bee_vm5stack10flow_tests5tests25test_execute_code_successs_6case_5
FNDA:1,_RNvNtNtNtNtCslGz6mdI36Dx_6bee_vm5stack10flow_tests5tests25test_execute_code_successs_6case_6
FNDA:1,_RNvNtNtNtNtCslGz6mdI36Dx_6bee_vm5stack10flow_tests5tests25test_execute_code_successs_6case_7
FNDA:1,_RNvNtNtNtNtCslGz6mdI36Dx_6bee_vm5stack10flow_tests5tests25test_execute_code_successs_6case_8
FNDA:18,_RNvNtNtNtCslGz6mdI36Dx_6bee_vm5stack10flow_tests5tests21vec_str_to_vec_string
FNDA:8,_RNvNtNtNtCslGz6mdI36Dx_6bee_vm5stack10flow_tests5tests25test_execute_code_success
FNDA:7,_RNvNtNtNtCslGz6mdI36Dx_6bee_vm5stack10flow_tests5tests25test_execute_code_failure
FNDA:1,_RNvNtNtNtCslGz6mdI36Dx_6bee_vm5stack10flow_tests5tests25test_complex_control_flow
FNDA:1,_RNvNtNtNtNtCslGz6mdI36Dx_6bee_vm5stack10flow_tests5tests25test_complex_control_flows_6case_1
FNF:8
FNH:8
DA:8,16
DA:84,14
DA:101,2
DA:135,18
DA:136,18
DA:137,18
BRF:0
BRH:0
LF:10
LH:10
end_of_record
SF:/Users/ocdbytes/Desktop/Projects🧰/btcxvm-study/bee-vm/src/stack/mod.rs
FN:20,_RNvMNtCslGz6mdI36Dx_6bee_vm5stackNtB2_5Stack3pop
FN:76,_RNvNtNtCslGz6mdI36Dx_6bee_vm5stack5testss_11pop_element
FN:87,_RNvNtNtCslGz6mdI36Dx_6bee_vm5stack5testss_12push_element
FN:102,_RNvNtNtCslGz6mdI36Dx_6bee_vm5stack5testss_8is_empty
FN:46,_RNvMNtCslGz6mdI36Dx_6bee_vm5stackNtB2_5Stack8is_empty
FN:27,_RNvMNtCslGz6mdI36Dx_6bee_vm5stackNtB2_5Stack4push
FN:32,_RNvMNtCslGz6mdI36Dx_6bee_vm5stackNtB2_5Stack11push_to_top
FN:37,_RNvMNtCslGz6mdI36Dx_6bee_vm5stackNtB2_5Stack12pop_from_top
FN:55,_RNvMNtCslGz6mdI36Dx_6bee_vm5stackNtB2_5Stack10stack_from
FN:50,_RNvMNtCslGz6mdI36Dx_6bee_vm5stackNtB2_5Stack17read_ele_from_top
FN:13,_RNvMNtCslGz6mdI36Dx_6bee_vm5stackNtB2_5Stack3new
FN:65,_RNvXs_NtCslGz6mdI36Dx_6bee_vm5stackNtB4_5StackNtNtCsliVzVx4luf9_4core7default7Default7default
FNDA:7,_RNvMNtCslGz6mdI36Dx_6bee_vm5stackNtB2_5Stack3pop
FNDA:1,_RNvNtNtCslGz6mdI36Dx_6bee_vm5stack5testss_11pop_element
FNDA:1,_RNvNtNtCslGz6mdI36Dx_6bee_vm5stack5testss_12push_element
FNDA:1,_RNvNtNtCslGz6mdI36Dx_6bee_vm5stack5testss_8is_empty
FNDA:1,_RNvMNtCslGz6mdI36Dx_6bee_vm5stackNtB2_5Stack8is_empty
FNDA:6,_RNvMNtCslGz6mdI36Dx_6bee_vm5stackNtB2_5Stack4push
FNDA:607,_RNvMNtCslGz6mdI36Dx_6bee_vm5stackNtB2_5Stack11push_to_top
FNDA:184,_RNvMNtCslGz6mdI36Dx_6bee_vm5stackNtB2_5Stack12pop_from_top
FNDA:194,_RNvMNtCslGz6mdI36Dx_6bee_vm5stackNtB2_5Stack10stack_from
FNDA:42,_RNvMNtCslGz6mdI36Dx_6bee_vm5stackNtB2_5Stack17read_ele_from_top
FNDA:244,_RNvMNtCslGz6mdI36Dx_6bee_vm5stackNtB2_5Stack3new
FNDA:0,_RNvXs_NtCslGz6mdI36Dx_6bee_vm5stackNtB4_5StackNtNtCsliVzVx4luf9_4core7default7Default7default
FNF:12
FNH:11
DA:13,244
DA:14,244
DA:15,244
DA:16,244
DA:17,244
DA:18,244
DA:20,7
DA:21,7
DA:22,7
DA:23,7
DA:24,7
DA:25,7
DA:27,6
DA:28,6
DA:29,6
DA:30,6
DA:32,607
DA:33,607
DA:34,607
DA:35,607
DA:37,184
DA:38,184
DA:39,182
DA:40,182
DA:41,2
DA:43,182
DA:44,184
DA:46,1
DA:47,1
DA:48,1
DA:50,42
DA:51,42
DA:52,42
DA:55,194
DA:56,194
DA:57,593
DA:58,399
DA:59,399
DA:60,194
DA:61,194
DA:65,0
DA:66,0
DA:67,0
DA:76,1
DA:77,1
DA:78,1
DA:79,1
DA:80,1
DA:81,1
DA:82,1
DA:83,1
DA:84,1
DA:87,1
DA:88,1
DA:89,1
DA:90,1
DA:91,1
DA:92,1
DA:93,1
DA:94,1
DA:95,1
DA:96,1
DA:97,1
DA:98,1
DA:99,1
DA:102,1
DA:103,1
DA:104,1
DA:105,1
BRF:0
BRH:0
LF:69
LH:66
end_of_record
SF:/Users/ocdbytes/Desktop/Projects🧰/btcxvm-study/bee-vm/src/utils/mod.rs
FN:4,_RNCNvNtCslGz6mdI36Dx_6bee_vm5utils12print_in_box0B5_
FN:2,_RNvNtCslGz6mdI36Dx_6bee_vm5utils12print_in_box
FNDA:23,_RNCNvNtCslGz6mdI36Dx_6bee_vm5utils12print_in_box0B5_
FNDA:24,_RNvNtCslGz6mdI36Dx_6bee_vm5utils12print_in_box
FNF:2
FNH:2
DA:2,24
DA:3,24
DA:4,24
DA:5,24
DA:6,24
DA:7,24
DA:10,47
DA:11,23
DA:12,23
DA:13,23
DA:14,23
DA:15,23
DA:16,23
DA:17,23
DA:18,23
DA:19,23
DA:20,23
DA:21,23
DA:24,24
DA:25,24
BRF:0
BRH:0
LF:21
LH:21
end_of_record