SF:/Users/ocdbytes/Desktop/Projects🧰/btcxvm-study/bee-vm/src/errors.rs
FN:3,_RNvXs_NtCsd3gWBHE9qGG_6bee_vm6errorsNtB4_12OpCodeErrorsNtNtCsliVzVx4luf9_4core3fmt7Display3fmt
FN:31,_RNvXs4_NtCsd3gWBHE9qGG_6bee_vm6errorsNtB5_17InputParsingErrorNtNtCsliVzVx4luf9_4core3fmt7Display3fmt
FNDA:7,_RNvXs_NtCsd3gWBHE9qGG_6bee_vm6errorsNtB4_12OpCodeErrorsNtNtCsliVzVx4luf9_4core3fmt7Display3fmt
FNDA:0,_RNvXs4_NtCsd3gWBHE9qGG_6bee_vm6errorsNtB5_17InputParsingErrorNtNtCsliVzVx4luf9_4core3fmt7Display3fmt
FNF:2
FNH:1
DA:3,7
DA:31,0
BRF:0
BRH:0
LF:2
LH:1
end_of_record
SF:/Users/ocdbytes/Desktop/Projects🧰/btcxvm-study/bee-vm/src/main.rs
FN:43,_RNvCsd3gWBHE9qGG_6bee_vm4main
FNDA:0,_RNvCsd3gWBHE9qGG_6bee_vm4main
FNF:1
FNH:0
DA:43,0
DA:44,0
DA:45,0
DA:46,0
DA:48,0
DA:50,0
DA:51,0
DA:52,0
DA:53,0
DA:54,0
DA:55,0
DA:56,0
BRF:0
BRH:0
LF:12
LH:0
end_of_record
SF:/Users/ocdbytes/Desktop/Projects🧰/btcxvm-study/bee-vm/src/opcodes/arithmetic_ops/abs.rs
FN:28,_RNvNtNtNtNtCsd3gWBHE9qGG_6bee_vm7opcodes14arithmetic_ops3abs15test_opcode_abs8test_abs
FN:11,_RNvNtNtNtCsd3gWBHE9qGG_6bee_vm7opcodes14arithmetic_ops3abs3abs
FN:28,_RNvNtNtNtNtNtCsd3gWBHE9qGG_6bee_vm7opcodes14arithmetic_ops3abs15test_opcode_abs8test_abss_6case_1
FN:28,_RNvNtNtNtNtNtCsd3gWBHE9qGG_6bee_vm7opcodes14arithmetic_ops3abs15test_opcode_abs8test_abss_6case_2
FNDA:2,_RNvNtNtNtNtCsd3gWBHE9qGG_6bee_vm7opcodes14arithmetic_ops3abs15test_opcode_abs8test_abs
FNDA:2,_RNvNtNtNtCsd3gWBHE9qGG_6bee_vm7opcodes14arithmetic_ops3abs3abs
FNDA:1,_RNvNtNtNtNtNtCsd3gWBHE9qGG_6bee_vm7opcodes14arithmetic_ops3abs15test_opcode_abs8test_abss_6case_1
FNDA:1,_RNvNtNtNtNtNtCsd3gWBHE9qGG_6bee_vm7opcodes14arithmetic_ops3abs15test_opcode_abs8test_abss_6case_2
FNF:2
FNH:2
DA:11,2
DA:12,2
DA:13,2
DA:14,0
DA:15,0
DA:17,2
DA:18,2
DA:19,2
DA:20,2
DA:28,2
BRF:0
BRH:0
LF:10
LH:8
end_of_record
SF:/Users/ocdbytes/Desktop/Projects🧰/btcxvm-study/bee-vm/src/opcodes/arithmetic_ops/add.rs
FN:36,_RNvNtNtNtNtCsd3gWBHE9qGG_6bee_vm7opcodes14arithmetic_ops3add15test_opcode_add8test_add
FN:14,_RNvNtNtNtCsd3gWBHE9qGG_6bee_vm7opcodes14arithmetic_ops3add3add
FN:36,_RNvNtNtNtNtNtCsd3gWBHE9qGG_6bee_vm7opcodes14arithmetic_ops3add15test_opcode_add8test_adds_6case_1
FN:36,_RNvNtNtNtNtNtCsd3gWBHE9qGG_6bee_vm7opcodes14arithmetic_ops3add15test_opcode_add8test_adds_6case_2
FNDA:2,_RNvNtNtNtNtCsd3gWBHE9qGG_6bee_vm7opcodes14arithmetic_ops3add15test_opcode_add8test_add
FNDA:13,_RNvNtNtNtCsd3gWBHE9qGG_6bee_vm7opcodes14arithmetic_ops3add3add
FNDA:1,_RNvNtNtNtNtNtCsd3gWBHE9qGG_6bee_vm7opcodes14arithmetic_ops3add15test_opcode_add8test_adds_6case_1
FNDA:1,_RNvNtNtNtNtNtCsd3gWBHE9qGG_6bee_vm7opcodes14arithmetic_ops3add15test_opcode_add8test_adds_6case_2
FNF:2
FNH:2
DA:14,13
DA:15,13
DA:16,13
DA:17,0
DA:18,0
DA:20,13
DA:21,13
DA:22,0
DA:23,0
DA:25,13
DA:26,13
DA:27,13
DA:28,13
DA:36,2
BRF:0
BRH:0
LF:14
LH:10
end_of_record
SF:/Users/ocdbytes/Desktop/Projects🧰/btcxvm-study/bee-vm/src/opcodes/arithmetic_ops/add1.rs
FN:27,_RNvNtNtNtNtCsd3gWBHE9qGG_6bee_vm7opcodes14arithmetic_ops4add117test_opcode_add_110test_add_1
FN:11,_RNvNtNtNtCsd3gWBHE9qGG_6bee_vm7opcodes14arithmetic_ops4add15add_1
FN:27,_RNvNtNtNtNtNtCsd3gWBHE9qGG_6bee_vm7opcodes14arithmetic_ops4add117test_opcode_add_110test_add_1s_6case_1
FN:27,_RNvNtNtNtNtNtCsd3gWBHE9qGG_6bee_vm7opcodes14arithmetic_ops4add117test_opcode_add_110test_add_1s_6case_2
FNDA:2,_RNvNtNtNtNtCsd3gWBHE9qGG_6bee_vm7opcodes14arithmetic_ops4add117test_opcode_add_110test_add_1
FNDA:2,_RNvNtNtNtCsd3gWBHE9qGG_6bee_vm7opcodes14arithmetic_ops4add15add_1
FNDA:1,_RNvNtNtNtNtNtCsd3gWBHE9qGG_6bee_vm7opcodes14arithmetic_ops4add117test_opcode_add_110test_add_1s_6case_1
FNDA:1,_RNvNtNtNtNtNtCsd3gWBHE9qGG_6bee_vm7opcodes14arithmetic_ops4add117test_opcode_add_110test_add_1s_6case_2
FNF:2
FNH:2
DA:11,2
DA:12,2
DA:13,2
DA:14,0
DA:15,0
DA:16,2
DA:17,2
DA:18,2
DA:19,2
DA:27,2
BRF:0
BRH:0
LF:10
LH:8
end_of_record
SF:/Users/ocdbytes/Desktop/Projects🧰/btcxvm-study/bee-vm/src/opcodes/arithmetic_ops/bool_and.rs
FN:14,_RNvNtNtNtCsd3gWBHE9qGG_6bee_vm7opcodes14arithmetic_ops8bool_and8bool_and
FN:39,_RNvNtNtNtNtCsd3gWBHE9qGG_6bee_vm7opcodes14arithmetic_ops8bool_and20test_opcode_bool_and13test_bool_and
FN:39,_RNvNtNtNtNtNtCsd3gWBHE9qGG_6bee_vm7opcodes14arithmetic_ops8bool_and20test_opcode_bool_and13test_bool_ands_6case_1
FN:39,_RNvNtNtNtNtNtCsd3gWBHE9qGG_6bee_vm7opcodes14arithmetic_ops8bool_and20test_opcode_bool_and13test_bool_ands_6case_2
FNDA:2,_RNvNtNtNtCsd3gWBHE9qGG_6bee_vm7opcodes14arithmetic_ops8bool_and8bool_and
FNDA:2,_RNvNtNtNtNtCsd3gWBHE9qGG_6bee_vm7opcodes14arithmetic_ops8bool_and20test_opcode_bool_and13test_bool_and
FNDA:1,_RNvNtNtNtNtNtCsd3gWBHE9qGG_6bee_vm7opcodes14arithmetic_ops8bool_and20test_opcode_bool_and13test_bool_ands_6case_1
FNDA:1,_RNvNtNtNtNtNtCsd3gWBHE9qGG_6bee_vm7opcodes14arithmetic_ops8bool_and20test_opcode_bool_and13test_bool_ands_6case_2
FNF:2
FNH:2
DA:14,2
DA:15,2
DA:16,2
DA:17,0
DA:18,0
DA:19,2
DA:20,2
DA:21,0
DA:22,0
DA:24,2
DA:25,1
DA:26,1
DA:27,1
DA:28,1
DA:30,2
DA:31,2
DA:39,2
BRF:0
BRH:0
LF:17
LH:13
end_of_record
SF:/Users/ocdbytes/Desktop/Projects🧰/btcxvm-study/bee-vm/src/opcodes/arithmetic_ops/bool_or.rs
FN:39,_RNvNtNtNtNtCsd3gWBHE9qGG_6bee_vm7opcodes14arithmetic_ops7bool_or19test_opcode_bool_or12test_bool_or
FN:14,_RNvNtNtNtCsd3gWBHE9qGG_6bee_vm7opcodes14arithmetic_ops7bool_or7bool_or
FN:39,_RNvNtNtNtNtNtCsd3gWBHE9qGG_6bee_vm7opcodes14arithmetic_ops7bool_or19test_opcode_bool_or12test_bool_ors_6case_1
FN:39,_RNvNtNtNtNtNtCsd3gWBHE9qGG_6bee_vm7opcodes14arithmetic_ops7bool_or19test_opcode_bool_or12test_bool_ors_6case_2
FN:39,_RNvNtNtNtNtNtCsd3gWBHE9qGG_6bee_vm7opcodes14arithmetic_ops7bool_or19test_opcode_bool_or12test_bool_ors_6case_3
FNDA:3,_RNvNtNtNtNtCsd3gWBHE9qGG_6bee_vm7opcodes14arithmetic_ops7bool_or19test_opcode_bool_or12test_bool_or
FNDA:3,_RNvNtNtNtCsd3gWBHE9qGG_6bee_vm7opcodes14arithmetic_ops7bool_or7bool_or
FNDA:1,_RNvNtNtNtNtNtCsd3gWBHE9qGG_6bee_vm7opcodes14arithmetic_ops7bool_or19test_opcode_bool_or12test_bool_ors_6case_1
FNDA:1,_RNvNtNtNtNtNtCsd3gWBHE9qGG_6bee_vm7opcodes14arithmetic_ops7bool_or19test_opcode_bool_or12test_bool_ors_6case_2
FNDA:1,_RNvNtNtNtNtNtCsd3gWBHE9qGG_6bee_vm7opcodes14arithmetic_ops7bool_or19test_opcode_bool_or12test_bool_ors_6case_3
FNF:2
FNH:2
DA:14,3
DA:15,3
DA:16,3
DA:17,0
DA:18,0
DA:19,3
DA:20,3
DA:21,0
DA:22,0
DA:24,3
DA:25,2
DA:26,2
DA:27,1
DA:28,1
DA:30,3
DA:31,3
DA:39,3
BRF:0
BRH:0
LF:17
LH:13
end_of_record
SF:/Users/ocdbytes/Desktop/Projects🧰/btcxvm-study/bee-vm/src/opcodes/arithmetic_ops/greater_than.rs
FN:47,_RNvNtNtNtNtCsd3gWBHE9qGG_6bee_vm7opcodes14arithmetic_ops12greater_than24test_opcode_greater_than17test_greater_than
FN:47,_RNvNtNtNtNtNtCsd3gWBHE9qGG_6bee_vm7opcodes14arithmetic_ops12greater_than24test_opcode_greater_than17test_greater_thans_6case_1
FN:47,_RNvNtNtNtNtNtCsd3gWBHE9qGG_6bee_vm7opcodes14arithmetic_ops12greater_than24test_opcode_greater_than17test_greater_thans_6case_2
FN:14,_RNvNtNtNtCsd3gWBHE9qGG_6bee_vm7opcodes14arithmetic_ops12greater_than12greater_than
FNDA:2,_RNvNtNtNtNtCsd3gWBHE9qGG_6bee_vm7opcodes14arithmetic_ops12greater_than24test_opcode_greater_than17test_greater_than
FNDA:1,_RNvNtNtNtNtNtCsd3gWBHE9qGG_6bee_vm7opcodes14arithmetic_ops12greater_than24test_opcode_greater_than17test_greater_thans_6case_1
FNDA:1,_RNvNtNtNtNtNtCsd3gWBHE9qGG_6bee_vm7opcodes14arithmetic_ops12greater_than24test_opcode_greater_than17test_greater_thans_6case_2
FNDA:2,_RNvNtNtNtCsd3gWBHE9qGG_6bee_vm7opcodes14arithmetic_ops12greater_than12greater_than
FNF:2
FNH:2
DA:14,2
DA:15,2
DA:16,2
DA:18,0
DA:19,0
DA:20,0
DA:22,0
DA:23,2
DA:24,2
DA:26,0
DA:27,0
DA:28,0
DA:30,0
DA:32,2
DA:33,1
DA:34,1
DA:35,1
DA:36,1
DA:38,2
DA:39,2
DA:47,2
BRF:0
BRH:0
LF:21
LH:13
end_of_record
SF:/Users/ocdbytes/Desktop/Projects🧰/btcxvm-study/bee-vm/src/opcodes/arithmetic_ops/greater_than_or_equal.rs
FN:47,_RNvNtNtNtNtCsd3gWBHE9qGG_6bee_vm7opcodes14arithmetic_ops21greater_than_or_equal33test_opcode_greater_than_or_equal26test_greater_than_or_equal
FN:14,_RNvNtNtNtCsd3gWBHE9qGG_6bee_vm7opcodes14arithmetic_ops21greater_than_or_equal21greater_than_or_equal
FN:47,_RNvNtNtNtNtNtCsd3gWBHE9qGG_6bee_vm7opcodes14arithmetic_ops21greater_than_or_equal33test_opcode_greater_than_or_equal26test_greater_than_or_equals_6case_1
FN:47,_RNvNtNtNtNtNtCsd3gWBHE9qGG_6bee_vm7opcodes14arithmetic_ops21greater_than_or_equal33test_opcode_greater_than_or_equal26test_greater_than_or_equals_6case_2
FN:47,_RNvNtNtNtNtNtCsd3gWBHE9qGG_6bee_vm7opcodes14arithmetic_ops21greater_than_or_equal33test_opcode_greater_than_or_equal26test_greater_than_or_equals_6case_3
FNDA:3,_RNvNtNtNtNtCsd3gWBHE9qGG_6bee_vm7opcodes14arithmetic_ops21greater_than_or_equal33test_opcode_greater_than_or_equal26test_greater_than_or_equal
FNDA:3,_RNvNtNtNtCsd3gWBHE9qGG_6bee_vm7opcodes14arithmetic_ops21greater_than_or_equal21greater_than_or_equal
FNDA:1,_RNvNtNtNtNtNtCsd3gWBHE9qGG_6bee_vm7opcodes14arithmetic_ops21greater_than_or_equal33test_opcode_greater_than_or_equal26test_greater_than_or_equals_6case_1
FNDA:1,_RNvNtNtNtNtNtCsd3gWBHE9qGG_6bee_vm7opcodes14arithmetic_ops21greater_than_or_equal33test_opcode_greater_than_or_equal26test_greater_than_or_equals_6case_2
FNDA:1,_RNvNtNtNtNtNtCsd3gWBHE9qGG_6bee_vm7opcodes14arithmetic_ops21greater_than_or_equal33test_opcode_greater_than_or_equal26test_greater_than_or_equals_6case_3
FNF:2
FNH:2
DA:14,3
DA:15,3
DA:16,3
DA:18,0
DA:19,0
DA:20,0
DA:22,0
DA:23,3
DA:24,3
DA:26,0
DA:27,0
DA:28,0
DA:30,0
DA:32,3
DA:33,2
DA:34,2
DA:35,1
DA:36,1
DA:38,3
DA:39,3
DA:47,3
BRF:0
BRH:0
LF:21
LH:13
end_of_record
SF:/Users/ocdbytes/Desktop/Projects🧰/btcxvm-study/bee-vm/src/opcodes/arithmetic_ops/less_than.rs
FN:47,_RNvNtNtNtNtCsd3gWBHE9qGG_6bee_vm7opcodes14arithmetic_ops9less_than21test_opcode_less_than14test_less_than
FN:47,_RNvNtNtNtNtNtCsd3gWBHE9qGG_6bee_vm7opcodes14arithmetic_ops9less_than21test_opcode_less_than14test_less_thans_6case_1
FN:47,_RNvNtNtNtNtNtCsd3gWBHE9qGG_6bee_vm7opcodes14arithmetic_ops9less_than21test_opcode_less_than14test_less_thans_6case_2
FN:14,_RNvNtNtNtCsd3gWBHE9qGG_6bee_vm7opcodes14arithmetic_ops9less_than9less_than
FNDA:2,_RNvNtNtNtNtCsd3gWBHE9qGG_6bee_vm7opcodes14arithmetic_ops9less_than21test_opcode_less_than14test_less_than
FNDA:1,_RNvNtNtNtNtNtCsd3gWBHE9qGG_6bee_vm7opcodes14arithmetic_ops9less_than21test_opcode_less_than14test_less_thans_6case_1
FNDA:1,_RNvNtNtNtNtNtCsd3gWBHE9qGG_6bee_vm7opcodes14arithmetic_ops9less_than21test_opcode_less_than14test_less_thans_6case_2
FNDA:2,_RNvNtNtNtCsd3gWBHE9qGG_6bee_vm7opcodes14arithmetic_ops9less_than9less_than
FNF:2
FNH:2
DA:14,2
DA:15,2
DA:16,2
DA:18,0
DA:19,0
DA:20,0
DA:22,0
DA:23,2
DA:24,2
DA:26,0
DA:27,0
DA:28,0
DA:30,0
DA:32,2
DA:33,1
DA:34,1
DA:35,1
DA:36,1
DA:38,2
DA:39,2
DA:47,2
BRF:0
BRH:0
LF:21
LH:13
end_of_record
SF:/Users/ocdbytes/Desktop/Projects🧰/btcxvm-study/bee-vm/src/opcodes/arithmetic_ops/less_than_or_equal.rs
FN:14,_RNvNtNtNtCsd3gWBHE9qGG_6bee_vm7opcodes14arithmetic_ops18less_than_or_equal18less_than_or_equal
FN:47,_RNvNtNtNtNtNtCsd3gWBHE9qGG_6bee_vm7opcodes14arithmetic_ops18less_than_or_equal30test_opcode_less_than_or_equal23test_less_than_or_equals_6case_1
FN:47,_RNvNtNtNtNtNtCsd3gWBHE9qGG_6bee_vm7opcodes14arithmetic_ops18less_than_or_equal30test_opcode_less_than_or_equal23test_less_than_or_equals_6case_2
FN:47,_RNvNtNtNtNtNtCsd3gWBHE9qGG_6bee_vm7opcodes14arithmetic_ops18less_than_or_equal30test_opcode_less_than_or_equal23test_less_than_or_equals_6case_3
FN:47,_RNvNtNtNtNtCsd3gWBHE9qGG_6bee_vm7opcodes14arithmetic_ops18less_than_or_equal30test_opcode_less_than_or_equal23test_less_than_or_equal
FNDA:3,_RNvNtNtNtCsd3gWBHE9qGG_6bee_vm7opcodes14arithmetic_ops18less_than_or_equal18less_than_or_equal
FNDA:1,_RNvNtNtNtNtNtCsd3gWBHE9qGG_6bee_vm7opcodes14arithmetic_ops18less_than_or_equal30test_opcode_less_than_or_equal23test_less_than_or_equals_6case_1
FNDA:1,_RNvNtNtNtNtNtCsd3gWBHE9qGG_6bee_vm7opcodes14arithmetic_ops18less_than_or_equal30test_opcode_less_than_or_equal23test_less_than_or_equals_6case_2
FNDA:1,_RNvNtNtNtNtNtCsd3gWBHE9qGG_6bee_vm7opcodes14arithmetic_ops18less_than_or_equal30test_opcode_less_than_or_equal23test_less_than_or_equals_6case_3
FNDA:3,_RNvNtNtNtNtCsd3gWBHE9qGG_6bee_vm7opcodes14arithmetic_ops18less_than_or_equal30test_opcode_less_than_or_equal23test_less_than_or_equal
FNF:2
FNH:2
DA:14,3
DA:15,3
DA:16,3
DA:18,0
DA:19,0
DA:20,0
DA:22,0
DA:23,3
DA:24,3
DA:26,0
DA:27,0
DA:28,0
DA:30,0
DA:32,3
DA:33,2
DA:34,2
DA:35,1
DA:36,1
DA:38,3
DA:39,3
DA:47,3
BRF:0
BRH:0
LF:21
LH:13
end_of_record
SF:/Users/ocdbytes/Desktop/Projects🧰/btcxvm-study/bee-vm/src/opcodes/arithmetic_ops/max.rs
FN:36,_RNvNtNtNtNtCsd3gWBHE9qGG_6bee_vm7opcodes14arithmetic_ops3max15test_opcode_max8test_max
FN:15,_RNvNtNtNtCsd3gWBHE9qGG_6bee_vm7opcodes14arithmetic_ops3max3max
FN:36,_RNvNtNtNtNtNtCsd3gWBHE9qGG_6bee_vm7opcodes14arithmetic_ops3max15test_opcode_max8test_maxs_6case_1
FN:36,_RNvNtNtNtNtNtCsd3gWBHE9qGG_6bee_vm7opcodes14arithmetic_ops3max15test_opcode_max8test_maxs_6case_2
FN:36,_RNvNtNtNtNtNtCsd3gWBHE9qGG_6bee_vm7opcodes14arithmetic_ops3max15test_opcode_max8test_maxs_6case_3
FNDA:3,_RNvNtNtNtNtCsd3gWBHE9qGG_6bee_vm7opcodes14arithmetic_ops3max15test_opcode_max8test_max
FNDA:3,_RNvNtNtNtCsd3gWBHE9qGG_6bee_vm7opcodes14arithmetic_ops3max3max
FNDA:1,_RNvNtNtNtNtNtCsd3gWBHE9qGG_6bee_vm7opcodes14arithmetic_ops3max15test_opcode_max8test_maxs_6case_1
FNDA:1,_RNvNtNtNtNtNtCsd3gWBHE9qGG_6bee_vm7opcodes14arithmetic_ops3max15test_opcode_max8test_maxs_6case_2
FNDA:1,_RNvNtNtNtNtNtCsd3gWBHE9qGG_6bee_vm7opcodes14arithmetic_ops3max15test_opcode_max8test_maxs_6case_3
FNF:2
FNH:2
DA:15,3
DA:16,3
DA:17,3
DA:18,0
DA:19,0
DA:20,3
DA:21,3
DA:22,0
DA:23,0
DA:25,3
DA:26,3
DA:27,3
DA:28,3
DA:36,3
BRF:0
BRH:0
LF:14
LH:10
end_of_record
SF:/Users/ocdbytes/Desktop/Projects🧰/btcxvm-study/bee-vm/src/opcodes/arithmetic_ops/min.rs
FN:36,_RNvNtNtNtNtCsd3gWBHE9qGG_6bee_vm7opcodes14arithmetic_ops3min15test_opcode_min8test_min
FN:15,_RNvNtNtNtCsd3gWBHE9qGG_6bee_vm7opcodes14arithmetic_ops3min3min
FN:36,_RNvNtNtNtNtNtCsd3gWBHE9qGG_6bee_vm7opcodes14arithmetic_ops3min15test_opcode_min8test_mins_6case_1
FN:36,_RNvNtNtNtNtNtCsd3gWBHE9qGG_6bee_vm7opcodes14arithmetic_ops3min15test_opcode_min8test_mins_6case_2
FN:36,_RNvNtNtNtNtNtCsd3gWBHE9qGG_6bee_vm7opcodes14arithmetic_ops3min15test_opcode_min8test_mins_6case_3
FNDA:3,_RNvNtNtNtNtCsd3gWBHE9qGG_6bee_vm7opcodes14arithmetic_ops3min15test_opcode_min8test_min
FNDA:3,_RNvNtNtNtCsd3gWBHE9qGG_6bee_vm7opcodes14arithmetic_ops3min3min
FNDA:1,_RNvNtNtNtNtNtCsd3gWBHE9qGG_6bee_vm7opcodes14arithmetic_ops3min15test_opcode_min8test_mins_6case_1
FNDA:1,_RNvNtNtNtNtNtCsd3gWBHE9qGG_6bee_vm7opcodes14arithmetic_ops3min15test_opcode_min8test_mins_6case_2
FNDA:1,_RNvNtNtNtNtNtCsd3gWBHE9qGG_6bee_vm7opcodes14arithmetic_ops3min15test_opcode_min8test_mins_6case_3
FNF:2
FNH:2
DA:15,3
DA:16,3
DA:17,3
DA:18,0
DA:19,0
DA:20,3
DA:21,3
DA:22,0
DA:23,0
DA:25,3
DA:26,3
DA:27,3
DA:28,3
DA:36,3
BRF:0
BRH:0
LF:14
LH:10
end_of_record
SF:/Users/ocdbytes/Desktop/Projects🧰/btcxvm-study/bee-vm/src/opcodes/arithmetic_ops/negate.rs
FN:29,_RNvNtNtNtNtCsd3gWBHE9qGG_6bee_vm7opcodes14arithmetic_ops6negate18test_opcode_negate11test_negate
FN:11,_RNvNtNtNtCsd3gWBHE9qGG_6bee_vm7opcodes14arithmetic_ops6negate6negate
FN:29,_RNvNtNtNtNtNtCsd3gWBHE9qGG_6bee_vm7opcodes14arithmetic_ops6negate18test_opcode_negate11test_negates_6case_1
FN:29,_RNvNtNtNtNtNtCsd3gWBHE9qGG_6bee_vm7opcodes14arithmetic_ops6negate18test_opcode_negate11test_negates_6case_2
FNDA:2,_RNvNtNtNtNtCsd3gWBHE9qGG_6bee_vm7opcodes14arithmetic_ops6negate18test_opcode_negate11test_negate
FNDA:2,_RNvNtNtNtCsd3gWBHE9qGG_6bee_vm7opcodes14arithmetic_ops6negate6negate
FNDA:1,_RNvNtNtNtNtNtCsd3gWBHE9qGG_6bee_vm7opcodes14arithmetic_ops6negate18test_opcode_negate11test_negates_6case_1
FNDA:1,_RNvNtNtNtNtNtCsd3gWBHE9qGG_6bee_vm7opcodes14arithmetic_ops6negate18test_opcode_negate11test_negates_6case_2
FNF:2
FNH:2
DA:11,2
DA:12,2
DA:13,2
DA:14,2
DA:15,0
DA:18,2
DA:19,2
DA:20,2
DA:21,2
DA:29,2
BRF:0
BRH:0
LF:10
LH:9
end_of_record
SF:/Users/ocdbytes/Desktop/Projects🧰/btcxvm-study/bee-vm/src/opcodes/arithmetic_ops/not.rs
FN:35,_RNvNtNtNtNtCsd3gWBHE9qGG_6bee_vm7opcodes14arithmetic_ops3not15test_opcode_not8test_not
FN:10,_RNvNtNtNtCsd3gWBHE9qGG_6bee_vm7opcodes14arithmetic_ops3not3not
FN:35,_RNvNtNtNtNtNtCsd3gWBHE9qGG_6bee_vm7opcodes14arithmetic_ops3not15test_opcode_not8test_nots_6case_1
FN:35,_RNvNtNtNtNtNtCsd3gWBHE9qGG_6bee_vm7opcodes14arithmetic_ops3not15test_opcode_not8test_nots_6case_2
FN:35,_RNvNtNtNtNtNtCsd3gWBHE9qGG_6bee_vm7opcodes14arithmetic_ops3not15test_opcode_not8test_nots_6case_3
FNDA:3,_RNvNtNtNtNtCsd3gWBHE9qGG_6bee_vm7opcodes14arithmetic_ops3not15test_opcode_not8test_not
FNDA:3,_RNvNtNtNtCsd3gWBHE9qGG_6bee_vm7opcodes14arithmetic_ops3not3not
FNDA:1,_RNvNtNtNtNtNtCsd3gWBHE9qGG_6bee_vm7opcodes14arithmetic_ops3not15test_opcode_not8test_nots_6case_1
FNDA:1,_RNvNtNtNtNtNtCsd3gWBHE9qGG_6bee_vm7opcodes14arithmetic_ops3not15test_opcode_not8test_nots_6case_2
FNDA:1,_RNvNtNtNtNtNtCsd3gWBHE9qGG_6bee_vm7opcodes14arithmetic_ops3not15test_opcode_not8test_nots_6case_3
FNF:2
FNH:2
DA:10,3
DA:11,3
DA:12,3
DA:13,3
DA:14,3
DA:15,3
DA:16,1
DA:17,2
DA:18,1
DA:19,1
DA:20,1
DA:21,1
DA:23,0
DA:26,3
DA:27,3
DA:35,3
BRF:0
BRH:0
LF:16
LH:15
end_of_record
SF:/Users/ocdbytes/Desktop/Projects🧰/btcxvm-study/bee-vm/src/opcodes/arithmetic_ops/num_equal.rs
FN:47,_RNvNtNtNtNtCsd3gWBHE9qGG_6bee_vm7opcodes14arithmetic_ops9num_equal21test_opcode_num_equal14test_num_equal
FN:14,_RNvNtNtNtCsd3gWBHE9qGG_6bee_vm7opcodes14arithmetic_ops9num_equal9num_equal
FN:47,_RNvNtNtNtNtNtCsd3gWBHE9qGG_6bee_vm7opcodes14arithmetic_ops9num_equal21test_opcode_num_equal14test_num_equals_6case_1
FN:47,_RNvNtNtNtNtNtCsd3gWBHE9qGG_6bee_vm7opcodes14arithmetic_ops9num_equal21test_opcode_num_equal14test_num_equals_6case_2
FN:47,_RNvNtNtNtNtNtCsd3gWBHE9qGG_6bee_vm7opcodes14arithmetic_ops9num_equal21test_opcode_num_equal14test_num_equals_6case_3
FNDA:3,_RNvNtNtNtNtCsd3gWBHE9qGG_6bee_vm7opcodes14arithmetic_ops9num_equal21test_opcode_num_equal14test_num_equal
FNDA:3,_RNvNtNtNtCsd3gWBHE9qGG_6bee_vm7opcodes14arithmetic_ops9num_equal9num_equal
FNDA:1,_RNvNtNtNtNtNtCsd3gWBHE9qGG_6bee_vm7opcodes14arithmetic_ops9num_equal21test_opcode_num_equal14test_num_equals_6case_1
FNDA:1,_RNvNtNtNtNtNtCsd3gWBHE9qGG_6bee_vm7opcodes14arithmetic_ops9num_equal21test_opcode_num_equal14test_num_equals_6case_2
FNDA:1,_RNvNtNtNtNtNtCsd3gWBHE9qGG_6bee_vm7opcodes14arithmetic_ops9num_equal21test_opcode_num_equal14test_num_equals_6case_3
FNF:2
FNH:2
DA:14,3
DA:15,3
DA:16,3
DA:18,0
DA:19,0
DA:20,0
DA:22,0
DA:23,3
DA:24,3
DA:26,0
DA:27,0
DA:28,0
DA:30,0
DA:32,3
DA:33,1
DA:34,2
DA:35,2
DA:36,2
DA:38,3
DA:39,3
DA:47,3
BRF:0
BRH:0
LF:21
LH:13
end_of_record
SF:/Users/ocdbytes/Desktop/Projects🧰/btcxvm-study/bee-vm/src/opcodes/arithmetic_ops/num_not_equal.rs
FN:47,_RNvNtNtNtNtCsd3gWBHE9qGG_6bee_vm7opcodes14arithmetic_ops13num_not_equal25test_opcode_num_not_equal18test_num_not_equal
FN:47,_RNvNtNtNtNtNtCsd3gWBHE9qGG_6bee_vm7opcodes14arithmetic_ops13num_not_equal25test_opcode_num_not_equal18test_num_not_equals_6case_1
FN:47,_RNvNtNtNtNtNtCsd3gWBHE9qGG_6bee_vm7opcodes14arithmetic_ops13num_not_equal25test_opcode_num_not_equal18test_num_not_equals_6case_2
FN:47,_RNvNtNtNtNtNtCsd3gWBHE9qGG_6bee_vm7opcodes14arithmetic_ops13num_not_equal25test_opcode_num_not_equal18test_num_not_equals_6case_3
FN:14,_RNvNtNtNtCsd3gWBHE9qGG_6bee_vm7opcodes14arithmetic_ops13num_not_equal13num_not_equal
FNDA:3,_RNvNtNtNtNtCsd3gWBHE9qGG_6bee_vm7opcodes14arithmetic_ops13num_not_equal25test_opcode_num_not_equal18test_num_not_equal
FNDA:1,_RNvNtNtNtNtNtCsd3gWBHE9qGG_6bee_vm7opcodes14arithmetic_ops13num_not_equal25test_opcode_num_not_equal18test_num_not_equals_6case_1
FNDA:1,_RNvNtNtNtNtNtCsd3gWBHE9qGG_6bee_vm7opcodes14arithmetic_ops13num_not_equal25test_opcode_num_not_equal18test_num_not_equals_6case_2
FNDA:1,_RNvNtNtNtNtNtCsd3gWBHE9qGG_6bee_vm7opcodes14arithmetic_ops13num_not_equal25test_opcode_num_not_equal18test_num_not_equals_6case_3
FNDA:3,_RNvNtNtNtCsd3gWBHE9qGG_6bee_vm7opcodes14arithmetic_ops13num_not_equal13num_not_equal
FNF:2
FNH:2
DA:14,3
DA:15,3
DA:16,3
DA:18,0
DA:19,0
DA:20,0
DA:22,0
DA:23,3
DA:24,3
DA:26,0
DA:27,0
DA:28,0
DA:30,0
DA:32,3
DA:33,2
DA:34,2
DA:35,1
DA:36,1
DA:38,3
DA:39,3
DA:47,3
BRF:0
BRH:0
LF:21
LH:13
end_of_record
SF:/Users/ocdbytes/Desktop/Projects🧰/btcxvm-study/bee-vm/src/opcodes/arithmetic_ops/op_false.rs
FN:6,_RNvNtNtNtCsd3gWBHE9qGG_6bee_vm7opcodes14arithmetic_ops8op_false8op_false
FN:16,_RNvNtNtNtNtCsd3gWBHE9qGG_6bee_vm7opcodes14arithmetic_ops8op_false20test_opcode_op_false13test_op_false
FN:16,_RNvNtNtNtNtNtCsd3gWBHE9qGG_6bee_vm7opcodes14arithmetic_ops8op_false20test_opcode_op_false13test_op_falses_6case_1
FNDA:1,_RNvNtNtNtCsd3gWBHE9qGG_6bee_vm7opcodes14arithmetic_ops8op_false8op_false
FNDA:1,_RNvNtNtNtNtCsd3gWBHE9qGG_6bee_vm7opcodes14arithmetic_ops8op_false20test_opcode_op_false13test_op_false
FNDA:1,_RNvNtNtNtNtNtCsd3gWBHE9qGG_6bee_vm7opcodes14arithmetic_ops8op_false20test_opcode_op_false13test_op_falses_6case_1
FNF:2
FNH:2
DA:6,1
DA:7,1
DA:8,1
DA:16,1
BRF:0
BRH:0
LF:4
LH:4
end_of_record
SF:/Users/ocdbytes/Desktop/Projects🧰/btcxvm-study/bee-vm/src/opcodes/arithmetic_ops/op_true.rs
FN:16,_RNvNtNtNtNtNtCsd3gWBHE9qGG_6bee_vm7opcodes14arithmetic_ops7op_true19test_opcode_op_true12test_op_trues_6case_1
FN:16,_RNvNtNtNtNtCsd3gWBHE9qGG_6bee_vm7opcodes14arithmetic_ops7op_true19test_opcode_op_true12test_op_true
FN:6,_RNvNtNtNtCsd3gWBHE9qGG_6bee_vm7opcodes14arithmetic_ops7op_true7op_true
FNDA:1,_RNvNtNtNtNtNtCsd3gWBHE9qGG_6bee_vm7opcodes14arithmetic_ops7op_true19test_opcode_op_true12test_op_trues_6case_1
FNDA:1,_RNvNtNtNtNtCsd3gWBHE9qGG_6bee_vm7opcodes14arithmetic_ops7op_true19test_opcode_op_true12test_op_true
FNDA:1,_RNvNtNtNtCsd3gWBHE9qGG_6bee_vm7opcodes14arithmetic_ops7op_true7op_true
FNF:2
FNH:2
DA:6,1
DA:7,1
DA:8,1
DA:16,1
BRF:0
BRH:0
LF:4
LH:4
end_of_record
SF:/Users/ocdbytes/Desktop/Projects🧰/btcxvm-study/bee-vm/src/opcodes/arithmetic_ops/sub.rs
FN:35,_RNvNtNtNtNtCsd3gWBHE9qGG_6bee_vm7opcodes14arithmetic_ops3sub15test_opcode_sub8test_sub
FN:35,_RNvNtNtNtNtNtCsd3gWBHE9qGG_6bee_vm7opcodes14arithmetic_ops3sub15test_opcode_sub8test_subs_6case_1
FN:35,_RNvNtNtNtNtNtCsd3gWBHE9qGG_6bee_vm7opcodes14arithmetic_ops3sub15test_opcode_sub8test_subs_6case_2
FN:14,_RNvNtNtNtCsd3gWBHE9qGG_6bee_vm7opcodes14arithmetic_ops3sub3sub
FNDA:2,_RNvNtNtNtNtCsd3gWBHE9qGG_6bee_vm7opcodes14arithmetic_ops3sub15test_opcode_sub8test_sub
FNDA:1,_RNvNtNtNtNtNtCsd3gWBHE9qGG_6bee_vm7opcodes14arithmetic_ops3sub15test_opcode_sub8test_subs_6case_1
FNDA:1,_RNvNtNtNtNtNtCsd3gWBHE9qGG_6bee_vm7opcodes14arithmetic_ops3sub15test_opcode_sub8test_subs_6case_2
FNDA:2,_RNvNtNtNtCsd3gWBHE9qGG_6bee_vm7opcodes14arithmetic_ops3sub3sub
FNF:2
FNH:2
DA:14,2
DA:15,2
DA:16,2
DA:17,0
DA:18,0
DA:19,2
DA:20,2
DA:21,0
DA:22,0
DA:24,2
DA:25,2
DA:26,2
DA:27,2
DA:35,2
BRF:0
BRH:0
LF:14
LH:10
end_of_record
SF:/Users/ocdbytes/Desktop/Projects🧰/btcxvm-study/bee-vm/src/opcodes/arithmetic_ops/sub1.rs
FN:11,_RNvNtNtNtCsd3gWBHE9qGG_6bee_vm7opcodes14arithmetic_ops4sub15sub_1
FN:33,_RNvNtNtNtNtCsd3gWBHE9qGG_6bee_vm7opcodes14arithmetic_ops4sub117test_opcode_sub_110test_sub_1
FN:33,_RNvNtNtNtNtNtCsd3gWBHE9qGG_6bee_vm7opcodes14arithmetic_ops4sub117test_opcode_sub_110test_sub_1s_6case_1
FN:33,_RNvNtNtNtNtNtCsd3gWBHE9qGG_6bee_vm7opcodes14arithmetic_ops4sub117test_opcode_sub_110test_sub_1s_6case_2
FNDA:2,_RNvNtNtNtCsd3gWBHE9qGG_6bee_vm7opcodes14arithmetic_ops4sub15sub_1
FNDA:2,_RNvNtNtNtNtCsd3gWBHE9qGG_6bee_vm7opcodes14arithmetic_ops4sub117test_opcode_sub_110test_sub_1
FNDA:1,_RNvNtNtNtNtNtCsd3gWBHE9qGG_6bee_vm7opcodes14arithmetic_ops4sub117test_opcode_sub_110test_sub_1s_6case_1
FNDA:1,_RNvNtNtNtNtNtCsd3gWBHE9qGG_6bee_vm7opcodes14arithmetic_ops4sub117test_opcode_sub_110test_sub_1s_6case_2
FNF:2
FNH:2
DA:11,2
DA:12,2
DA:13,2
DA:14,0
DA:15,0
DA:16,2
DA:17,2
DA:18,0
DA:19,0
DA:21,2
DA:22,2
DA:23,2
DA:24,2
DA:25,2
DA:33,2
BRF:0
BRH:0
LF:15
LH:11
end_of_record
SF:/Users/ocdbytes/Desktop/Projects🧰/btcxvm-study/bee-vm/src/opcodes/arithmetic_ops/verify.rs
FN:26,_RNvNtNtNtNtCsd3gWBHE9qGG_6bee_vm7opcodes14arithmetic_ops6verify18test_opcode_verify11test_verify
FN:6,_RNvNtNtNtCsd3gWBHE9qGG_6bee_vm7opcodes14arithmetic_ops6verify6verify
FN:26,_RNvNtNtNtNtNtCsd3gWBHE9qGG_6bee_vm7opcodes14arithmetic_ops6verify18test_opcode_verify11test_verifys_6case_1
FN:26,_RNvNtNtNtNtNtCsd3gWBHE9qGG_6bee_vm7opcodes14arithmetic_ops6verify18test_opcode_verify11test_verifys_6case_2
FNDA:2,_RNvNtNtNtNtCsd3gWBHE9qGG_6bee_vm7opcodes14arithmetic_ops6verify18test_opcode_verify11test_verify
FNDA:2,_RNvNtNtNtCsd3gWBHE9qGG_6bee_vm7opcodes14arithmetic_ops6verify6verify
FNDA:1,_RNvNtNtNtNtNtCsd3gWBHE9qGG_6bee_vm7opcodes14arithmetic_ops6verify18test_opcode_verify11test_verifys_6case_1
FNDA:1,_RNvNtNtNtNtNtCsd3gWBHE9qGG_6bee_vm7opcodes14arithmetic_ops6verify18test_opcode_verify11test_verifys_6case_2
FNF:2
FNH:2
DA:6,2
DA:7,2
DA:8,2
DA:9,0
DA:10,0
DA:12,2
DA:13,1
DA:14,1
DA:15,1
DA:16,1
DA:17,2
DA:26,2
BRF:0
BRH:0
LF:12
LH:10
end_of_record
SF:/Users/ocdbytes/Desktop/Projects🧰/btcxvm-study/bee-vm/src/opcodes/arithmetic_ops/within.rs
FN:19,_RNvNtNtNtCsd3gWBHE9qGG_6bee_vm7opcodes14arithmetic_ops6within6within
FN:48,_RNvNtNtNtNtCsd3gWBHE9qGG_6bee_vm7opcodes14arithmetic_ops6within18test_opcode_within11test_within
FN:48,_RNvNtNtNtNtNtCsd3gWBHE9qGG_6bee_vm7opcodes14arithmetic_ops6within18test_opcode_within11test_withins_6case_1
FN:48,_RNvNtNtNtNtNtCsd3gWBHE9qGG_6bee_vm7opcodes14arithmetic_ops6within18test_opcode_within11test_withins_6case_2
FNDA:2,_RNvNtNtNtCsd3gWBHE9qGG_6bee_vm7opcodes14arithmetic_ops6within6within
FNDA:2,_RNvNtNtNtNtCsd3gWBHE9qGG_6bee_vm7opcodes14arithmetic_ops6within18test_opcode_within11test_within
FNDA:1,_RNvNtNtNtNtNtCsd3gWBHE9qGG_6bee_vm7opcodes14arithmetic_ops6within18test_opcode_within11test_withins_6case_1
FNDA:1,_RNvNtNtNtNtNtCsd3gWBHE9qGG_6bee_vm7opcodes14arithmetic_ops6within18test_opcode_within11test_withins_6case_2
FNF:2
FNH:2
DA:19,2
DA:20,2
DA:21,2
DA:22,0
DA:23,0
DA:24,2
DA:25,2
DA:26,0
DA:27,0
DA:28,2
DA:29,2
DA:30,0
DA:31,0
DA:33,2
DA:34,1
DA:35,1
DA:36,1
DA:37,1
DA:39,2
DA:40,2
DA:48,2
BRF:0
BRH:0
LF:21
LH:15
end_of_record
SF:/Users/ocdbytes/Desktop/Projects🧰/btcxvm-study/bee-vm/src/opcodes/control_flow.rs
FN:9,_RNvMNtNtCsd3gWBHE9qGG_6bee_vm7opcodes12control_flowNtB2_11ControlFlow3new
FN:15,_RNvMNtNtCsd3gWBHE9qGG_6bee_vm7opcodes12control_flowNtB2_11ControlFlow5op_if
FN:29,_RNvMNtNtCsd3gWBHE9qGG_6bee_vm7opcodes12control_flowNtB2_11ControlFlow7op_else
FN:40,_RNvMNtNtCsd3gWBHE9qGG_6bee_vm7opcodes12control_flowNtB2_11ControlFlow8op_endif
FN:50,_RNvMNtNtCsd3gWBHE9qGG_6bee_vm7opcodes12control_flowNtB2_11ControlFlow14should_execute
FN:56,_RNvXs_NtNtCsd3gWBHE9qGG_6bee_vm7opcodes12control_flowNtB4_11ControlFlowNtNtCsliVzVx4luf9_4core7default7Default7default
FNDA:23,_RNvMNtNtCsd3gWBHE9qGG_6bee_vm7opcodes12control_flowNtB2_11ControlFlow3new
FNDA:11,_RNvMNtNtCsd3gWBHE9qGG_6bee_vm7opcodes12control_flowNtB2_11ControlFlow5op_if
FNDA:6,_RNvMNtNtCsd3gWBHE9qGG_6bee_vm7opcodes12control_flowNtB2_11ControlFlow7op_else
FNDA:11,_RNvMNtNtCsd3gWBHE9qGG_6bee_vm7opcodes12control_flowNtB2_11ControlFlow8op_endif
FNDA:178,_RNvMNtNtCsd3gWBHE9qGG_6bee_vm7opcodes12control_flowNtB2_11ControlFlow14should_execute
FNDA:0,_RNvXs_NtNtCsd3gWBHE9qGG_6bee_vm7opcodes12control_flowNtB4_11ControlFlowNtNtCsliVzVx4luf9_4core7default7Default7default
FNF:6
FNH:5
DA:9,23
DA:10,23
DA:11,23
DA:12,23
DA:13,23
DA:15,11
DA:16,11
DA:17,10
DA:18,8
DA:19,2
DA:21,8
DA:22,8
DA:23,1
DA:24,1
DA:25,1
DA:26,9
DA:27,11
DA:29,6
DA:30,6
DA:31,4
DA:32,4
DA:34,2
DA:35,2
DA:36,2
DA:38,6
DA:40,11
DA:41,11
DA:42,9
DA:44,2
DA:45,2
DA:46,2
DA:48,11
DA:50,178
DA:51,178
DA:52,178
DA:56,0
DA:57,0
DA:58,0
BRF:0
BRH:0
LF:38
LH:35
end_of_record
SF:/Users/ocdbytes/Desktop/Projects🧰/btcxvm-study/bee-vm/src/opcodes/crypto_ops/check_sig.rs
FN:8,_RNvNtNtNtCsd3gWBHE9qGG_6bee_vm7opcodes10crypto_ops9check_sig11op_checksig
FN:54,_RNvNtNtNtCsd3gWBHE9qGG_6bee_vm7opcodes10crypto_ops9check_sig32get_first_occurrence_of_checksig
FN:70,_RNvNtNtNtNtCsd3gWBHE9qGG_6bee_vm7opcodes10crypto_ops9check_sig15check_sigs_test18create_test_script
FN:193,_RNvNtNtNtNtCsd3gWBHE9qGG_6bee_vm7opcodes10crypto_ops9check_sig15check_sigs_test14create_message
FN:99,_RNvNtNtNtNtCsd3gWBHE9qGG_6bee_vm7opcodes10crypto_ops9check_sig15check_sigs_tests_51test_op_checksig_with_codeseparator_valid_signature
FN:99,_RNvNvNtNtNtNtCsd3gWBHE9qGG_6bee_vm7opcodes10crypto_ops9check_sig15check_sigs_tests_51test_op_checksig_with_codeseparator_valid_signature51test_op_checksig_with_codeseparator_valid_signature
FN:131,_RNvNtNtNtNtCsd3gWBHE9qGG_6bee_vm7opcodes10crypto_ops9check_sig15check_sigs_tests_53test_op_checksig_with_codeseparator_invalid_signature
FN:131,_RNvNvNtNtNtNtCsd3gWBHE9qGG_6bee_vm7opcodes10crypto_ops9check_sig15check_sigs_tests_53test_op_checksig_with_codeseparator_invalid_signature53test_op_checksig_with_codeseparator_invalid_signature
FN:153,_RNvNtNtNtNtCsd3gWBHE9qGG_6bee_vm7opcodes10crypto_ops9check_sig15check_sigs_tests_38test_op_checksig_without_codeseparator
FN:153,_RNvNvNtNtNtNtCsd3gWBHE9qGG_6bee_vm7opcodes10crypto_ops9check_sig15check_sigs_tests_38test_op_checksig_without_codeseparator38test_op_checksig_without_codeseparator
FNDA:4,_RNvNtNtNtCsd3gWBHE9qGG_6bee_vm7opcodes10crypto_ops9check_sig11op_checksig
FNDA:4,_RNvNtNtNtCsd3gWBHE9qGG_6bee_vm7opcodes10crypto_ops9check_sig32get_first_occurrence_of_checksig
FNDA:2,_RNvNtNtNtNtCsd3gWBHE9qGG_6bee_vm7opcodes10crypto_ops9check_sig15check_sigs_test18create_test_script
FNDA:3,_RNvNtNtNtNtCsd3gWBHE9qGG_6bee_vm7opcodes10crypto_ops9check_sig15check_sigs_test14create_message
FNDA:1,_RNvNtNtNtNtCsd3gWBHE9qGG_6bee_vm7opcodes10crypto_ops9check_sig15check_sigs_tests_51test_op_checksig_with_codeseparator_valid_signature
FNDA:1,_RNvNvNtNtNtNtCsd3gWBHE9qGG_6bee_vm7opcodes10crypto_ops9check_sig15check_sigs_tests_51test_op_checksig_with_codeseparator_valid_signature51test_op_checksig_with_codeseparator_valid_signature
FNDA:1,_RNvNtNtNtNtCsd3gWBHE9qGG_6bee_vm7opcodes10crypto_ops9check_sig15check_sigs_tests_53test_op_checksig_with_codeseparator_invalid_signature
FNDA:1,_RNvNvNtNtNtNtCsd3gWBHE9qGG_6bee_vm7opcodes10crypto_ops9check_sig15check_sigs_tests_53test_op_checksig_with_codeseparator_invalid_signature53test_op_checksig_with_codeseparator_invalid_signature
FNDA:1,_RNvNtNtNtNtCsd3gWBHE9qGG_6bee_vm7opcodes10crypto_ops9check_sig15check_sigs_tests_38test_op_checksig_without_codeseparator
FNDA:1,_RNvNvNtNtNtNtCsd3gWBHE9qGG_6bee_vm7opcodes10crypto_ops9check_sig15check_sigs_tests_38test_op_checksig_without_codeseparator38test_op_checksig_without_codeseparator
FNF:10
FNH:10
DA:8,4
DA:9,4
DA:10,4
DA:11,4
DA:12,4
DA:13,4
DA:14,0
DA:15,0
DA:16,0
DA:17,4
DA:18,4
DA:19,4
DA:20,4
DA:21,4
DA:22,4
DA:23,4
DA:24,4
DA:25,4
DA:26,4
DA:27,4
DA:28,4
DA:29,4
DA:30,4
DA:32,15
DA:33,11
DA:34,11
DA:35,4
DA:36,4
DA:37,4
DA:38,4
DA:39,4
DA:40,4
DA:41,4
DA:42,2
DA:44,2
DA:47,4
DA:48,4
DA:54,4
DA:55,23
DA:56,23
DA:57,4
DA:58,19
DA:60,0
DA:61,4
DA:70,2
DA:71,2
DA:72,2
DA:73,2
DA:74,2
DA:75,2
DA:76,2
DA:77,2
DA:78,2
DA:79,2
DA:80,2
DA:81,2
DA:82,2
DA:83,2
DA:84,2
DA:85,2
DA:86,2
DA:87,2
DA:88,2
DA:89,2
DA:90,2
DA:91,2
DA:92,2
DA:93,2
DA:94,2
DA:95,2
DA:96,2
DA:97,2
DA:99,2
DA:131,2
DA:153,2
DA:193,3
DA:194,3
DA:195,12
DA:196,9
DA:197,9
DA:198,3
DA:199,3
DA:200,3
BRF:0
BRH:0
LF:86
LH:82
end_of_record
SF:/Users/ocdbytes/Desktop/Projects🧰/btcxvm-study/bee-vm/src/opcodes/crypto_ops/op_check_multi_sig.rs
FN:135,_RNvNtNtNtNtCsd3gWBHE9qGG_6bee_vm7opcodes10crypto_ops18op_check_multi_sig19check_multisig_test18create_test_script
FN:272,_RNvNtNtNtNtCsd3gWBHE9qGG_6bee_vm7opcodes10crypto_ops18op_check_multi_sig19check_multisig_test14create_message
FN:160,_RNvNtNtNtNtCsd3gWBHE9qGG_6bee_vm7opcodes10crypto_ops18op_check_multi_sig19check_multisig_tests_57test_op_checkmultisig_with_codeseparator_valid_signatures
FN:160,_RNvNvNtNtNtNtCsd3gWBHE9qGG_6bee_vm7opcodes10crypto_ops18op_check_multi_sig19check_multisig_tests_57test_op_checkmultisig_with_codeseparator_valid_signatures57test_op_checkmultisig_with_codeseparator_valid_signatures
FN:183,_RNvNtNtNtNtCsd3gWBHE9qGG_6bee_vm7opcodes10crypto_ops18op_check_multi_sig19check_multisig_tests_58test_op_checkmultisig_with_codeseparator_invalid_signature
FN:183,_RNvNvNtNtNtNtCsd3gWBHE9qGG_6bee_vm7opcodes10crypto_ops18op_check_multi_sig19check_multisig_tests_58test_op_checkmultisig_with_codeseparator_invalid_signature58test_op_checkmultisig_with_codeseparator_invalid_signature
FN:209,_RNvNtNtNtNtCsd3gWBHE9qGG_6bee_vm7opcodes10crypto_ops18op_check_multi_sig19check_multisig_tests_43test_op_checkmultisig_without_codeseparator
FN:209,_RNvNvNtNtNtNtCsd3gWBHE9qGG_6bee_vm7opcodes10crypto_ops18op_check_multi_sig19check_multisig_tests_43test_op_checkmultisig_without_codeseparator43test_op_checkmultisig_without_codeseparator
FN:253,_RNvNtNtNtNtCsd3gWBHE9qGG_6bee_vm7opcodes10crypto_ops18op_check_multi_sig19check_multisig_tests_45test_op_checkmultisig_insufficient_signatures
FN:253,_RNvNvNtNtNtNtCsd3gWBHE9qGG_6bee_vm7opcodes10crypto_ops18op_check_multi_sig19check_multisig_tests_45test_op_checkmultisig_insufficient_signatures45test_op_checkmultisig_insufficient_signatures
FN:140,_RNCNvNtNtNtNtCsd3gWBHE9qGG_6bee_vm7opcodes10crypto_ops18op_check_multi_sig19check_multisig_test18create_test_script0Bb_
FN:144,_RNCNvNtNtNtNtCsd3gWBHE9qGG_6bee_vm7opcodes10crypto_ops18op_check_multi_sig19check_multisig_test18create_test_scripts_0Bb_
FN:215,_RNCNvNvNtNtNtNtCsd3gWBHE9qGG_6bee_vm7opcodes10crypto_ops18op_check_multi_sig19check_multisig_tests_43test_op_checkmultisig_without_codeseparator43test_op_checkmultisig_without_codeseparator0Bd_
FN:219,_RNCNvNvNtNtNtNtCsd3gWBHE9qGG_6bee_vm7opcodes10crypto_ops18op_check_multi_sig19check_multisig_tests_43test_op_checkmultisig_without_codeseparator43test_op_checkmultisig_without_codeseparators_0Bd_
FN:8,_RNvNtNtNtCsd3gWBHE9qGG_6bee_vm7opcodes10crypto_ops18op_check_multi_sig16op_checkmultisig
FN:23,_RNCNvNtNtNtCsd3gWBHE9qGG_6bee_vm7opcodes10crypto_ops18op_check_multi_sig16op_checkmultisig0B9_
FN:45,_RNCNvNtNtNtCsd3gWBHE9qGG_6bee_vm7opcodes10crypto_ops18op_check_multi_sig16op_checkmultisigs0_0B9_
FN:68,_RNCNvNtNtNtCsd3gWBHE9qGG_6bee_vm7opcodes10crypto_ops18op_check_multi_sig16op_checkmultisigs1_0B9_
FN:36,_RNCNvNtNtNtCsd3gWBHE9qGG_6bee_vm7opcodes10crypto_ops18op_check_multi_sig16op_checkmultisigs_0B9_
FN:119,_RNvNtNtNtCsd3gWBHE9qGG_6bee_vm7opcodes10crypto_ops18op_check_multi_sig37get_first_occurrence_of_checkmultisig
FNDA:3,_RNvNtNtNtNtCsd3gWBHE9qGG_6bee_vm7opcodes10crypto_ops18op_check_multi_sig19check_multisig_test18create_test_script
FNDA:3,_RNvNtNtNtNtCsd3gWBHE9qGG_6bee_vm7opcodes10crypto_ops18op_check_multi_sig19check_multisig_test14create_message
FNDA:1,_RNvNtNtNtNtCsd3gWBHE9qGG_6bee_vm7opcodes10crypto_ops18op_check_multi_sig19check_multisig_tests_57test_op_checkmultisig_with_codeseparator_valid_signatures
FNDA:1,_RNvNvNtNtNtNtCsd3gWBHE9qGG_6bee_vm7opcodes10crypto_ops18op_check_multi_sig19check_multisig_tests_57test_op_checkmultisig_with_codeseparator_valid_signatures57test_op_checkmultisig_with_codeseparator_valid_signatures
FNDA:1,_RNvNtNtNtNtCsd3gWBHE9qGG_6bee_vm7opcodes10crypto_ops18op_check_multi_sig19check_multisig_tests_58test_op_checkmultisig_with_codeseparator_invalid_signature
FNDA:1,_RNvNvNtNtNtNtCsd3gWBHE9qGG_6bee_vm7opcodes10crypto_ops18op_check_multi_sig19check_multisig_tests_58test_op_checkmultisig_with_codeseparator_invalid_signature58test_op_checkmultisig_with_codeseparator_invalid_signature
FNDA:1,_RNvNtNtNtNtCsd3gWBHE9qGG_6bee_vm7opcodes10crypto_ops18op_check_multi_sig19check_multisig_tests_43test_op_checkmultisig_without_codeseparator
FNDA:1,_RNvNvNtNtNtNtCsd3gWBHE9qGG_6bee_vm7opcodes10crypto_ops18op_check_multi_sig19check_multisig_tests_43test_op_checkmultisig_without_codeseparator43test_op_checkmultisig_without_codeseparator
FNDA:1,_RNvNtNtNtNtCsd3gWBHE9qGG_6bee_vm7opcodes10crypto_ops18op_check_multi_sig19check_multisig_tests_45test_op_checkmultisig_insufficient_signatures
FNDA:1,_RNvNvNtNtNtNtCsd3gWBHE9qGG_6bee_vm7opcodes10crypto_ops18op_check_multi_sig19check_multisig_tests_45test_op_checkmultisig_insufficient_signatures45test_op_checkmultisig_insufficient_signatures
FNDA:9,_RNCNvNtNtNtNtCsd3gWBHE9qGG_6bee_vm7opcodes10crypto_ops18op_check_multi_sig19check_multisig_test18create_test_script0Bb_
FNDA:9,_RNCNvNtNtNtNtCsd3gWBHE9qGG_6bee_vm7opcodes10crypto_ops18op_check_multi_sig19check_multisig_test18create_test_scripts_0Bb_
FNDA:3,_RNCNvNvNtNtNtNtCsd3gWBHE9qGG_6bee_vm7opcodes10crypto_ops18op_check_multi_sig19check_multisig_tests_43test_op_checkmultisig_without_codeseparator43test_op_checkmultisig_without_codeseparator0Bd_
FNDA:3,_RNCNvNvNtNtNtNtCsd3gWBHE9qGG_6bee_vm7opcodes10crypto_ops18op_check_multi_sig19check_multisig_tests_43test_op_checkmultisig_without_codeseparator43test_op_checkmultisig_without_codeseparators_0Bd_
FNDA:4,_RNvNtNtNtCsd3gWBHE9qGG_6bee_vm7opcodes10crypto_ops18op_check_multi_sig16op_checkmultisig
FNDA:0,_RNCNvNtNtNtCsd3gWBHE9qGG_6bee_vm7opcodes10crypto_ops18op_check_multi_sig16op_checkmultisig0B9_
FNDA:0,_RNCNvNtNtNtCsd3gWBHE9qGG_6bee_vm7opcodes10crypto_ops18op_check_multi_sig16op_checkmultisigs0_0B9_
FNDA:1,_RNCNvNtNtNtCsd3gWBHE9qGG_6bee_vm7opcodes10crypto_ops18op_check_multi_sig16op_checkmultisigs1_0B9_
FNDA:0,_RNCNvNtNtNtCsd3gWBHE9qGG_6bee_vm7opcodes10crypto_ops18op_check_multi_sig16op_checkmultisigs_0B9_
FNDA:3,_RNvNtNtNtCsd3gWBHE9qGG_6bee_vm7opcodes10crypto_ops18op_check_multi_sig37get_first_occurrence_of_checkmultisig
FNF:20
FNH:17
DA:8,4
DA:9,4
DA:10,4
DA:11,4
DA:12,4
DA:13,4
DA:14,0
DA:15,0
DA:16,0
DA:17,4
DA:19,4
DA:20,4
DA:21,4
DA:22,4
DA:23,4
DA:25,4
DA:26,0
DA:27,0
DA:28,0
DA:29,4
DA:30,4
DA:31,4
DA:32,4
DA:33,4
DA:34,12
DA:35,12
DA:36,12
DA:37,12
DA:41,4
DA:42,4
DA:43,4
DA:44,4
DA:45,4
DA:46,0
DA:47,4
DA:50,4
DA:51,0
DA:52,0
DA:53,0
DA:54,4
DA:55,4
DA:56,4
DA:57,4
DA:58,0
DA:59,0
DA:60,0
DA:61,4
DA:62,4
DA:63,4
DA:64,4
DA:65,4
DA:66,7
DA:67,7
DA:68,7
DA:69,6
DA:73,3
DA:74,3
DA:75,3
DA:76,3
DA:77,3
DA:78,3
DA:79,3
DA:80,3
DA:81,3
DA:82,12
DA:83,9
DA:84,9
DA:85,3
DA:86,3
DA:87,3
DA:88,3
DA:89,3
DA:90,3
DA:91,3
DA:92,3
DA:94,6
DA:95,11
DA:96,9
DA:97,9
DA:98,9
DA:100,4
DA:101,4
DA:102,4
DA:103,5
DA:104,5
DA:109,3
DA:110,2
DA:112,1
DA:115,3
DA:116,4
DA:119,3
DA:120,36
DA:121,36
DA:122,3
DA:123,33
DA:125,0
DA:126,3
DA:135,3
DA:136,3
DA:137,3
DA:138,3
DA:139,3
DA:140,9
DA:141,3
DA:142,3
DA:143,3
DA:144,9
DA:145,3
DA:146,3
DA:147,3
DA:148,3
DA:149,3
DA:150,3
DA:151,3
DA:152,3
DA:153,3
DA:154,3
DA:155,3
DA:156,3
DA:157,3
DA:158,3
DA:160,2
DA:183,2
DA:209,2
DA:215,3
DA:219,3
DA:253,2
DA:272,3
DA:273,3
DA:274,12
DA:275,9
DA:276,9
DA:277,3
DA:278,3
DA:279,3
BRF:0
BRH:0
LF:146
LH:128
end_of_record
SF:/Users/ocdbytes/Desktop/Projects🧰/btcxvm-study/bee-vm/src/opcodes/crypto_ops/ripe_md_160.rs
FN:52,_RNvNtNtNtNtNtCsd3gWBHE9qGG_6bee_vm7opcodes10crypto_ops11ripe_md_16023test_opcode_ripe_md_16016test_ripe_md_160s_6case_1
FN:6,_RNvNtNtNtCsd3gWBHE9qGG_6bee_vm7opcodes10crypto_ops11ripe_md_16011ripe_md_160
FN:25,_RNvNtNtNtCsd3gWBHE9qGG_6bee_vm7opcodes10crypto_ops11ripe_md_1608hash_160
FN:52,_RNvNtNtNtNtCsd3gWBHE9qGG_6bee_vm7opcodes10crypto_ops11ripe_md_16023test_opcode_ripe_md_16016test_ripe_md_160
FN:65,_RNvNtNtNtNtCsd3gWBHE9qGG_6bee_vm7opcodes10crypto_ops11ripe_md_16023test_opcode_ripe_md_16013test_hash_160
FN:65,_RNvNtNtNtNtNtCsd3gWBHE9qGG_6bee_vm7opcodes10crypto_ops11ripe_md_16023test_opcode_ripe_md_16013test_hash_160s_6case_1
FNDA:1,_RNvNtNtNtNtNtCsd3gWBHE9qGG_6bee_vm7opcodes10crypto_ops11ripe_md_16023test_opcode_ripe_md_16016test_ripe_md_160s_6case_1
FNDA:1,_RNvNtNtNtCsd3gWBHE9qGG_6bee_vm7opcodes10crypto_ops11ripe_md_16011ripe_md_160
FNDA:1,_RNvNtNtNtCsd3gWBHE9qGG_6bee_vm7opcodes10crypto_ops11ripe_md_1608hash_160
FNDA:1,_RNvNtNtNtNtCsd3gWBHE9qGG_6bee_vm7opcodes10crypto_ops11ripe_md_16023test_opcode_ripe_md_16016test_ripe_md_160
FNDA:1,_RNvNtNtNtNtCsd3gWBHE9qGG_6bee_vm7opcodes10crypto_ops11ripe_md_16023test_opcode_ripe_md_16013test_hash_160
FNDA:1,_RNvNtNtNtNtNtCsd3gWBHE9qGG_6bee_vm7opcodes10crypto_ops11ripe_md_16023test_opcode_ripe_md_16013test_hash_160s_6case_1
FNF:4
FNH:4
DA:6,1
DA:7,1
DA:8,0
DA:9,0
DA:10,0
DA:11,1
DA:12,1
DA:13,1
DA:14,1
DA:15,1
DA:16,1
DA:17,1
DA:18,1
DA:19,1
DA:20,1
DA:21,1
DA:22,1
DA:23,1
DA:25,1
DA:26,1
DA:27,0
DA:28,0
DA:29,0
DA:30,1
DA:31,1
DA:32,1
DA:33,1
DA:34,1
DA:35,1
DA:36,1
DA:37,1
DA:38,1
DA:39,1
DA:40,1
DA:41,1
DA:42,1
DA:43,1
DA:44,1
DA:52,1
DA:65,1
BRF:0
BRH:0
LF:40
LH:34
end_of_record
SF:/Users/ocdbytes/Desktop/Projects🧰/btcxvm-study/bee-vm/src/opcodes/crypto_ops/sha_1.rs
FN:5,_RNvNtNtNtCsd3gWBHE9qGG_6bee_vm7opcodes10crypto_ops5sha_15sha_1
FN:30,_RNvNtNtNtNtNtCsd3gWBHE9qGG_6bee_vm7opcodes10crypto_ops5sha_117test_opcode_sha_110test_sha_1s_6case_1
FN:30,_RNvNtNtNtNtCsd3gWBHE9qGG_6bee_vm7opcodes10crypto_ops5sha_117test_opcode_sha_110test_sha_1
FNDA:1,_RNvNtNtNtCsd3gWBHE9qGG_6bee_vm7opcodes10crypto_ops5sha_15sha_1
FNDA:1,_RNvNtNtNtNtNtCsd3gWBHE9qGG_6bee_vm7opcodes10crypto_ops5sha_117test_opcode_sha_110test_sha_1s_6case_1
FNDA:1,_RNvNtNtNtNtCsd3gWBHE9qGG_6bee_vm7opcodes10crypto_ops5sha_117test_opcode_sha_110test_sha_1
FNF:2
FNH:2
DA:5,1
DA:6,1
DA:7,0
DA:8,0
DA:9,0
DA:10,1
DA:11,1
DA:12,1
DA:13,1
DA:14,1
DA:15,1
DA:16,1
DA:17,1
DA:18,1
DA:19,1
DA:20,1
DA:21,1
DA:22,1
DA:30,1
BRF:0
BRH:0
LF:19
LH:16
end_of_record
SF:/Users/ocdbytes/Desktop/Projects🧰/btcxvm-study/bee-vm/src/opcodes/crypto_ops/sha_256.rs
FN:5,_RNvNtNtNtCsd3gWBHE9qGG_6bee_vm7opcodes10crypto_ops7sha_2567sha_256
FN:20,_RNvNtNtNtCsd3gWBHE9qGG_6bee_vm7opcodes10crypto_ops7sha_2568hash_256
FN:43,_RNvNtNtNtNtCsd3gWBHE9qGG_6bee_vm7opcodes10crypto_ops7sha_25619test_opcode_sha_25612test_sha_256
FN:56,_RNvNtNtNtNtCsd3gWBHE9qGG_6bee_vm7opcodes10crypto_ops7sha_25619test_opcode_sha_25613test_hash_256
FN:43,_RNvNtNtNtNtNtCsd3gWBHE9qGG_6bee_vm7opcodes10crypto_ops7sha_25619test_opcode_sha_25612test_sha_256s_6case_1
FN:56,_RNvNtNtNtNtNtCsd3gWBHE9qGG_6bee_vm7opcodes10crypto_ops7sha_25619test_opcode_sha_25613test_hash_256s_6case_1
FNDA:1,_RNvNtNtNtCsd3gWBHE9qGG_6bee_vm7opcodes10crypto_ops7sha_2567sha_256
FNDA:1,_RNvNtNtNtCsd3gWBHE9qGG_6bee_vm7opcodes10crypto_ops7sha_2568hash_256
FNDA:1,_RNvNtNtNtNtCsd3gWBHE9qGG_6bee_vm7opcodes10crypto_ops7sha_25619test_opcode_sha_25612test_sha_256
FNDA:1,_RNvNtNtNtNtCsd3gWBHE9qGG_6bee_vm7opcodes10crypto_ops7sha_25619test_opcode_sha_25613test_hash_256
FNDA:1,_RNvNtNtNtNtNtCsd3gWBHE9qGG_6bee_vm7opcodes10crypto_ops7sha_25619test_opcode_sha_25612test_sha_256s_6case_1
FNDA:1,_RNvNtNtNtNtNtCsd3gWBHE9qGG_6bee_vm7opcodes10crypto_ops7sha_25619test_opcode_sha_25613test_hash_256s_6case_1
FNF:4
FNH:4
DA:5,1
DA:6,1
DA:7,0
DA:8,0
DA:9,0
DA:10,1
DA:11,1
DA:12,1
DA:13,1
DA:14,1
DA:15,1
DA:16,1
DA:17,1
DA:18,1
DA:20,1
DA:21,1
DA:22,0
DA:23,0
DA:24,0
DA:25,1
DA:26,1
DA:27,1
DA:28,1
DA:29,1
DA:30,1
DA:31,1
DA:32,1
DA:33,1
DA:34,1
DA:43,1
DA:56,1
BRF:0
BRH:0
LF:31
LH:25
end_of_record
SF:/Users/ocdbytes/Desktop/Projects🧰/btcxvm-study/bee-vm/src/opcodes/new_num.rs
FN:6,_RNvNtNtCsd3gWBHE9qGG_6bee_vm7opcodes7new_num7new_num
FNDA:91,_RNvNtNtCsd3gWBHE9qGG_6bee_vm7opcodes7new_num7new_num
FNF:1
FNH:1
DA:6,91
DA:7,91
DA:8,91
DA:9,91
DA:10,1
DA:11,1
DA:12,1
DA:14,26
DA:15,26
DA:16,26
DA:18,64
DA:19,64
DA:20,64
DA:21,64
DA:22,0
DA:23,0
DA:24,0
DA:25,0
DA:26,0
DA:27,91
BRF:0
BRH:0
LF:20
LH:15
end_of_record
SF:/Users/ocdbytes/Desktop/Projects🧰/btcxvm-study/bee-vm/src/opcodes/op_equal.rs
FN:4,_RNvNtNtCsd3gWBHE9qGG_6bee_vm7opcodes8op_equal8op_equal
FNDA:9,_RNvNtNtCsd3gWBHE9qGG_6bee_vm7opcodes8op_equal8op_equal
FNF:1
FNH:1
DA:4,9
DA:5,9
DA:6,0
DA:7,0
DA:8,0
DA:9,9
DA:10,9
DA:11,9
DA:12,9
DA:13,9
DA:14,9
DA:15,9
DA:16,9
DA:17,9
DA:18,0
DA:19,0
DA:21,9
DA:22,9
BRF:0
BRH:0
LF:18
LH:13
end_of_record
SF:/Users/ocdbytes/Desktop/Projects🧰/btcxvm-study/bee-vm/src/opcodes/op_reserved.rs
FN:3,_RNvNtNtCsd3gWBHE9qGG_6bee_vm7opcodes11op_reserved11op_reserved
FNDA:0,_RNvNtNtCsd3gWBHE9qGG_6bee_vm7opcodes11op_reserved11op_reserved
FNF:1
FNH:0
DA:3,0
DA:4,0
DA:5,0
BRF:0
BRH:0
LF:3
LH:0
end_of_record
SF:/Users/ocdbytes/Desktop/Projects🧰/btcxvm-study/bee-vm/src/opcodes/op_return.rs
FN:3,_RNvNtNtCsd3gWBHE9qGG_6bee_vm7opcodes9op_return9op_return
FNDA:0,_RNvNtNtCsd3gWBHE9qGG_6bee_vm7opcodes9op_return9op_return
FNF:1
FNH:0
DA:3,0
DA:4,0
DA:5,0
BRF:0
BRH:0
LF:3
LH:0
end_of_record
SF:/Users/ocdbytes/Desktop/Projects🧰/btcxvm-study/bee-vm/src/opcodes/stack_ops/depth.rs
FN:22,_RNvNtNtNtNtCsd3gWBHE9qGG_6bee_vm7opcodes9stack_ops5depth17test_opcode_depth10test_depth
FN:10,_RNvNtNtNtCsd3gWBHE9qGG_6bee_vm7opcodes9stack_ops5depth5depth
FN:22,_RNvNtNtNtNtNtCsd3gWBHE9qGG_6bee_vm7opcodes9stack_ops5depth17test_opcode_depth10test_depths_6case_1
FN:22,_RNvNtNtNtNtNtCsd3gWBHE9qGG_6bee_vm7opcodes9stack_ops5depth17test_opcode_depth10test_depths_6case_2
FNDA:2,_RNvNtNtNtNtCsd3gWBHE9qGG_6bee_vm7opcodes9stack_ops5depth17test_opcode_depth10test_depth
FNDA:2,_RNvNtNtNtCsd3gWBHE9qGG_6bee_vm7opcodes9stack_ops5depth5depth
FNDA:1,_RNvNtNtNtNtNtCsd3gWBHE9qGG_6bee_vm7opcodes9stack_ops5depth17test_opcode_depth10test_depths_6case_1
FNDA:1,_RNvNtNtNtNtNtCsd3gWBHE9qGG_6bee_vm7opcodes9stack_ops5depth17test_opcode_depth10test_depths_6case_2
FNF:2
FNH:2
DA:10,2
DA:11,2
DA:12,2
DA:13,2
DA:14,2
DA:22,2
BRF:0
BRH:0
LF:6
LH:6
end_of_record
SF:/Users/ocdbytes/Desktop/Projects🧰/btcxvm-study/bee-vm/src/opcodes/stack_ops/drop.rs
FN:26,_RNvNtNtNtNtCsd3gWBHE9qGG_6bee_vm7opcodes9stack_ops4drop19test_opcode_op_drop12test_op_drop
FN:41,_RNvNtNtNtNtCsd3gWBHE9qGG_6bee_vm7opcodes9stack_ops4drop19test_opcode_op_drop14test_op_2_drop
FN:26,_RNvNtNtNtNtNtCsd3gWBHE9qGG_6bee_vm7opcodes9stack_ops4drop19test_opcode_op_drop12test_op_drops_6case_1
FN:26,_RNvNtNtNtNtNtCsd3gWBHE9qGG_6bee_vm7opcodes9stack_ops4drop19test_opcode_op_drop12test_op_drops_6case_2
FN:41,_RNvNtNtNtNtNtCsd3gWBHE9qGG_6bee_vm7opcodes9stack_ops4drop19test_opcode_op_drop14test_op_2_drops_6case_1
FN:41,_RNvNtNtNtNtNtCsd3gWBHE9qGG_6bee_vm7opcodes9stack_ops4drop19test_opcode_op_drop14test_op_2_drops_6case_2
FN:12,_RNvNtNtNtCsd3gWBHE9qGG_6bee_vm7opcodes9stack_ops4drop7op_drop
FNDA:2,_RNvNtNtNtNtCsd3gWBHE9qGG_6bee_vm7opcodes9stack_ops4drop19test_opcode_op_drop12test_op_drop
FNDA:2,_RNvNtNtNtNtCsd3gWBHE9qGG_6bee_vm7opcodes9stack_ops4drop19test_opcode_op_drop14test_op_2_drop
FNDA:1,_RNvNtNtNtNtNtCsd3gWBHE9qGG_6bee_vm7opcodes9stack_ops4drop19test_opcode_op_drop12test_op_drops_6case_1
FNDA:1,_RNvNtNtNtNtNtCsd3gWBHE9qGG_6bee_vm7opcodes9stack_ops4drop19test_opcode_op_drop12test_op_drops_6case_2
FNDA:1,_RNvNtNtNtNtNtCsd3gWBHE9qGG_6bee_vm7opcodes9stack_ops4drop19test_opcode_op_drop14test_op_2_drops_6case_1
FNDA:1,_RNvNtNtNtNtNtCsd3gWBHE9qGG_6bee_vm7opcodes9stack_ops4drop19test_opcode_op_drop14test_op_2_drops_6case_2
FNDA:4,_RNvNtNtNtCsd3gWBHE9qGG_6bee_vm7opcodes9stack_ops4drop7op_drop
FNF:3
FNH:3
DA:12,4
DA:13,6
DA:14,6
DA:15,6
DA:16,4
DA:17,4
DA:26,2
DA:41,2
BRF:0
BRH:0
LF:8
LH:8
end_of_record
SF:/Users/ocdbytes/Desktop/Projects🧰/btcxvm-study/bee-vm/src/opcodes/stack_ops/dup.rs
FN:40,_RNvNtNtNtNtCsd3gWBHE9qGG_6bee_vm7opcodes9stack_ops3dup15test_opcode_dup8test_dup
FN:54,_RNvNtNtNtNtCsd3gWBHE9qGG_6bee_vm7opcodes9stack_ops3dup15test_opcode_dup10test_2_dup
FN:68,_RNvNtNtNtNtCsd3gWBHE9qGG_6bee_vm7opcodes9stack_ops3dup15test_opcode_dup10test_3_dup
FN:14,_RNvNtNtNtCsd3gWBHE9qGG_6bee_vm7opcodes9stack_ops3dup3dup
FN:40,_RNvNtNtNtNtNtCsd3gWBHE9qGG_6bee_vm7opcodes9stack_ops3dup15test_opcode_dup8test_dups_6case_1
FN:40,_RNvNtNtNtNtNtCsd3gWBHE9qGG_6bee_vm7opcodes9stack_ops3dup15test_opcode_dup8test_dups_6case_2
FN:54,_RNvNtNtNtNtNtCsd3gWBHE9qGG_6bee_vm7opcodes9stack_ops3dup15test_opcode_dup10test_2_dups_6case_1
FN:54,_RNvNtNtNtNtNtCsd3gWBHE9qGG_6bee_vm7opcodes9stack_ops3dup15test_opcode_dup10test_2_dups_6case_2
FN:68,_RNvNtNtNtNtNtCsd3gWBHE9qGG_6bee_vm7opcodes9stack_ops3dup15test_opcode_dup10test_3_dups_6case_1
FNDA:2,_RNvNtNtNtNtCsd3gWBHE9qGG_6bee_vm7opcodes9stack_ops3dup15test_opcode_dup8test_dup
FNDA:2,_RNvNtNtNtNtCsd3gWBHE9qGG_6bee_vm7opcodes9stack_ops3dup15test_opcode_dup10test_2_dup
FNDA:1,_RNvNtNtNtNtCsd3gWBHE9qGG_6bee_vm7opcodes9stack_ops3dup15test_opcode_dup10test_3_dup
FNDA:6,_RNvNtNtNtCsd3gWBHE9qGG_6bee_vm7opcodes9stack_ops3dup3dup
FNDA:1,_RNvNtNtNtNtNtCsd3gWBHE9qGG_6bee_vm7opcodes9stack_ops3dup15test_opcode_dup8test_dups_6case_1
FNDA:1,_RNvNtNtNtNtNtCsd3gWBHE9qGG_6bee_vm7opcodes9stack_ops3dup15test_opcode_dup8test_dups_6case_2
FNDA:1,_RNvNtNtNtNtNtCsd3gWBHE9qGG_6bee_vm7opcodes9stack_ops3dup15test_opcode_dup10test_2_dups_6case_1
FNDA:1,_RNvNtNtNtNtNtCsd3gWBHE9qGG_6bee_vm7opcodes9stack_ops3dup15test_opcode_dup10test_2_dups_6case_2
FNDA:1,_RNvNtNtNtNtNtCsd3gWBHE9qGG_6bee_vm7opcodes9stack_ops3dup15test_opcode_dup10test_3_dups_6case_1
FNF:4
FNH:4
DA:14,6
DA:15,6
DA:17,10
DA:18,10
DA:19,10
DA:20,0
DA:24,10
DA:25,10
DA:26,10
DA:27,10
DA:28,10
DA:29,10
DA:31,6
DA:32,6
DA:40,2
DA:54,2
DA:68,1
BRF:0
BRH:0
LF:17
LH:16
end_of_record
SF:/Users/ocdbytes/Desktop/Projects🧰/btcxvm-study/bee-vm/src/opcodes/stack_ops/from_alt_stack.rs
FN:39,_RNvNtNtNtNtCsd3gWBHE9qGG_6bee_vm7opcodes9stack_ops14from_alt_stack26test_opcode_from_alt_stack19test_from_alt_stack
FN:39,_RNvNtNtNtNtNtCsd3gWBHE9qGG_6bee_vm7opcodes9stack_ops14from_alt_stack26test_opcode_from_alt_stack19test_from_alt_stacks_6case_1
FN:18,_RNvNtNtNtCsd3gWBHE9qGG_6bee_vm7opcodes9stack_ops14from_alt_stack14from_alt_stack
FNDA:1,_RNvNtNtNtNtCsd3gWBHE9qGG_6bee_vm7opcodes9stack_ops14from_alt_stack26test_opcode_from_alt_stack19test_from_alt_stack
FNDA:1,_RNvNtNtNtNtNtCsd3gWBHE9qGG_6bee_vm7opcodes9stack_ops14from_alt_stack26test_opcode_from_alt_stack19test_from_alt_stacks_6case_1
FNDA:2,_RNvNtNtNtCsd3gWBHE9qGG_6bee_vm7opcodes9stack_ops14from_alt_stack14from_alt_stack
FNF:2
FNH:2
DA:18,2
DA:19,2
DA:20,2
DA:22,0
DA:23,0
DA:24,0
DA:26,0
DA:28,2
DA:29,2
DA:30,2
DA:31,2
DA:39,1
BRF:0
BRH:0
LF:12
LH:8
end_of_record
SF:/Users/ocdbytes/Desktop/Projects🧰/btcxvm-study/bee-vm/src/opcodes/stack_ops/if_dup.rs
FN:32,_RNvNtNtNtNtCsd3gWBHE9qGG_6bee_vm7opcodes9stack_ops6if_dup18test_opcode_if_dup11test_if_dup
FN:11,_RNvNtNtNtCsd3gWBHE9qGG_6bee_vm7opcodes9stack_ops6if_dup6if_dup
FN:32,_RNvNtNtNtNtNtCsd3gWBHE9qGG_6bee_vm7opcodes9stack_ops6if_dup18test_opcode_if_dup11test_if_dups_6case_1
FN:32,_RNvNtNtNtNtNtCsd3gWBHE9qGG_6bee_vm7opcodes9stack_ops6if_dup18test_opcode_if_dup11test_if_dups_6case_2
FNDA:2,_RNvNtNtNtNtCsd3gWBHE9qGG_6bee_vm7opcodes9stack_ops6if_dup18test_opcode_if_dup11test_if_dup
FNDA:2,_RNvNtNtNtCsd3gWBHE9qGG_6bee_vm7opcodes9stack_ops6if_dup6if_dup
FNDA:1,_RNvNtNtNtNtNtCsd3gWBHE9qGG_6bee_vm7opcodes9stack_ops6if_dup18test_opcode_if_dup11test_if_dups_6case_1
FNDA:1,_RNvNtNtNtNtNtCsd3gWBHE9qGG_6bee_vm7opcodes9stack_ops6if_dup18test_opcode_if_dup11test_if_dups_6case_2
FNF:2
FNH:2
DA:11,2
DA:12,2
DA:13,2
DA:14,0
DA:15,0
DA:17,2
DA:18,1
DA:19,1
DA:21,2
DA:22,2
DA:23,2
DA:24,2
DA:32,2
BRF:0
BRH:0
LF:13
LH:11
end_of_record
SF:/Users/ocdbytes/Desktop/Projects🧰/btcxvm-study/bee-vm/src/opcodes/stack_ops/nip.rs
FN:29,_RNvNtNtNtNtCsd3gWBHE9qGG_6bee_vm7opcodes9stack_ops3nip15test_opcode_nip8test_nip
FN:29,_RNvNtNtNtNtNtCsd3gWBHE9qGG_6bee_vm7opcodes9stack_ops3nip15test_opcode_nip8test_nips_6case_1
FN:29,_RNvNtNtNtNtNtCsd3gWBHE9qGG_6bee_vm7opcodes9stack_ops3nip15test_opcode_nip8test_nips_6case_2
FN:11,_RNvNtNtNtCsd3gWBHE9qGG_6bee_vm7opcodes9stack_ops3nip3nip
FNDA:2,_RNvNtNtNtNtCsd3gWBHE9qGG_6bee_vm7opcodes9stack_ops3nip15test_opcode_nip8test_nip
FNDA:1,_RNvNtNtNtNtNtCsd3gWBHE9qGG_6bee_vm7opcodes9stack_ops3nip15test_opcode_nip8test_nips_6case_1
FNDA:1,_RNvNtNtNtNtNtCsd3gWBHE9qGG_6bee_vm7opcodes9stack_ops3nip15test_opcode_nip8test_nips_6case_2
FNDA:2,_RNvNtNtNtCsd3gWBHE9qGG_6bee_vm7opcodes9stack_ops3nip3nip
FNF:2
FNH:2
DA:11,2
DA:12,2
DA:13,2
DA:14,0
DA:15,0
DA:17,2
DA:18,2
DA:19,2
DA:20,2
DA:21,2
DA:29,2
BRF:0
BRH:0
LF:11
LH:9
end_of_record
SF:/Users/ocdbytes/Desktop/Projects🧰/btcxvm-study/bee-vm/src/opcodes/stack_ops/over.rs
FN:45,_RNvNtNtNtNtCsd3gWBHE9qGG_6bee_vm7opcodes9stack_ops4over16test_opcode_over9test_over
FN:59,_RNvNtNtNtNtCsd3gWBHE9qGG_6bee_vm7opcodes9stack_ops4over16test_opcode_over11test_2_over
FN:10,_RNvNtNtNtCsd3gWBHE9qGG_6bee_vm7opcodes9stack_ops4over4over
FN:21,_RNvNtNtNtCsd3gWBHE9qGG_6bee_vm7opcodes9stack_ops4over6over_2
FN:45,_RNvNtNtNtNtNtCsd3gWBHE9qGG_6bee_vm7opcodes9stack_ops4over16test_opcode_over9test_overs_6case_1
FN:45,_RNvNtNtNtNtNtCsd3gWBHE9qGG_6bee_vm7opcodes9stack_ops4over16test_opcode_over9test_overs_6case_2
FN:59,_RNvNtNtNtNtNtCsd3gWBHE9qGG_6bee_vm7opcodes9stack_ops4over16test_opcode_over11test_2_overs_6case_1
FNDA:2,_RNvNtNtNtNtCsd3gWBHE9qGG_6bee_vm7opcodes9stack_ops4over16test_opcode_over9test_over
FNDA:1,_RNvNtNtNtNtCsd3gWBHE9qGG_6bee_vm7opcodes9stack_ops4over16test_opcode_over11test_2_over
FNDA:2,_RNvNtNtNtCsd3gWBHE9qGG_6bee_vm7opcodes9stack_ops4over4over
FNDA:1,_RNvNtNtNtCsd3gWBHE9qGG_6bee_vm7opcodes9stack_ops4over6over_2
FNDA:1,_RNvNtNtNtNtNtCsd3gWBHE9qGG_6bee_vm7opcodes9stack_ops4over16test_opcode_over9test_overs_6case_1
FNDA:1,_RNvNtNtNtNtNtCsd3gWBHE9qGG_6bee_vm7opcodes9stack_ops4over16test_opcode_over9test_overs_6case_2
FNDA:1,_RNvNtNtNtNtNtCsd3gWBHE9qGG_6bee_vm7opcodes9stack_ops4over16test_opcode_over11test_2_overs_6case_1
FNF:4
FNH:4
DA:10,2
DA:11,2
DA:12,2
DA:13,0
DA:15,2
DA:16,2
DA:21,1
DA:22,1
DA:23,1
DA:24,1
DA:25,1
DA:26,0
DA:28,1
DA:29,1
DA:30,0
DA:33,1
DA:34,1
DA:35,1
DA:36,1
DA:37,1
DA:45,2
DA:59,1
BRF:0
BRH:0
LF:22
LH:19
end_of_record
SF:/Users/ocdbytes/Desktop/Projects🧰/btcxvm-study/bee-vm/src/opcodes/stack_ops/pick.rs
FN:36,_RNvNtNtNtNtCsd3gWBHE9qGG_6bee_vm7opcodes9stack_ops4pick16test_opcode_pick9test_pick
FN:36,_RNvNtNtNtNtNtCsd3gWBHE9qGG_6bee_vm7opcodes9stack_ops4pick16test_opcode_pick9test_picks_6case_1
FN:11,_RNvNtNtNtCsd3gWBHE9qGG_6bee_vm7opcodes9stack_ops4pick4pick
FNDA:1,_RNvNtNtNtNtCsd3gWBHE9qGG_6bee_vm7opcodes9stack_ops4pick16test_opcode_pick9test_pick
FNDA:1,_RNvNtNtNtNtNtCsd3gWBHE9qGG_6bee_vm7opcodes9stack_ops4pick16test_opcode_pick9test_picks_6case_1
FNDA:1,_RNvNtNtNtCsd3gWBHE9qGG_6bee_vm7opcodes9stack_ops4pick4pick
FNF:2
FNH:2
DA:11,1
DA:12,1
DA:13,1
DA:14,0
DA:15,0
DA:17,1
DA:18,1
DA:20,0
DA:21,0
DA:22,0
DA:23,0
DA:27,1
DA:28,1
DA:36,1
BRF:0
BRH:0
LF:14
LH:8
end_of_record
SF:/Users/ocdbytes/Desktop/Projects🧰/btcxvm-study/bee-vm/src/opcodes/stack_ops/roll.rs
FN:45,_RNvNtNtNtNtCsd3gWBHE9qGG_6bee_vm7opcodes9stack_ops4roll16test_opcode_roll9test_roll
FN:11,_RNvNtNtNtCsd3gWBHE9qGG_6bee_vm7opcodes9stack_ops4roll4roll
FN:45,_RNvNtNtNtNtNtCsd3gWBHE9qGG_6bee_vm7opcodes9stack_ops4roll16test_opcode_roll9test_rolls_6case_1
FNDA:1,_RNvNtNtNtNtCsd3gWBHE9qGG_6bee_vm7opcodes9stack_ops4roll16test_opcode_roll9test_roll
FNDA:1,_RNvNtNtNtCsd3gWBHE9qGG_6bee_vm7opcodes9stack_ops4roll4roll
FNDA:1,_RNvNtNtNtNtNtCsd3gWBHE9qGG_6bee_vm7opcodes9stack_ops4roll16test_opcode_roll9test_rolls_6case_1
FNF:2
FNH:2
DA:11,1
DA:12,1
DA:13,0
DA:14,0
DA:15,0
DA:16,1
DA:17,1
DA:18,1
DA:19,1
DA:20,1
DA:21,1
DA:23,1
DA:24,0
DA:25,0
DA:26,0
DA:27,1
DA:28,1
DA:29,1
DA:30,1
DA:31,1
DA:32,1
DA:33,1
DA:34,1
DA:36,1
DA:37,1
DA:45,1
BRF:0
BRH:0
LF:26
LH:20
end_of_record
SF:/Users/ocdbytes/Desktop/Projects🧰/btcxvm-study/bee-vm/src/opcodes/stack_ops/rot.rs
FN:83,_RNvNtNtNtNtCsd3gWBHE9qGG_6bee_vm7opcodes9stack_ops3rot15test_opcode_rot8test_rot
FN:103,_RNvNtNtNtNtCsd3gWBHE9qGG_6bee_vm7opcodes9stack_ops3rot15test_opcode_rot10test_rot_2
FN:10,_RNvNtNtNtCsd3gWBHE9qGG_6bee_vm7opcodes9stack_ops3rot3rot
FN:39,_RNvNtNtNtCsd3gWBHE9qGG_6bee_vm7opcodes9stack_ops3rot5rot_2
FN:83,_RNvNtNtNtNtNtCsd3gWBHE9qGG_6bee_vm7opcodes9stack_ops3rot15test_opcode_rot8test_rots_6case_1
FN:83,_RNvNtNtNtNtNtCsd3gWBHE9qGG_6bee_vm7opcodes9stack_ops3rot15test_opcode_rot8test_rots_6case_2
FN:103,_RNvNtNtNtNtNtCsd3gWBHE9qGG_6bee_vm7opcodes9stack_ops3rot15test_opcode_rot10test_rot_2s_6case_1
FN:103,_RNvNtNtNtNtNtCsd3gWBHE9qGG_6bee_vm7opcodes9stack_ops3rot15test_opcode_rot10test_rot_2s_6case_2
FN:103,_RNvNtNtNtNtNtCsd3gWBHE9qGG_6bee_vm7opcodes9stack_ops3rot15test_opcode_rot10test_rot_2s_6case_3
FNDA:2,_RNvNtNtNtNtCsd3gWBHE9qGG_6bee_vm7opcodes9stack_ops3rot15test_opcode_rot8test_rot
FNDA:3,_RNvNtNtNtNtCsd3gWBHE9qGG_6bee_vm7opcodes9stack_ops3rot15test_opcode_rot10test_rot_2
FNDA:3,_RNvNtNtNtCsd3gWBHE9qGG_6bee_vm7opcodes9stack_ops3rot3rot
FNDA:3,_RNvNtNtNtCsd3gWBHE9qGG_6bee_vm7opcodes9stack_ops3rot5rot_2
FNDA:1,_RNvNtNtNtNtNtCsd3gWBHE9qGG_6bee_vm7opcodes9stack_ops3rot15test_opcode_rot8test_rots_6case_1
FNDA:1,_RNvNtNtNtNtNtCsd3gWBHE9qGG_6bee_vm7opcodes9stack_ops3rot15test_opcode_rot8test_rots_6case_2
FNDA:1,_RNvNtNtNtNtNtCsd3gWBHE9qGG_6bee_vm7opcodes9stack_ops3rot15test_opcode_rot10test_rot_2s_6case_1
FNDA:1,_RNvNtNtNtNtNtCsd3gWBHE9qGG_6bee_vm7opcodes9stack_ops3rot15test_opcode_rot10test_rot_2s_6case_2
FNDA:1,_RNvNtNtNtNtNtCsd3gWBHE9qGG_6bee_vm7opcodes9stack_ops3rot15test_opcode_rot10test_rot_2s_6case_3
FNF:4
FNH:4
DA:10,3
DA:11,3
DA:12,0
DA:13,0
DA:14,0
DA:15,3
DA:16,3
DA:17,3
DA:18,3
DA:19,3
DA:20,3
DA:21,3
DA:22,3
DA:23,3
DA:24,3
DA:25,3
DA:26,3
DA:27,3
DA:28,3
DA:29,3
DA:30,3
DA:31,3
DA:32,3
DA:33,3
DA:34,3
DA:39,3
DA:40,3
DA:41,3
DA:42,0
DA:43,0
DA:44,0
DA:45,3
DA:46,3
DA:47,3
DA:48,3
DA:49,3
DA:50,3
DA:51,3
DA:52,3
DA:53,3
DA:54,3
DA:55,3
DA:56,3
DA:57,3
DA:58,3
DA:59,3
DA:60,3
DA:61,3
DA:62,3
DA:63,3
DA:64,3
DA:65,3
DA:66,3
DA:67,3
DA:68,3
DA:69,3
DA:70,3
DA:71,3
DA:72,3
DA:73,3
DA:74,3
DA:75,3
DA:83,2
DA:103,3
BRF:0
BRH:0
LF:64
LH:58
end_of_record
SF:/Users/ocdbytes/Desktop/Projects🧰/btcxvm-study/bee-vm/src/opcodes/stack_ops/size.rs
FN:50,_RNvNtNtNtNtCsd3gWBHE9qGG_6bee_vm7opcodes9stack_ops4size16test_opcode_size9test_size
FN:50,_RNvNtNtNtNtNtCsd3gWBHE9qGG_6bee_vm7opcodes9stack_ops4size16test_opcode_size9test_sizes_6case_1
FN:50,_RNvNtNtNtNtNtCsd3gWBHE9qGG_6bee_vm7opcodes9stack_ops4size16test_opcode_size9test_sizes_6case_2
FN:50,_RNvNtNtNtNtNtCsd3gWBHE9qGG_6bee_vm7opcodes9stack_ops4size16test_opcode_size9test_sizes_6case_3
FN:50,_RNvNtNtNtNtNtCsd3gWBHE9qGG_6bee_vm7opcodes9stack_ops4size16test_opcode_size9test_sizes_6case_4
FN:11,_RNvNtNtNtCsd3gWBHE9qGG_6bee_vm7opcodes9stack_ops4size4size
FNDA:4,_RNvNtNtNtNtCsd3gWBHE9qGG_6bee_vm7opcodes9stack_ops4size16test_opcode_size9test_size
FNDA:1,_RNvNtNtNtNtNtCsd3gWBHE9qGG_6bee_vm7opcodes9stack_ops4size16test_opcode_size9test_sizes_6case_1
FNDA:1,_RNvNtNtNtNtNtCsd3gWBHE9qGG_6bee_vm7opcodes9stack_ops4size16test_opcode_size9test_sizes_6case_2
FNDA:1,_RNvNtNtNtNtNtCsd3gWBHE9qGG_6bee_vm7opcodes9stack_ops4size16test_opcode_size9test_sizes_6case_3
FNDA:1,_RNvNtNtNtNtNtCsd3gWBHE9qGG_6bee_vm7opcodes9stack_ops4size16test_opcode_size9test_sizes_6case_4
FNDA:4,_RNvNtNtNtCsd3gWBHE9qGG_6bee_vm7opcodes9stack_ops4size4size
FNF:2
FNH:2
DA:11,4
DA:12,4
DA:13,0
DA:14,4
DA:15,4
DA:16,4
DA:17,4
DA:19,4
DA:20,1
DA:21,2
DA:22,2
DA:23,2
DA:24,2
DA:26,1
DA:27,1
DA:28,1
DA:29,1
DA:31,0
DA:32,0
DA:33,0
DA:39,4
DA:40,4
DA:41,4
DA:42,4
DA:50,4
BRF:0
BRH:0
LF:25
LH:21
end_of_record
SF:/Users/ocdbytes/Desktop/Projects🧰/btcxvm-study/bee-vm/src/opcodes/stack_ops/swap.rs
FN:60,_RNvNtNtNtNtCsd3gWBHE9qGG_6bee_vm7opcodes9stack_ops4swap16test_opcode_swap9test_swap
FN:80,_RNvNtNtNtNtCsd3gWBHE9qGG_6bee_vm7opcodes9stack_ops4swap16test_opcode_swap11test_swap_2
FN:80,_RNvNtNtNtNtNtCsd3gWBHE9qGG_6bee_vm7opcodes9stack_ops4swap16test_opcode_swap11test_swap_2s_6case_1
FN:80,_RNvNtNtNtNtNtCsd3gWBHE9qGG_6bee_vm7opcodes9stack_ops4swap16test_opcode_swap11test_swap_2s_6case_2
FN:10,_RNvNtNtNtCsd3gWBHE9qGG_6bee_vm7opcodes9stack_ops4swap4swap
FN:30,_RNvNtNtNtCsd3gWBHE9qGG_6bee_vm7opcodes9stack_ops4swap6swap_2
FN:60,_RNvNtNtNtNtNtCsd3gWBHE9qGG_6bee_vm7opcodes9stack_ops4swap16test_opcode_swap9test_swaps_6case_1
FN:60,_RNvNtNtNtNtNtCsd3gWBHE9qGG_6bee_vm7opcodes9stack_ops4swap16test_opcode_swap9test_swaps_6case_2
FNDA:2,_RNvNtNtNtNtCsd3gWBHE9qGG_6bee_vm7opcodes9stack_ops4swap16test_opcode_swap9test_swap
FNDA:2,_RNvNtNtNtNtCsd3gWBHE9qGG_6bee_vm7opcodes9stack_ops4swap16test_opcode_swap11test_swap_2
FNDA:1,_RNvNtNtNtNtNtCsd3gWBHE9qGG_6bee_vm7opcodes9stack_ops4swap16test_opcode_swap11test_swap_2s_6case_1
FNDA:1,_RNvNtNtNtNtNtCsd3gWBHE9qGG_6bee_vm7opcodes9stack_ops4swap16test_opcode_swap11test_swap_2s_6case_2
FNDA:3,_RNvNtNtNtCsd3gWBHE9qGG_6bee_vm7opcodes9stack_ops4swap4swap
FNDA:2,_RNvNtNtNtCsd3gWBHE9qGG_6bee_vm7opcodes9stack_ops4swap6swap_2
FNDA:1,_RNvNtNtNtNtNtCsd3gWBHE9qGG_6bee_vm7opcodes9stack_ops4swap16test_opcode_swap9test_swaps_6case_1
FNDA:1,_RNvNtNtNtNtNtCsd3gWBHE9qGG_6bee_vm7opcodes9stack_ops4swap16test_opcode_swap9test_swaps_6case_2
FNF:4
FNH:4
DA:10,3
DA:11,3
DA:12,0
DA:13,0
DA:14,0
DA:15,3
DA:16,3
DA:17,3
DA:18,3
DA:19,3
DA:20,3
DA:21,3
DA:22,3
DA:23,3
DA:24,3
DA:25,3
DA:30,2
DA:31,2
DA:32,0
DA:33,0
DA:34,0
DA:35,2
DA:36,2
DA:37,2
DA:38,10
DA:39,8
DA:40,8
DA:41,8
DA:42,8
DA:43,8
DA:44,8
DA:46,2
DA:47,2
DA:48,2
DA:49,2
DA:50,2
DA:51,2
DA:52,2
DA:60,2
DA:80,2
BRF:0
BRH:0
LF:40
LH:34
end_of_record
SF:/Users/ocdbytes/Desktop/Projects🧰/btcxvm-study/bee-vm/src/opcodes/stack_ops/to_alt_stack.rs
FN:39,_RNvNtNtNtNtCsd3gWBHE9qGG_6bee_vm7opcodes9stack_ops12to_alt_stack24test_opcode_to_alt_stack17test_to_alt_stack
FN:39,_RNvNtNtNtNtNtCsd3gWBHE9qGG_6bee_vm7opcodes9stack_ops12to_alt_stack24test_opcode_to_alt_stack17test_to_alt_stacks_6case_1
FN:39,_RNvNtNtNtNtNtCsd3gWBHE9qGG_6bee_vm7opcodes9stack_ops12to_alt_stack24test_opcode_to_alt_stack17test_to_alt_stacks_6case_2
FN:18,_RNvNtNtNtCsd3gWBHE9qGG_6bee_vm7opcodes9stack_ops12to_alt_stack12to_alt_stack
FNDA:2,_RNvNtNtNtNtCsd3gWBHE9qGG_6bee_vm7opcodes9stack_ops12to_alt_stack24test_opcode_to_alt_stack17test_to_alt_stack
FNDA:1,_RNvNtNtNtNtNtCsd3gWBHE9qGG_6bee_vm7opcodes9stack_ops12to_alt_stack24test_opcode_to_alt_stack17test_to_alt_stacks_6case_1
FNDA:1,_RNvNtNtNtNtNtCsd3gWBHE9qGG_6bee_vm7opcodes9stack_ops12to_alt_stack24test_opcode_to_alt_stack17test_to_alt_stacks_6case_2
FNDA:3,_RNvNtNtNtCsd3gWBHE9qGG_6bee_vm7opcodes9stack_ops12to_alt_stack12to_alt_stack
FNF:2
FNH:2
DA:18,3
DA:19,3
DA:20,3
DA:22,0
DA:23,0
DA:24,0
DA:26,0
DA:28,3
DA:29,3
DA:30,3
DA:31,3
DA:39,2
BRF:0
BRH:0
LF:12
LH:8
end_of_record
SF:/Users/ocdbytes/Desktop/Projects🧰/btcxvm-study/bee-vm/src/opcodes/stack_ops/tuck.rs
FN:10,_RNvNtNtNtCsd3gWBHE9qGG_6bee_vm7opcodes9stack_ops4tuck4tuck
FN:37,_RNvNtNtNtNtNtCsd3gWBHE9qGG_6bee_vm7opcodes9stack_ops4tuck16test_opcode_tuck9test_tucks_6case_1
FN:37,_RNvNtNtNtNtCsd3gWBHE9qGG_6bee_vm7opcodes9stack_ops4tuck16test_opcode_tuck9test_tuck
FNDA:1,_RNvNtNtNtCsd3gWBHE9qGG_6bee_vm7opcodes9stack_ops4tuck4tuck
FNDA:1,_RNvNtNtNtNtNtCsd3gWBHE9qGG_6bee_vm7opcodes9stack_ops4tuck16test_opcode_tuck9test_tucks_6case_1
FNDA:1,_RNvNtNtNtNtCsd3gWBHE9qGG_6bee_vm7opcodes9stack_ops4tuck16test_opcode_tuck9test_tuck
FNF:2
FNH:2
DA:10,1
DA:11,1
DA:12,0
DA:13,0
DA:14,0
DA:15,1
DA:16,1
DA:17,1
DA:18,1
DA:19,1
DA:20,1
DA:21,1
DA:22,1
DA:23,1
DA:24,1
DA:25,1
DA:26,1
DA:27,1
DA:28,1
DA:29,1
DA:37,1
BRF:0
BRH:0
LF:21
LH:18
end_of_record
SF:/Users/ocdbytes/Desktop/Projects🧰/btcxvm-study/bee-vm/src/opcodes/utils.rs
FN:4,_RNvNtNtCsd3gWBHE9qGG_6bee_vm7opcodes5utils13string_to_i32
FN:12,_RNvNtNtCsd3gWBHE9qGG_6bee_vm7opcodes5utils17check_if_in_range
FN:28,_RNvNtNtCsd3gWBHE9qGG_6bee_vm7opcodes5utils17check_string_type
FN:29,_RNCNvNtNtCsd3gWBHE9qGG_6bee_vm7opcodes5utils17check_string_type0B7_
FN:31,_RNCNvNtNtCsd3gWBHE9qGG_6bee_vm7opcodes5utils17check_string_types_0B7_
FN:33,_RNCNvNtNtCsd3gWBHE9qGG_6bee_vm7opcodes5utils17check_string_types0_0B7_
FNDA:179,_RNvNtNtCsd3gWBHE9qGG_6bee_vm7opcodes5utils13string_to_i32
FNDA:64,_RNvNtNtCsd3gWBHE9qGG_6bee_vm7opcodes5utils17check_if_in_range
FNDA:95,_RNvNtNtCsd3gWBHE9qGG_6bee_vm7opcodes5utils17check_string_type
FNDA:252,_RNCNvNtNtCsd3gWBHE9qGG_6bee_vm7opcodes5utils17check_string_type0B7_
FNDA:6,_RNCNvNtNtCsd3gWBHE9qGG_6bee_vm7opcodes5utils17check_string_types_0B7_
FNDA:2469,_RNCNvNtNtCsd3gWBHE9qGG_6bee_vm7opcodes5utils17check_string_types0_0B7_
FNF:6
FNH:6
DA:4,179
DA:5,179
DA:6,179
DA:7,0
DA:9,179
DA:12,64
DA:13,64
DA:14,64
DA:15,0
DA:17,64
DA:28,95
DA:29,252
DA:30,66
DA:31,29
DA:32,1
DA:33,2469
DA:34,26
DA:36,2
DA:38,95
BRF:0
BRH:0
LF:22
LH:20
end_of_record
SF:/Users/ocdbytes/Desktop/Projects🧰/btcxvm-study/bee-vm/src/opcodes/zero_not_equal.rs
FN:6,_RNvNtNtCsd3gWBHE9qGG_6bee_vm7opcodes14zero_not_equal14zero_not_equal
FNDA:0,_RNvNtNtCsd3gWBHE9qGG_6bee_vm7opcodes14zero_not_equal14zero_not_equal
FNF:1
FNH:0
DA:6,0
DA:7,0
DA:8,0
DA:10,0
DA:11,0
DA:12,0
DA:14,0
DA:16,0
DA:17,0
DA:18,0
DA:19,0
DA:20,0
DA:22,0
DA:23,0
BRF:0
BRH:0
LF:14
LH:0
end_of_record
SF:/Users/ocdbytes/Desktop/Projects🧰/btcxvm-study/bee-vm/src/processor/input.rs
FN:3,_RNvNtNtCsd3gWBHE9qGG_6bee_vm9processor5input11parse_input
FNDA:0,_RNvNtNtCsd3gWBHE9qGG_6bee_vm9processor5input11parse_input
FNF:1
FNH:0
DA:3,0
DA:4,0
DA:5,0
DA:6,0
DA:7,0
DA:8,0
DA:9,0
DA:10,0
DA:12,0
DA:13,0
DA:14,0
DA:16,0
DA:17,0
BRF:0
BRH:0
LF:13
LH:0
end_of_record
SF:/Users/ocdbytes/Desktop/Projects🧰/btcxvm-study/bee-vm/src/stack/executor.rs
FN:52,_RNvNtNtCsd3gWBHE9qGG_6bee_vm5stack8executor12execute_code
FNDA:23,_RNvNtNtCsd3gWBHE9qGG_6bee_vm5stack8executor12execute_code
FNF:1
FNH:1
DA:52,23
DA:53,23
DA:54,23
DA:55,23
DA:56,23
DA:57,23
DA:59,167
DA:60,167
DA:62,167
DA:63,156
DA:64,156
DA:65,156
DA:66,156
DA:67,156
DA:68,145
DA:69,145
DA:70,145
DA:71,145
DA:72,145
DA:73,145
DA:74,145
DA:75,145
DA:76,145
DA:77,145
DA:78,145
DA:79,0
DA:80,0
DA:82,145
DA:83,145
DA:84,145
DA:85,145
DA:86,145
DA:87,145
DA:88,145
DA:89,145
DA:94,145
DA:95,145
DA:96,145
DA:97,145
DA:98,144
DA:99,144
DA:100,144
DA:101,144
DA:102,144
DA:103,144
DA:104,144
DA:105,144
DA:106,143
DA:107,143
DA:108,142
DA:109,142
DA:110,142
DA:111,142
DA:113,142
DA:114,141
DA:119,140
DA:120,130
DA:121,125
DA:126,118
DA:127,4
DA:128,3
DA:129,3
DA:130,3
DA:131,3
DA:132,3
DA:134,1
DA:137,114
DA:138,0
DA:139,0
DA:140,0
DA:141,0
DA:142,0
DA:143,0
DA:145,0
DA:147,0
DA:149,114
DA:150,114
DA:151,114
DA:152,114
DA:153,114
DA:154,114
DA:155,4
DA:156,3
DA:157,3
DA:158,3
DA:159,3
DA:160,3
DA:162,1
DA:165,110
DA:166,0
DA:167,0
DA:168,0
DA:169,0
DA:170,0
DA:171,0
DA:173,0
DA:175,0
DA:181,110
DA:182,110
DA:183,110
DA:184,110
DA:185,110
DA:186,101
DA:187,0
DA:188,0
DA:190,101
DA:191,101
DA:192,9
DA:193,9
DA:196,92
DA:197,1
DA:198,91
DA:199,91
DA:200,91
DA:203,11
DA:205,6
DA:206,6
DA:207,5
DA:208,4
DA:209,0
DA:211,5
DA:213,159
DA:214,159
DA:215,159
DA:216,159
DA:219,15
DA:220,15
DA:221,15
DA:222,15
DA:223,15
DA:224,15
DA:225,15
DA:226,23
BRF:0
BRH:0
LF:133
LH:112
end_of_record
SF:/Users/ocdbytes/Desktop/Projects🧰/btcxvm-study/bee-vm/src/stack/flow_tests.rs
FN:135,_RNvNtNtNtCsd3gWBHE9qGG_6bee_vm5stack10flow_tests5tests21vec_str_to_vec_string
FN:8,_RNvNtNtNtCsd3gWBHE9qGG_6bee_vm5stack10flow_tests5tests25test_execute_code_success
FN:84,_RNvNtNtNtCsd3gWBHE9qGG_6bee_vm5stack10flow_tests5tests25test_execute_code_failure
FN:101,_RNvNtNtNtCsd3gWBHE9qGG_6bee_vm5stack10flow_tests5tests25test_complex_control_flow
FN:84,_RNvNtNtNtNtCsd3gWBHE9qGG_6bee_vm5stack10flow_tests5tests25test_execute_code_failures_6case_1
FN:84,_RNvNtNtNtNtCsd3gWBHE9qGG_6bee_vm5stack10flow_tests5tests25test_execute_code_failures_6case_2
FN:84,_RNvNtNtNtNtCsd3gWBHE9qGG_6bee_vm5stack10flow_tests5tests25test_execute_code_failures_6case_3
FN:84,_RNvNtNtNtNtCsd3gWBHE9qGG_6bee_vm5stack10flow_tests5tests25test_execute_code_failures_6case_4
FN:84,_RNvNtNtNtNtCsd3gWBHE9qGG_6bee_vm5stack10flow_tests5tests25test_execute_code_failures_6case_5
FN:84,_RNvNtNtNtNtCsd3gWBHE9qGG_6bee_vm5stack10flow_tests5tests25test_execute_code_failures_6case_6
FN:84,_RNvNtNtNtNtCsd3gWBHE9qGG_6bee_vm5stack10flow_tests5tests25test_execute_code_failures_6case_7
FN:8,_RNvNtNtNtNtCsd3gWBHE9qGG_6bee_vm5stack10flow_tests5tests25test_execute_code_successs_6case_1
FN:8,_RNvNtNtNtNtCsd3gWBHE9qGG_6bee_vm5stack10flow_tests5tests25test_execute_code_successs_6case_2
FN:8,_RNvNtNtNtNtCsd3gWBHE9qGG_6bee_vm5stack10flow_tests5tests25test_execute_code_successs_6case_3
FN:8,_RNvNtNtNtNtCsd3gWBHE9qGG_6bee_vm5stack10flow_tests5tests25test_execute_code_successs_6case_4
FN:8,_RNvNtNtNtNtCsd3gWBHE9qGG_6bee_vm5stack10flow_tests5tests25test_execute_code_successs_6case_5
FN:8,_RNvNtNtNtNtCsd3gWBHE9qGG_6bee_vm5stack10flow_tests5tests25test_execute_code_successs_6case_6
FN:8,_RNvNtNtNtNtCsd3gWBHE9qGG_6bee_vm5stack10flow_tests5tests25test_execute_code_successs_6case_7
FN:8,_RNvNtNtNtNtCsd3gWBHE9qGG_6bee_vm5stack10flow_tests5tests25test_execute_code_successs_6case_8
FN:136,_RNCNvNtNtNtCsd3gWBHE9qGG_6bee_vm5stack10flow_tests5tests21vec_str_to_vec_string0B9_
FN:101,_RNvNtNtNtNtCsd3gWBHE9qGG_6bee_vm5stack10flow_tests5tests25test_complex_control_flows_6case_1
FNDA:18,_RNvNtNtNtCsd3gWBHE9qGG_6bee_vm5stack10flow_tests5tests21vec_str_to_vec_string
FNDA:8,_RNvNtNtNtCsd3gWBHE9qGG_6bee_vm5stack10flow_tests5tests25test_execute_code_success
FNDA:7,_RNvNtNtNtCsd3gWBHE9qGG_6bee_vm5stack10flow_tests5tests25test_execute_code_failure
FNDA:1,_RNvNtNtNtCsd3gWBHE9qGG_6bee_vm5stack10flow_tests5tests25test_complex_control_flow
FNDA:1,_RNvNtNtNtNtCsd3gWBHE9qGG_6bee_vm5stack10flow_tests5tests25test_execute_code_failures_6case_1
FNDA:1,_RNvNtNtNtNtCsd3gWBHE9qGG_6bee_vm5stack10flow_tests5tests25test_execute_code_failures_6case_2
FNDA:1,_RNvNtNtNtNtCsd3gWBHE9qGG_6bee_vm5stack10flow_tests5tests25test_execute_code_failures_6case_3
FNDA:1,_RNvNtNtNtNtCsd3gWBHE9qGG_6bee_vm5stack10flow_tests5tests25test_execute_code_failures_6case_4
FNDA:1,_RNvNtNtNtNtCsd3gWBHE9qGG_6bee_vm5stack10flow_tests5tests25test_execute_code_failures_6case_5
FNDA:1,_RNvNtNtNtNtCsd3gWBHE9qGG_6bee_vm5stack10flow_tests5tests25test_execute_code_failures_6case_6
FNDA:1,_RNvNtNtNtNtCsd3gWBHE9qGG_6bee_vm5stack10flow_tests5tests25test_execute_code_failures_6case_7
FNDA:1,_RNvNtNtNtNtCsd3gWBHE9qGG_6bee_vm5stack10flow_tests5tests25test_execute_code_successs_6case_1
FNDA:1,_RNvNtNtNtNtCsd3gWBHE9qGG_6bee_vm5stack10flow_tests5tests25test_execute_code_successs_6case_2
FNDA:1,_RNvNtNtNtNtCsd3gWBHE9qGG_6bee_vm5stack10flow_tests5tests25test_execute_code_successs_6case_3
FNDA:1,_RNvNtNtNtNtCsd3gWBHE9qGG_6bee_vm5stack10flow_tests5tests25test_execute_code_successs_6case_4
FNDA:1,_RNvNtNtNtNtCsd3gWBHE9qGG_6bee_vm5stack10flow_tests5tests25test_execute_code_successs_6case_5
FNDA:1,_RNvNtNtNtNtCsd3gWBHE9qGG_6bee_vm5stack10flow_tests5tests25test_execute_code_successs_6case_6
FNDA:1,_RNvNtNtNtNtCsd3gWBHE9qGG_6bee_vm5stack10flow_tests5tests25test_execute_code_successs_6case_7
FNDA:1,_RNvNtNtNtNtCsd3gWBHE9qGG_6bee_vm5stack10flow_tests5tests25test_execute_code_successs_6case_8
FNDA:14,_RNCNvNtNtNtCsd3gWBHE9qGG_6bee_vm5stack10flow_tests5tests21vec_str_to_vec_string0B9_
FNDA:1,_RNvNtNtNtNtCsd3gWBHE9qGG_6bee_vm5stack10flow_tests5tests25test_complex_control_flows_6case_1
FNF:8
FNH:8
DA:8,16
DA:84,14
DA:101,2
DA:135,18
DA:136,18
DA:137,18
BRF:0
BRH:0
LF:10
LH:10
end_of_record
SF:/Users/ocdbytes/Desktop/Projects🧰/btcxvm-study/bee-vm/src/stack/mod.rs
FN:27,_RNvMNtCsd3gWBHE9qGG_6bee_vm5stackNtB2_5Stack4push
FN:32,_RNvMNtCsd3gWBHE9qGG_6bee_vm5stackNtB2_5Stack11push_to_top
FN:37,_RNvMNtCsd3gWBHE9qGG_6bee_vm5stackNtB2_5Stack12pop_from_top
FN:55,_RNvMNtCsd3gWBHE9qGG_6bee_vm5stackNtB2_5Stack10stack_from
FN:13,_RNvMNtCsd3gWBHE9qGG_6bee_vm5stackNtB2_5Stack3new
FN:76,_RNvNtNtCsd3gWBHE9qGG_6bee_vm5stack5testss_11pop_element
FN:87,_RNvNtNtCsd3gWBHE9qGG_6bee_vm5stack5testss_12push_element
FN:102,_RNvNtNtCsd3gWBHE9qGG_6bee_vm5stack5testss_8is_empty
FN:46,_RNvMNtCsd3gWBHE9qGG_6bee_vm5stackNtB2_5Stack8is_empty
FN:20,_RNvMNtCsd3gWBHE9qGG_6bee_vm5stackNtB2_5Stack3pop
FN:65,_RNvXs_NtCsd3gWBHE9qGG_6bee_vm5stackNtB4_5StackNtNtCsliVzVx4luf9_4core7default7Default7default
FN:50,_RNvMNtCsd3gWBHE9qGG_6bee_vm5stackNtB2_5Stack17read_ele_from_top
FNDA:8,_RNvMNtCsd3gWBHE9qGG_6bee_vm5stackNtB2_5Stack4push
FNDA:674,_RNvMNtCsd3gWBHE9qGG_6bee_vm5stackNtB2_5Stack11push_to_top
FNDA:235,_RNvMNtCsd3gWBHE9qGG_6bee_vm5stackNtB2_5Stack12pop_from_top
FNDA:204,_RNvMNtCsd3gWBHE9qGG_6bee_vm5stackNtB2_5Stack10stack_from
FNDA:262,_RNvMNtCsd3gWBHE9qGG_6bee_vm5stackNtB2_5Stack3new
FNDA:1,_RNvNtNtCsd3gWBHE9qGG_6bee_vm5stack5testss_11pop_element
FNDA:1,_RNvNtNtCsd3gWBHE9qGG_6bee_vm5stack5testss_12push_element
FNDA:1,_RNvNtNtCsd3gWBHE9qGG_6bee_vm5stack5testss_8is_empty
FNDA:1,_RNvMNtCsd3gWBHE9qGG_6bee_vm5stackNtB2_5Stack8is_empty
FNDA:7,_RNvMNtCsd3gWBHE9qGG_6bee_vm5stackNtB2_5Stack3pop
FNDA:0,_RNvXs_NtCsd3gWBHE9qGG_6bee_vm5stackNtB4_5StackNtNtCsliVzVx4luf9_4core7default7Default7default
FNDA:45,_RNvMNtCsd3gWBHE9qGG_6bee_vm5stackNtB2_5Stack17read_ele_from_top
FNF:12
FNH:11
DA:13,262
DA:14,262
DA:15,262
DA:16,262
DA:17,262
DA:18,262
DA:20,7
DA:21,7
DA:22,7
DA:23,7
DA:24,7
DA:25,7
DA:27,8
DA:28,8
DA:29,8
DA:30,8
DA:32,674
DA:33,674
DA:34,674
DA:35,674
DA:37,235
DA:38,235
DA:39,233
DA:40,233
DA:41,2
DA:43,233
DA:44,235
DA:46,1
DA:47,1
DA:48,1
DA:50,45
DA:51,45
DA:52,45
DA:55,204
DA:56,204
DA:57,613
DA:58,409
DA:59,409
DA:60,204
DA:61,204
DA:65,0
DA:66,0
DA:67,0
DA:76,1
DA:77,1
DA:78,1
DA:79,1
DA:80,1
DA:81,1
DA:82,1
DA:83,1
DA:84,1
DA:87,1
DA:88,1
DA:89,1
DA:90,1
DA:91,1
DA:92,1
DA:93,1
DA:94,1
DA:95,1
DA:96,1
DA:97,1
DA:98,1
DA:99,1
DA:102,1
DA:103,1
DA:104,1
DA:105,1
BRF:0
BRH:0
LF:69
LH:66
end_of_record
SF:/Users/ocdbytes/Desktop/Projects🧰/btcxvm-study/bee-vm/src/utils/mod.rs
FN:2,_RNvNtCsd3gWBHE9qGG_6bee_vm5utils12print_in_box
FN:4,_RNCNvNtCsd3gWBHE9qGG_6bee_vm5utils12print_in_box0B5_
FNDA:30,_RNvNtCsd3gWBHE9qGG_6bee_vm5utils12print_in_box
FNDA:29,_RNCNvNtCsd3gWBHE9qGG_6bee_vm5utils12print_in_box0B5_
FNF:2
FNH:2
DA:2,30
DA:3,30
DA:4,30
DA:5,30
DA:6,30
DA:7,30
DA:10,59
DA:11,29
DA:12,29
DA:13,29
DA:14,29
DA:15,29
DA:16,29
DA:17,29
DA:18,29
DA:19,29
DA:20,29
DA:21,29
DA:24,30
DA:25,30
BRF:0
BRH:0
LF:21
LH:21
end_of_record